
          -------------------------------------------------------
          Amber 16 SANDER                              2016
          -------------------------------------------------------

| Run on 10/20/2023 at 15:35:09

|   Executable path: sander
| Working directory: /blue/kgraim/zfg2013/ExoSearch
|          Hostname: c0700a-s2

  [-O]verwriting output

File Assignments:
|  MDIN: /blue/kgraim/zfg2013/ExoSearch/Amber/Input/AF_AMBER/density.in        
| MDOUT: /blue/kgraim/zfg2013/ExoSearch/Amber/Input/AF_AMBER/density.out       
|INPCRD: /blue/kgraim/zfg2013/ExoSearch/Amber/Input/AF_AMBER/heat.rst          
|  PARM: /blue/kgraim/zfg2013/ExoSearch/Amber/Input/AF_AMBER/cs.prmtop         
|RESTRT: /blue/kgraim/zfg2013/ExoSearch/Amber/Input/AF_AMBER/density.rst       
|  REFC: /blue/kgraim/zfg2013/ExoSearch/Amber/Input/AF_AMBER/heat.rst          
| MDVEL: mdvel                                                                 
| MDFRC: mdfrc                                                                 
|  MDEN: mden                                                                  
| MDCRD: /blue/kgraim/zfg2013/ExoSearch/Amber/Input/AF_AMBER/density.mdcrd     
|MDINFO: mdinfo                                                                
|  MTMD: mtmd                                                                  
|INPDIP: inpdip                                                                
|RSTDIP: rstdip                                                                
|INPTRA: inptraj                                                               

 
 Here is the input file:
 
heat stage part 2                                                              
&cntrl                                                                         
  imin=0,irest=0,ntx=1,                                                        
  nstlim=25000,dt=0.002,                                                       
  ntc=2,ntf=2,                                                                 
  cut=8.0, ntb=1,                                                              
  ntpr=500, ntwx=500,                                                          
  ntt=3, gamma_ln=2.0,                                                         
  tempi=0.0, temp0=300.0, ig=-1,                                               
  ntr=1, restraintmask=':1-242',                                               
  restraint_wt=2.0,                                                            
  nmropt=1                                                                     
 /                                                                             
 &wt TYPE='TEMP0', istep1=0, istep2=25000,                                     
  value1=0.1, value2=300.0, /                                                  
 &wt TYPE='END' /                                                              

--------------------------------------------------------------------------------
   1.  RESOURCE   USE: 
--------------------------------------------------------------------------------

| Flags:                                                                        
 getting box info from netcdf restart file
| NetCDF restart box info found
|Largest sphere to fit in unit cell has radius =    32.372
| New format PARM file being parsed.
| Version =    1.000 Date = 10/20/23 Time = 14:16:26
 NATOM  =   33025 NTYPES =      16 NBONH =   31925 MBONA  =    1141
 NTHETH =    2323 MTHETA =    1561 NPHIH =    4820 MPHIA  =    4805
 NHPARM =       0 NPARM  =       0 NNB   =   52973 NRES   =   10441
 NBONA  =    1141 NTHETA =    1561 NPHIA =    4805 NUMBND =      65
 NUMANG =     148 NPTRA  =     185 NATYP =      33 NPHB   =       1
 IFBOX  =       1 NMXRS  =      24 IFCAP =       0 NEXTRA =       0
 NCOPY  =       0


|     Memory Use     Allocated
|     Real             2400284
|     Hollerith         109518
|     Integer          1231742
|     Max Pairs       11008333
|     nblistReal        396300
|     nblist Int       1735042
|       Total            76866 kbytes

| Note: 1-4 EEL scale factors are being read from the topology file.

| Note: 1-4 VDW scale factors are being read from the topology file.
| Duplicated    0 dihedrals
| Duplicated    0 dihedrals

     BOX TYPE: RECTILINEAR
Note: ig = -1. Setting random seed to   903066 based on wallclock time in microseconds.

--------------------------------------------------------------------------------
   2.  CONTROL  DATA  FOR  THE  RUN
--------------------------------------------------------------------------------

default_name                                                                    

General flags:
     imin    =       0, nmropt  =       1

Nature and format of input:
     ntx     =       1, irest   =       0, ntrx    =       1

Nature and format of output:
     ntxo    =       2, ntpr    =     500, ntrx    =       1, ntwr    =   25000
     iwrap   =       0, ntwx    =     500, ntwv    =       0, ntwe    =       0
     ioutfm  =       1, ntwprt  =       0, idecomp =       0, rbornstat=      0

Potential function:
     ntf     =       2, ntb     =       1, igb     =       0, nsnb    =      25
     ipol    =       0, gbsa    =       0, iesp    =       0
     dielc   =   1.00000, cut     =   8.00000, intdiel =   1.00000

Frozen or restrained atoms:
     ibelly  =       0, ntr     =       1
     restraint_wt =   2.00000

Molecular dynamics:
     nstlim  =     25000, nscm    =         0, nrespa  =         1
     t       =   0.00000, dt      =   0.00200, vlimit  =  20.00000

Langevin dynamics temperature regulation:
     ig      =  903066
     temp0   = 300.00000, tempi   =   0.00000, gamma_ln=   2.00000

SHAKE:
     ntc     =       2, jfastw  =       0
     tol     =   0.00001

NMR refinement options:
     iscale  =       0, noeskp  =       1, ipnlty  =       1, mxsub   =       1
     scalm   = 100.00000, pencut  =   0.10000, tausw   =   0.10000

Ewald parameters:
     verbose =       0, ew_type =       0, nbflag  =       1, use_pme =       1
     vdwmeth =       1, eedmeth =       1, netfrc  =       1
     Box X =   85.235   Box Y =   64.744   Box Z =   74.743
     Alpha =   90.000   Beta  =   90.000   Gamma =   90.000
     NFFT1 =   90       NFFT2 =   64       NFFT3 =   75
     Cutoff=    8.000   Tol   =0.100E-04
     Ewald Coefficient =  0.34864
     Interpolation order =    4
|  INFO: Old style inpcrd file read


    LOADING THE CONSTRAINED ATOMS AS GROUPS


   5.  REFERENCE ATOM COORDINATES

  defa
     Mask :1-242; matches  2428 atoms

--------------------------------------------------------------------------------
   3.  ATOMIC COORDINATES AND VELOCITIES
--------------------------------------------------------------------------------

default_name                                                                    
 begin time read from input coords =    50.000 ps



           Begin reading energy term weight changes/NMR restraints
 WEIGHT CHANGES:
 TEMP0         0  25000    0.100000  300.000000      0      0

 RESTRAINTS:
                          ** No restraint defined **

                  Done reading weight changes/NMR restraints


 Number of triangulated 3-point waters found:    10304

     Sum of charges from parm topology file =  -7.00000005
     Assuming uniform neutralizing plasma

--------------------------------------------------------------------------------
   4.  RESULTS
--------------------------------------------------------------------------------

|  # of SOLUTE  degrees of freedom (RNDFP):   67150.
|  # of SOLVENT degrees of freedom (RNDFS):       0.
|  NDFMIN =   67150.     NUM_NOSHAKE =      0     CORRECTED RNDFP =   67150.
|  TOTAL # of degrees of freedom (RNDF) =   67150.
 ---------------------------------------------------
 APPROXIMATING switch and d/dx switch using CUBIC SPLINE INTERPOLATION
 using   5000.0 points per unit in tabled values
 TESTING RELATIVE ERROR over r ranging from 0.0 to cutoff
| CHECK switch(x): max rel err =   0.2738E-14   at   2.422500
| CHECK d/dx switch(x): max rel err =   0.8314E-11   at   2.736960
 ---------------------------------------------------
| Local SIZE OF NONBOND LIST =    6150317
| TOTAL SIZE OF NONBOND LIST =    6150317

 NSTEP =        0   TIME(PS) =       0.000  TEMP(K) =     0.00  PRESS =     0.0
 Etot   =   -100448.3566  EKtot   =         0.0000  EPtot      =   -100448.3566
 BOND   =       412.0333  ANGLE   =      1041.9797  DIHED      =      1810.0858
 1-4 NB =       492.1346  1-4 EEL =      5630.9887  VDWAALS    =     13322.9692
 EELEC  =   -123158.5478  EHBOND  =         0.0000  RESTRAINT  =         0.0000
 Ewald error estimate:   0.3549E-04
 ------------------------------------------------------------------------------

 NMR restraints: Bond =    0.000   Angle =     0.000   Torsion =     0.000
===============================================================================

 NSTEP =      500   TIME(PS) =       1.000  TEMP(K) =    38.06  PRESS =     0.0
 Etot   =   -122207.0219  EKtot   =      2539.0375  EPtot      =   -124746.0594
 BOND   =        96.3123  ANGLE   =       325.8555  DIHED      =      1637.4141
 1-4 NB =       440.3432  1-4 EEL =      5631.4823  VDWAALS    =     20376.9565
 EELEC  =   -153436.2023  EHBOND  =         0.0000  RESTRAINT  =       181.7792
 EAMBER (non-restraint)  =   -124927.8386
 Ewald error estimate:   0.2139E-03
 ------------------------------------------------------------------------------

 NMR restraints: Bond =    0.000   Angle =     0.000   Torsion =     0.000
===============================================================================

 NSTEP =     1000   TIME(PS) =       2.000  TEMP(K) =    15.35  PRESS =     0.0
 Etot   =   -125960.8766  EKtot   =      1024.2389  EPtot      =   -126985.1156
 BOND   =        79.5420  ANGLE   =       299.8869  DIHED      =      1636.8165
 1-4 NB =       441.0255  1-4 EEL =      5638.5663  VDWAALS    =     21833.3875
 EELEC  =   -157083.8924  EHBOND  =         0.0000  RESTRAINT  =       169.5520
 EAMBER (non-restraint)  =   -127154.6676
 Ewald error estimate:   0.2115E-03
 ------------------------------------------------------------------------------

 NMR restraints: Bond =    0.000   Angle =     0.000   Torsion =     0.000
===============================================================================

 NSTEP =     1500   TIME(PS) =       3.000  TEMP(K) =    16.79  PRESS =     0.0
 Etot   =   -126058.3462  EKtot   =      1119.9724  EPtot      =   -127178.3186
 BOND   =        84.6734  ANGLE   =       313.4875  DIHED      =      1638.1685
 1-4 NB =       437.9038  1-4 EEL =      5630.6913  VDWAALS    =     22021.3874
 EELEC  =   -157473.0030  EHBOND  =         0.0000  RESTRAINT  =       168.3725
 EAMBER (non-restraint)  =   -127346.6911
 Ewald error estimate:   0.2663E-03
 ------------------------------------------------------------------------------

 NMR restraints: Bond =    0.000   Angle =     0.000   Torsion =     0.000
===============================================================================

 NSTEP =     2000   TIME(PS) =       4.000  TEMP(K) =    21.50  PRESS =     0.0
 Etot   =   -125557.7981  EKtot   =      1434.3383  EPtot      =   -126992.1364
 BOND   =        90.2990  ANGLE   =       328.3087  DIHED      =      1642.6856
 1-4 NB =       443.2849  1-4 EEL =      5633.2244  VDWAALS    =     22178.3411
 EELEC  =   -157480.2999  EHBOND  =         0.0000  RESTRAINT  =       172.0198
 EAMBER (non-restraint)  =   -127164.1562
 Ewald error estimate:   0.2530E-03
 ------------------------------------------------------------------------------

 NMR restraints: Bond =    0.000   Angle =     0.000   Torsion =     0.000
===============================================================================

 NSTEP =     2500   TIME(PS) =       5.000  TEMP(K) =    27.27  PRESS =     0.0
 Etot   =   -124872.5109  EKtot   =      1819.6765  EPtot      =   -126692.1874
 BOND   =        97.7416  ANGLE   =       339.5358  DIHED      =      1648.3410
 1-4 NB =       445.5879  1-4 EEL =      5629.8715  VDWAALS    =     22005.9510
 EELEC  =   -157032.3354  EHBOND  =         0.0000  RESTRAINT  =       173.1192
 EAMBER (non-restraint)  =   -126865.3066
 Ewald error estimate:   0.2622E-03
 ------------------------------------------------------------------------------

 NMR restraints: Bond =    0.000   Angle =     0.000   Torsion =     0.000
===============================================================================

 NSTEP =     3000   TIME(PS) =       6.000  TEMP(K) =    33.25  PRESS =     0.0
 Etot   =   -124142.3549  EKtot   =      2218.4073  EPtot      =   -126360.7621
 BOND   =       100.2741  ANGLE   =       354.4197  DIHED      =      1651.4984
 1-4 NB =       441.1178  1-4 EEL =      5626.2754  VDWAALS    =     22022.8437
 EELEC  =   -156743.2029  EHBOND  =         0.0000  RESTRAINT  =       186.0115
 EAMBER (non-restraint)  =   -126546.7737
 Ewald error estimate:   0.3138E-03
 ------------------------------------------------------------------------------

 NMR restraints: Bond =    0.000   Angle =     0.000   Torsion =     0.000
===============================================================================

 NSTEP =     3500   TIME(PS) =       7.000  TEMP(K) =    39.30  PRESS =     0.0
 Etot   =   -123432.9285  EKtot   =      2621.7880  EPtot      =   -126054.7165
 BOND   =       107.4692  ANGLE   =       376.4348  DIHED      =      1656.4773
 1-4 NB =       444.7359  1-4 EEL =      5621.8618  VDWAALS    =     22023.7526
 EELEC  =   -156461.8674  EHBOND  =         0.0000  RESTRAINT  =       176.4194
 EAMBER (non-restraint)  =   -126231.1359
 Ewald error estimate:   0.2594E-03
 ------------------------------------------------------------------------------

 NMR restraints: Bond =    0.000   Angle =     0.000   Torsion =     0.000
===============================================================================

 NSTEP =     4000   TIME(PS) =       8.000  TEMP(K) =    45.59  PRESS =     0.0
 Etot   =   -122666.9319  EKtot   =      3041.9486  EPtot      =   -125708.8805
 BOND   =       120.4447  ANGLE   =       388.4929  DIHED      =      1653.7041
 1-4 NB =       444.1580  1-4 EEL =      5629.7723  VDWAALS    =     21866.2668
 EELEC  =   -155998.9800  EHBOND  =         0.0000  RESTRAINT  =       187.2609
 EAMBER (non-restraint)  =   -125896.1414
 Ewald error estimate:   0.2736E-03
 ------------------------------------------------------------------------------

 NMR restraints: Bond =    0.000   Angle =     0.000   Torsion =     0.000
===============================================================================

 NSTEP =     4500   TIME(PS) =       9.000  TEMP(K) =    51.15  PRESS =     0.0
 Etot   =   -121941.0025  EKtot   =      3413.0587  EPtot      =   -125354.0612
 BOND   =       122.0886  ANGLE   =       411.4365  DIHED      =      1664.8459
 1-4 NB =       448.8393  1-4 EEL =      5629.9100  VDWAALS    =     21736.3231
 EELEC  =   -155562.9048  EHBOND  =         0.0000  RESTRAINT  =       195.4003
 EAMBER (non-restraint)  =   -125549.4615
 Ewald error estimate:   0.2536E-03
 ------------------------------------------------------------------------------

 NMR restraints: Bond =    0.000   Angle =     0.000   Torsion =     0.000
===============================================================================

 NSTEP =     5000   TIME(PS) =      10.000  TEMP(K) =    57.59  PRESS =     0.0
 Etot   =   -121174.2400  EKtot   =      3842.3560  EPtot      =   -125016.5959
 BOND   =       135.9999  ANGLE   =       406.6046  DIHED      =      1660.2469
 1-4 NB =       448.4599  1-4 EEL =      5632.6761  VDWAALS    =     21587.6571
 EELEC  =   -155085.5733  EHBOND  =         0.0000  RESTRAINT  =       197.3329
 EAMBER (non-restraint)  =   -125213.9289
 Ewald error estimate:   0.3447E-03
 ------------------------------------------------------------------------------

 NMR restraints: Bond =    0.000   Angle =     0.000   Torsion =     0.000
===============================================================================

 NSTEP =     5500   TIME(PS) =      11.000  TEMP(K) =    63.86  PRESS =     0.0
 Etot   =   -120374.2908  EKtot   =      4260.5103  EPtot      =   -124634.8011
 BOND   =       142.5685  ANGLE   =       423.7552  DIHED      =      1666.0677
 1-4 NB =       448.2406  1-4 EEL =      5617.4355  VDWAALS    =     21472.1613
 EELEC  =   -154604.1969  EHBOND  =         0.0000  RESTRAINT  =       199.1671
 EAMBER (non-restraint)  =   -124833.9682
 Ewald error estimate:   0.2680E-03
 ------------------------------------------------------------------------------

 NMR restraints: Bond =    0.000   Angle =     0.000   Torsion =     0.000
===============================================================================

 NSTEP =     6000   TIME(PS) =      12.000  TEMP(K) =    68.99  PRESS =     0.0
 Etot   =   -119717.4889  EKtot   =      4603.1242  EPtot      =   -124320.6132
 BOND   =       146.1409  ANGLE   =       456.5278  DIHED      =      1675.6371
 1-4 NB =       450.7018  1-4 EEL =      5619.9997  VDWAALS    =     21585.4377
 EELEC  =   -154452.4800  EHBOND  =         0.0000  RESTRAINT  =       197.4219
 EAMBER (non-restraint)  =   -124518.0351
 Ewald error estimate:   0.2939E-03
 ------------------------------------------------------------------------------

 NMR restraints: Bond =    0.000   Angle =     0.000   Torsion =     0.000
===============================================================================

 NSTEP =     6500   TIME(PS) =      13.000  TEMP(K) =    74.48  PRESS =     0.0
 Etot   =   -118971.7661  EKtot   =      4969.4033  EPtot      =   -123941.1694
 BOND   =       165.3821  ANGLE   =       460.4849  DIHED      =      1671.3838
 1-4 NB =       450.9070  1-4 EEL =      5639.1384  VDWAALS    =     21550.4900
 EELEC  =   -154082.0040  EHBOND  =         0.0000  RESTRAINT  =       203.0484
 EAMBER (non-restraint)  =   -124144.2178
 Ewald error estimate:   0.2782E-03
 ------------------------------------------------------------------------------

 NMR restraints: Bond =    0.000   Angle =     0.000   Torsion =     0.000
===============================================================================

 NSTEP =     7000   TIME(PS) =      14.000  TEMP(K) =    80.93  PRESS =     0.0
 Etot   =   -118238.1093  EKtot   =      5399.9068  EPtot      =   -123638.0161
 BOND   =       161.5248  ANGLE   =       480.1501  DIHED      =      1685.7884
 1-4 NB =       446.8446  1-4 EEL =      5618.6649  VDWAALS    =     21488.7816
 EELEC  =   -153722.5787  EHBOND  =         0.0000  RESTRAINT  =       202.8083
 EAMBER (non-restraint)  =   -123840.8243
 Ewald error estimate:   0.2694E-03
 ------------------------------------------------------------------------------

 NMR restraints: Bond =    0.000   Angle =     0.000   Torsion =     0.000
===============================================================================

 NSTEP =     7500   TIME(PS) =      15.000  TEMP(K) =    87.12  PRESS =     0.0
 Etot   =   -117448.0398  EKtot   =      5812.5786  EPtot      =   -123260.6183
 BOND   =       168.4106  ANGLE   =       487.7984  DIHED      =      1685.1632
 1-4 NB =       453.3561  1-4 EEL =      5612.1802  VDWAALS    =     21319.2501
 EELEC  =   -153199.5656  EHBOND  =         0.0000  RESTRAINT  =       212.7887
 EAMBER (non-restraint)  =   -123473.4070
 Ewald error estimate:   0.2910E-03
 ------------------------------------------------------------------------------

 NMR restraints: Bond =    0.000   Angle =     0.000   Torsion =     0.000
===============================================================================

 NSTEP =     8000   TIME(PS) =      16.000  TEMP(K) =    93.50  PRESS =     0.0
 Etot   =   -116690.2996  EKtot   =      6238.3946  EPtot      =   -122928.6942
 BOND   =       177.2436  ANGLE   =       505.5897  DIHED      =      1678.6384
 1-4 NB =       448.0258  1-4 EEL =      5620.6571  VDWAALS    =     21282.4430
 EELEC  =   -152868.2413  EHBOND  =         0.0000  RESTRAINT  =       226.9495
 EAMBER (non-restraint)  =   -123155.6437
 Ewald error estimate:   0.2734E-03
 ------------------------------------------------------------------------------

 NMR restraints: Bond =    0.000   Angle =     0.000   Torsion =     0.000
===============================================================================

 NSTEP =     8500   TIME(PS) =      17.000  TEMP(K) =    98.55  PRESS =     0.0
 Etot   =   -115992.4175  EKtot   =      6575.3865  EPtot      =   -122567.8039
 BOND   =       189.7124  ANGLE   =       540.0327  DIHED      =      1689.5466
 1-4 NB =       443.5588  1-4 EEL =      5603.3987  VDWAALS    =     21201.8067
 EELEC  =   -152468.6659  EHBOND  =         0.0000  RESTRAINT  =       232.8061
 EAMBER (non-restraint)  =   -122800.6100
 Ewald error estimate:   0.2377E-03
 ------------------------------------------------------------------------------

 NMR restraints: Bond =    0.000   Angle =     0.000   Torsion =     0.000
===============================================================================

 NSTEP =     9000   TIME(PS) =      18.000  TEMP(K) =   104.98  PRESS =     0.0
 Etot   =   -115280.4442  EKtot   =      7003.9648  EPtot      =   -122284.4091
 BOND   =       198.4108  ANGLE   =       539.1324  DIHED      =      1690.2624
 1-4 NB =       450.0198  1-4 EEL =      5612.7305  VDWAALS    =     21092.6256
 EELEC  =   -152106.0959  EHBOND  =         0.0000  RESTRAINT  =       238.5054
 EAMBER (non-restraint)  =   -122522.9145
 Ewald error estimate:   0.1902E-03
 ------------------------------------------------------------------------------

 NMR restraints: Bond =    0.000   Angle =     0.000   Torsion =     0.000
===============================================================================

 NSTEP =     9500   TIME(PS) =      19.000  TEMP(K) =   110.10  PRESS =     0.0
 Etot   =   -114490.6329  EKtot   =      7345.5565  EPtot      =   -121836.1894
 BOND   =       214.3933  ANGLE   =       572.7851  DIHED      =      1697.3606
 1-4 NB =       448.1544  1-4 EEL =      5587.5901  VDWAALS    =     20981.9682
 EELEC  =   -151573.9339  EHBOND  =         0.0000  RESTRAINT  =       235.4928
 EAMBER (non-restraint)  =   -122071.6822
 Ewald error estimate:   0.3193E-03
 ------------------------------------------------------------------------------

 NMR restraints: Bond =    0.000   Angle =     0.000   Torsion =     0.000
===============================================================================

 NSTEP =    10000   TIME(PS) =      20.000  TEMP(K) =   118.49  PRESS =     0.0
 Etot   =   -113462.8492  EKtot   =      7905.3576  EPtot      =   -121368.2068
 BOND   =       213.4198  ANGLE   =       569.6619  DIHED      =      1689.6329
 1-4 NB =       460.6173  1-4 EEL =      5629.1865  VDWAALS    =     20936.0665
 EELEC  =   -151120.3446  EHBOND  =         0.0000  RESTRAINT  =       253.5530
 EAMBER (non-restraint)  =   -121621.7599
 Ewald error estimate:   0.3101E-03
 ------------------------------------------------------------------------------

 NMR restraints: Bond =    0.000   Angle =     0.000   Torsion =     0.000
===============================================================================

 NSTEP =    10500   TIME(PS) =      21.000  TEMP(K) =   122.64  PRESS =     0.0
 Etot   =   -112914.6220  EKtot   =      8182.2623  EPtot      =   -121096.8843
 BOND   =       211.7294  ANGLE   =       572.0847  DIHED      =      1700.4479
 1-4 NB =       464.5065  1-4 EEL =      5633.0227  VDWAALS    =     20939.5040
 EELEC  =   -150858.8353  EHBOND  =         0.0000  RESTRAINT  =       240.6557
 EAMBER (non-restraint)  =   -121337.5400
 Ewald error estimate:   0.2252E-03
 ------------------------------------------------------------------------------

 NMR restraints: Bond =    0.000   Angle =     0.000   Torsion =     0.000
===============================================================================

 NSTEP =    11000   TIME(PS) =      22.000  TEMP(K) =   126.91  PRESS =     0.0
 Etot   =   -112138.9093  EKtot   =      8467.3624  EPtot      =   -120606.2717
 BOND   =       219.7863  ANGLE   =       611.3500  DIHED      =      1696.0354
 1-4 NB =       467.6265  1-4 EEL =      5630.1238  VDWAALS    =     20626.9410
 EELEC  =   -150114.7147  EHBOND  =         0.0000  RESTRAINT  =       256.5800
 EAMBER (non-restraint)  =   -120862.8517
 Ewald error estimate:   0.2821E-03
 ------------------------------------------------------------------------------

 NMR restraints: Bond =    0.000   Angle =     0.000   Torsion =     0.000
===============================================================================

 NSTEP =    11500   TIME(PS) =      23.000  TEMP(K) =   134.90  PRESS =     0.0
 Etot   =   -111253.7556  EKtot   =      9000.1892  EPtot      =   -120253.9449
 BOND   =       215.8686  ANGLE   =       634.4924  DIHED      =      1711.1425
 1-4 NB =       461.7886  1-4 EEL =      5588.4061  VDWAALS    =     20695.9541
 EELEC  =   -149816.0310  EHBOND  =         0.0000  RESTRAINT  =       254.4338
 EAMBER (non-restraint)  =   -120508.3787
 Ewald error estimate:   0.3368E-03
 ------------------------------------------------------------------------------

 NMR restraints: Bond =    0.000   Angle =     0.000   Torsion =     0.000
===============================================================================

 NSTEP =    12000   TIME(PS) =      24.000  TEMP(K) =   141.32  PRESS =     0.0
 Etot   =   -110415.6544  EKtot   =      9429.0822  EPtot      =   -119844.7366
 BOND   =       242.0010  ANGLE   =       616.8447  DIHED      =      1725.6352
 1-4 NB =       462.4719  1-4 EEL =      5611.6616  VDWAALS    =     20570.1631
 EELEC  =   -149334.8435  EHBOND  =         0.0000  RESTRAINT  =       261.3294
 EAMBER (non-restraint)  =   -120106.0660
 Ewald error estimate:   0.2513E-03
 ------------------------------------------------------------------------------

 NMR restraints: Bond =    0.000   Angle =     0.000   Torsion =     0.000
===============================================================================

 NSTEP =    12500   TIME(PS) =      25.000  TEMP(K) =   144.84  PRESS =     0.0
 Etot   =   -109746.6940  EKtot   =      9663.5223  EPtot      =   -119410.2163
 BOND   =       238.4264  ANGLE   =       656.7890  DIHED      =      1706.7699
 1-4 NB =       465.6949  1-4 EEL =      5645.7001  VDWAALS    =     20247.9903
 EELEC  =   -148639.1803  EHBOND  =         0.0000  RESTRAINT  =       267.5935
 EAMBER (non-restraint)  =   -119677.8097
 Ewald error estimate:   0.2252E-03
 ------------------------------------------------------------------------------

 NMR restraints: Bond =    0.000   Angle =     0.000   Torsion =     0.000
===============================================================================

 NSTEP =    13000   TIME(PS) =      26.000  TEMP(K) =   153.54  PRESS =     0.0
 Etot   =   -108790.2958  EKtot   =     10244.4899  EPtot      =   -119034.7857
 BOND   =       238.7286  ANGLE   =       673.8842  DIHED      =      1704.3738
 1-4 NB =       465.0599  1-4 EEL =      5591.2735  VDWAALS    =     20284.8635
 EELEC  =   -148273.6098  EHBOND  =         0.0000  RESTRAINT  =       280.6406
 EAMBER (non-restraint)  =   -119315.4262
 Ewald error estimate:   0.2839E-03
 ------------------------------------------------------------------------------

 NMR restraints: Bond =    0.000   Angle =     0.000   Torsion =     0.000
===============================================================================

 NSTEP =    13500   TIME(PS) =      27.000  TEMP(K) =   158.03  PRESS =     0.0
 Etot   =   -107903.0110  EKtot   =     10543.9677  EPtot      =   -118446.9787
 BOND   =       261.5646  ANGLE   =       697.7300  DIHED      =      1725.6372
 1-4 NB =       456.4033  1-4 EEL =      5605.1957  VDWAALS    =     19883.0204
 EELEC  =   -147345.9025  EHBOND  =         0.0000  RESTRAINT  =       269.3727
 EAMBER (non-restraint)  =   -118716.3513
 Ewald error estimate:   0.2513E-03
 ------------------------------------------------------------------------------

 NMR restraints: Bond =    0.000   Angle =     0.000   Torsion =     0.000
===============================================================================

 NSTEP =    14000   TIME(PS) =      28.000  TEMP(K) =   165.62  PRESS =     0.0
 Etot   =   -106944.8736  EKtot   =     11050.2076  EPtot      =   -117995.0812
 BOND   =       264.0290  ANGLE   =       702.5055  DIHED      =      1717.9239
 1-4 NB =       464.1908  1-4 EEL =      5606.0935  VDWAALS    =     19934.2747
 EELEC  =   -146950.6679  EHBOND  =         0.0000  RESTRAINT  =       266.5694
 EAMBER (non-restraint)  =   -118261.6506
 Ewald error estimate:   0.1347E-03
 ------------------------------------------------------------------------------

 NMR restraints: Bond =    0.000   Angle =     0.000   Torsion =     0.000
===============================================================================

 NSTEP =    14500   TIME(PS) =      29.000  TEMP(K) =   170.87  PRESS =     0.0
 Etot   =   -106089.8679  EKtot   =     11400.3906  EPtot      =   -117490.2585
 BOND   =       279.2997  ANGLE   =       726.7837  DIHED      =      1730.5916
 1-4 NB =       458.5190  1-4 EEL =      5590.8645  VDWAALS    =     19855.8212
 EELEC  =   -146415.0821  EHBOND  =         0.0000  RESTRAINT  =       282.9439
 EAMBER (non-restraint)  =   -117773.2024
 Ewald error estimate:   0.1720E-03
 ------------------------------------------------------------------------------

 NMR restraints: Bond =    0.000   Angle =     0.000   Torsion =     0.000
===============================================================================

 NSTEP =    15000   TIME(PS) =      30.000  TEMP(K) =   175.66  PRESS =     0.0
 Etot   =   -105332.7918  EKtot   =     11719.9317  EPtot      =   -117052.7235
 BOND   =       269.2710  ANGLE   =       717.6338  DIHED      =      1729.8575
 1-4 NB =       460.9943  1-4 EEL =      5616.6926  VDWAALS    =     19612.2220
 EELEC  =   -145751.6835  EHBOND  =         0.0000  RESTRAINT  =       292.2888
 EAMBER (non-restraint)  =   -117345.0123
 Ewald error estimate:   0.2847E-03
 ------------------------------------------------------------------------------

 NMR restraints: Bond =    0.000   Angle =     0.000   Torsion =     0.000
===============================================================================

 NSTEP =    15500   TIME(PS) =      31.000  TEMP(K) =   183.14  PRESS =     0.0
 Etot   =   -104197.1390  EKtot   =     12218.9700  EPtot      =   -116416.1090
 BOND   =       278.1113  ANGLE   =       739.4176  DIHED      =      1749.0316
 1-4 NB =       468.0397  1-4 EEL =      5620.8892  VDWAALS    =     19408.5492
 EELEC  =   -144968.7115  EHBOND  =         0.0000  RESTRAINT  =       288.5638
 EAMBER (non-restraint)  =   -116704.6729
 Ewald error estimate:   0.2243E-03
 ------------------------------------------------------------------------------

 NMR restraints: Bond =    0.000   Angle =     0.000   Torsion =     0.000
===============================================================================

 NSTEP =    16000   TIME(PS) =      32.000  TEMP(K) =   188.95  PRESS =     0.0
 Etot   =   -103225.9912  EKtot   =     12606.5788  EPtot      =   -115832.5700
 BOND   =       300.8327  ANGLE   =       734.2892  DIHED      =      1731.0551
 1-4 NB =       465.5572  1-4 EEL =      5659.4363  VDWAALS    =     19296.4285
 EELEC  =   -144317.6565  EHBOND  =         0.0000  RESTRAINT  =       297.4876
 EAMBER (non-restraint)  =   -116130.0576
 Ewald error estimate:   0.1549E-03
 ------------------------------------------------------------------------------

 NMR restraints: Bond =    0.000   Angle =     0.000   Torsion =     0.000
===============================================================================

 NSTEP =    16500   TIME(PS) =      33.000  TEMP(K) =   196.56  PRESS =     0.0
 Etot   =   -102077.0036  EKtot   =     13114.4844  EPtot      =   -115191.4881
 BOND   =       296.8459  ANGLE   =       763.7573  DIHED      =      1749.7931
 1-4 NB =       478.8797  1-4 EEL =      5619.5939  VDWAALS    =     18870.5452
 EELEC  =   -143253.5700  EHBOND  =         0.0000  RESTRAINT  =       282.6669
 EAMBER (non-restraint)  =   -115474.1550
 Ewald error estimate:   0.8702E-04
 ------------------------------------------------------------------------------

 NMR restraints: Bond =    0.000   Angle =     0.000   Torsion =     0.000
===============================================================================

 NSTEP =    17000   TIME(PS) =      34.000  TEMP(K) =   201.25  PRESS =     0.0
 Etot   =   -101099.8018  EKtot   =     13427.4465  EPtot      =   -114527.2483
 BOND   =       324.5711  ANGLE   =       770.7249  DIHED      =      1747.3429
 1-4 NB =       470.7869  1-4 EEL =      5606.9713  VDWAALS    =     18823.2232
 EELEC  =   -142578.2509  EHBOND  =         0.0000  RESTRAINT  =       307.3822
 EAMBER (non-restraint)  =   -114834.6305
 Ewald error estimate:   0.1593E-03
 ------------------------------------------------------------------------------

 NMR restraints: Bond =    0.000   Angle =     0.000   Torsion =     0.000
===============================================================================

 NSTEP =    17500   TIME(PS) =      35.000  TEMP(K) =   207.39  PRESS =     0.0
 Etot   =   -100394.1763  EKtot   =     13837.0759  EPtot      =   -114231.2522
 BOND   =       290.0128  ANGLE   =       768.9708  DIHED      =      1750.6137
 1-4 NB =       479.0334  1-4 EEL =      5645.6677  VDWAALS    =     18532.2717
 EELEC  =   -142011.0564  EHBOND  =         0.0000  RESTRAINT  =       313.2341
 EAMBER (non-restraint)  =   -114544.4863
 Ewald error estimate:   0.1510E-03
 ------------------------------------------------------------------------------

 NMR restraints: Bond =    0.000   Angle =     0.000   Torsion =     0.000
===============================================================================

 NSTEP =    18000   TIME(PS) =      36.000  TEMP(K) =   211.23  PRESS =     0.0
 Etot   =    -99265.4746  EKtot   =     14092.9571  EPtot      =   -113358.4316
 BOND   =       307.3136  ANGLE   =       790.4715  DIHED      =      1763.0749
 1-4 NB =       481.0469  1-4 EEL =      5646.5018  VDWAALS    =     18155.3742
 EELEC  =   -140812.4794  EHBOND  =         0.0000  RESTRAINT  =       310.2649
 EAMBER (non-restraint)  =   -113668.6966
 Ewald error estimate:   0.6013E-04
 ------------------------------------------------------------------------------

 NMR restraints: Bond =    0.000   Angle =     0.000   Torsion =     0.000
===============================================================================

 NSTEP =    18500   TIME(PS) =      37.000  TEMP(K) =   217.62  PRESS =     0.0
 Etot   =    -98031.5838  EKtot   =     14519.2733  EPtot      =   -112550.8572
 BOND   =       344.3586  ANGLE   =       768.9229  DIHED      =      1768.4019
 1-4 NB =       468.3081  1-4 EEL =      5621.3072  VDWAALS    =     17615.4268
 EELEC  =   -139470.5220  EHBOND  =         0.0000  RESTRAINT  =       332.9394
 EAMBER (non-restraint)  =   -112883.7965
 Ewald error estimate:   0.8801E-04
 ------------------------------------------------------------------------------

 NMR restraints: Bond =    0.000   Angle =     0.000   Torsion =     0.000
===============================================================================

 NSTEP =    19000   TIME(PS) =      38.000  TEMP(K) =   224.88  PRESS =     0.0
 Etot   =    -96803.0207  EKtot   =     15004.1670  EPtot      =   -111807.1877
 BOND   =       327.5226  ANGLE   =       854.1612  DIHED      =      1747.1544
 1-4 NB =       473.0047  1-4 EEL =      5626.0561  VDWAALS    =     17654.1163
 EELEC  =   -138818.3139  EHBOND  =         0.0000  RESTRAINT  =       329.1108
 EAMBER (non-restraint)  =   -112136.2986
 Ewald error estimate:   0.9516E-04
 ------------------------------------------------------------------------------

 NMR restraints: Bond =    0.000   Angle =     0.000   Torsion =     0.000
===============================================================================

 NSTEP =    19500   TIME(PS) =      39.000  TEMP(K) =   228.16  PRESS =     0.0
 Etot   =    -95517.4978  EKtot   =     15222.9668  EPtot      =   -110740.4646
 BOND   =       327.3779  ANGLE   =       868.4875  DIHED      =      1762.8902
 1-4 NB =       481.4485  1-4 EEL =      5624.0368  VDWAALS    =     17000.7086
 EELEC  =   -137122.8740  EHBOND  =         0.0000  RESTRAINT  =       317.4599
 EAMBER (non-restraint)  =   -111057.9245
 Ewald error estimate:   0.1540E-03
 ------------------------------------------------------------------------------

 NMR restraints: Bond =    0.000   Angle =     0.000   Torsion =     0.000
===============================================================================

 NSTEP =    20000   TIME(PS) =      40.000  TEMP(K) =   235.78  PRESS =     0.0
 Etot   =    -94132.0965  EKtot   =     15731.4376  EPtot      =   -109863.5341
 BOND   =       344.8739  ANGLE   =       874.9352  DIHED      =      1761.8859
 1-4 NB =       478.3881  1-4 EEL =      5604.7008  VDWAALS    =     16782.5351
 EELEC  =   -136055.5732  EHBOND  =         0.0000  RESTRAINT  =       344.7202
 EAMBER (non-restraint)  =   -110208.2543
 Ewald error estimate:   0.9055E-05
 ------------------------------------------------------------------------------

 NMR restraints: Bond =    0.000   Angle =     0.000   Torsion =     0.000
===============================================================================

 NSTEP =    20500   TIME(PS) =      41.000  TEMP(K) =   241.80  PRESS =     0.0
 Etot   =    -92700.4931  EKtot   =     16133.0730  EPtot      =   -108833.5661
 BOND   =       358.1909  ANGLE   =       902.7403  DIHED      =      1768.4557
 1-4 NB =       470.6353  1-4 EEL =      5610.3882  VDWAALS    =     16352.5923
 EELEC  =   -134641.4956  EHBOND  =         0.0000  RESTRAINT  =       344.9267
 EAMBER (non-restraint)  =   -109178.4928
 Ewald error estimate:   0.1415E-04
 ------------------------------------------------------------------------------

 NMR restraints: Bond =    0.000   Angle =     0.000   Torsion =     0.000
===============================================================================

 NSTEP =    21000   TIME(PS) =      42.000  TEMP(K) =   244.48  PRESS =     0.0
 Etot   =    -91623.4630  EKtot   =     16311.6995  EPtot      =   -107935.1625
 BOND   =       366.7174  ANGLE   =       895.4503  DIHED      =      1800.5146
 1-4 NB =       473.7472  1-4 EEL =      5602.1479  VDWAALS    =     16229.9497
 EELEC  =   -133653.2921  EHBOND  =         0.0000  RESTRAINT  =       349.6026
 EAMBER (non-restraint)  =   -108284.7652
 Ewald error estimate:   0.1479E-04
 ------------------------------------------------------------------------------

 NMR restraints: Bond =    0.000   Angle =     0.000   Torsion =     0.000
===============================================================================

 NSTEP =    21500   TIME(PS) =      43.000  TEMP(K) =   252.97  PRESS =     0.0
 Etot   =    -90084.5959  EKtot   =     16878.0139  EPtot      =   -106962.6098
 BOND   =       387.0761  ANGLE   =       915.8858  DIHED      =      1775.6249
 1-4 NB =       483.9500  1-4 EEL =      5658.8447  VDWAALS    =     15945.0642
 EELEC  =   -132479.4507  EHBOND  =         0.0000  RESTRAINT  =       350.3952
 EAMBER (non-restraint)  =   -107313.0050
 Ewald error estimate:   0.2642E-05
 ------------------------------------------------------------------------------

 NMR restraints: Bond =    0.000   Angle =     0.000   Torsion =     0.000
===============================================================================

 NSTEP =    22000   TIME(PS) =      44.000  TEMP(K) =   257.60  PRESS =     0.0
 Etot   =    -88845.5173  EKtot   =     17187.0793  EPtot      =   -106032.5966
 BOND   =       390.2345  ANGLE   =       921.9425  DIHED      =      1792.5299
 1-4 NB =       483.9722  1-4 EEL =      5613.4691  VDWAALS    =     15452.2454
 EELEC  =   -131041.9671  EHBOND  =         0.0000  RESTRAINT  =       354.9770
 EAMBER (non-restraint)  =   -106387.5736
 Ewald error estimate:   0.6017E-04
 ------------------------------------------------------------------------------

 NMR restraints: Bond =    0.000   Angle =     0.000   Torsion =     0.000
===============================================================================

 NSTEP =    22500   TIME(PS) =      45.000  TEMP(K) =   263.76  PRESS =     0.0
 Etot   =    -87685.4771  EKtot   =     17598.3309  EPtot      =   -105283.8080
 BOND   =       365.9587  ANGLE   =       967.7057  DIHED      =      1782.3271
 1-4 NB =       489.6064  1-4 EEL =      5637.2792  VDWAALS    =     15080.9174
 EELEC  =   -129962.9278  EHBOND  =         0.0000  RESTRAINT  =       355.3252
 EAMBER (non-restraint)  =   -105639.1332
 Ewald error estimate:   0.1194E-03
 ------------------------------------------------------------------------------

 NMR restraints: Bond =    0.000   Angle =     0.000   Torsion =     0.000
===============================================================================

 NSTEP =    23000   TIME(PS) =      46.000  TEMP(K) =   272.27  PRESS =     0.0
 Etot   =    -86115.6637  EKtot   =     18165.6980  EPtot      =   -104281.3617
 BOND   =       408.1035  ANGLE   =       932.8364  DIHED      =      1784.5459
 1-4 NB =       489.3064  1-4 EEL =      5640.4079  VDWAALS    =     14643.6175
 EELEC  =   -128555.8633  EHBOND  =         0.0000  RESTRAINT  =       375.6840
 EAMBER (non-restraint)  =   -104657.0457
 Ewald error estimate:   0.4846E-04
 ------------------------------------------------------------------------------

 NMR restraints: Bond =    0.000   Angle =     0.000   Torsion =     0.000
===============================================================================

 NSTEP =    23500   TIME(PS) =      47.000  TEMP(K) =   275.78  PRESS =     0.0
 Etot   =    -84881.7721  EKtot   =     18399.8931  EPtot      =   -103281.6652
 BOND   =       428.8301  ANGLE   =       971.7323  DIHED      =      1800.4372
 1-4 NB =       485.1172  1-4 EEL =      5583.0079  VDWAALS    =     14394.0388
 EELEC  =   -127320.6540  EHBOND  =         0.0000  RESTRAINT  =       375.8252
 EAMBER (non-restraint)  =   -103657.4905
 Ewald error estimate:   0.7639E-04
 ------------------------------------------------------------------------------

 NMR restraints: Bond =    0.000   Angle =     0.000   Torsion =     0.000
===============================================================================

 NSTEP =    24000   TIME(PS) =      48.000  TEMP(K) =   285.22  PRESS =     0.0
 Etot   =    -83239.4473  EKtot   =     19029.9582  EPtot      =   -102269.4054
 BOND   =       409.9822  ANGLE   =       982.7381  DIHED      =      1806.8790
 1-4 NB =       487.4524  1-4 EEL =      5647.4227  VDWAALS    =     14207.6274
 EELEC  =   -126201.6497  EHBOND  =         0.0000  RESTRAINT  =       390.1425
 EAMBER (non-restraint)  =   -102659.5480
 Ewald error estimate:   0.6778E-04
 ------------------------------------------------------------------------------

 NMR restraints: Bond =    0.000   Angle =     0.000   Torsion =     0.000
===============================================================================

 NSTEP =    24500   TIME(PS) =      49.000  TEMP(K) =   288.97  PRESS =     0.0
 Etot   =    -82172.2290  EKtot   =     19280.2880  EPtot      =   -101452.5169
 BOND   =       406.5559  ANGLE   =      1030.6197  DIHED      =      1805.2222
 1-4 NB =       494.5976  1-4 EEL =      5622.3076  VDWAALS    =     13808.5202
 EELEC  =   -125018.9419  EHBOND  =         0.0000  RESTRAINT  =       398.6018
 EAMBER (non-restraint)  =   -101851.1188
 Ewald error estimate:   0.4277E-06
 ------------------------------------------------------------------------------

 NMR restraints: Bond =    0.000   Angle =     0.000   Torsion =     0.000
===============================================================================

 NSTEP =    25000   TIME(PS) =      50.000  TEMP(K) =   295.01  PRESS =     0.0
 Etot   =    -80916.8442  EKtot   =     19682.9080  EPtot      =   -100599.7521
 BOND   =       431.7781  ANGLE   =      1034.6675  DIHED      =      1799.4214
 1-4 NB =       477.0352  1-4 EEL =      5605.2142  VDWAALS    =     13513.2974
 EELEC  =   -123866.1056  EHBOND  =         0.0000  RESTRAINT  =       404.9396
 EAMBER (non-restraint)  =   -101004.6917
 Ewald error estimate:   0.8137E-05
 ------------------------------------------------------------------------------

 NMR restraints: Bond =    0.000   Angle =     0.000   Torsion =     0.000
===============================================================================

      A V E R A G E S   O V E R   25000 S T E P S


 NSTEP =    25000   TIME(PS) =      50.000  TEMP(K) =   148.48  PRESS =     0.0
 Etot   =   -107522.1120  EKtot   =      9906.8242  EPtot      =   -117428.9362
 BOND   =       241.0402  ANGLE   =       649.5079  DIHED      =      1717.3391
 1-4 NB =       462.1305  1-4 EEL =      5623.9795  VDWAALS    =     19301.1259
 EELEC  =   -145691.9764  EHBOND  =         0.0000  RESTRAINT  =       267.9172
 EAMBER (non-restraint)  =   -117696.8533
 Ewald error estimate:   0.1836E-03
 ------------------------------------------------------------------------------

 NMR restraints: Bond =    0.000   Angle =     0.000   Torsion =     0.000
===============================================================================

      R M S  F L U C T U A T I O N S


 NSTEP =    25000   TIME(PS) =      50.000  TEMP(K) =    83.22  PRESS =     0.0
 Etot   =     13073.7933  EKtot   =      5552.2644  EPtot      =      7607.6345
 BOND   =        99.6936  ANGLE   =       216.8025  DIHED      =        51.5775
 1-4 NB =        15.0908  1-4 EEL =        15.6115  VDWAALS    =      2575.8344
 EELEC  =      9724.0292  EHBOND  =         0.0000  RESTRAINT  =        68.0898
 EAMBER (non-restraint)  =      7539.5446
 Ewald error estimate:   0.9925E-04
 ------------------------------------------------------------------------------


 NMR restraints on final step:


--------------------------------------------------------------------------------
   5.  TIMINGS
--------------------------------------------------------------------------------

|                Build the list           284.81 (99.24% of List )
|                Other                      2.19 ( 0.76% of List )
|             List time                287.01 ( 5.96% of Nonbo)
|                   Short_ene time          3702.08 (99.20% of Direc)
|                   Other                     29.94 ( 0.80% of Direc)
|                Direct Ewald time       3732.02 (82.44% of Ewald)
|                Adjust Ewald time         39.99 ( 0.88% of Ewald)
|                   Fill Bspline coeffs       32.52 ( 4.35% of Recip)
|                   Fill charge grid         100.81 (13.49% of Recip)
|                   Scalar sum                95.00 (12.71% of Recip)
|                   Grad sum                 228.63 (30.59% of Recip)
|                   FFT time                 290.39 (38.85% of Recip)
|                   Other                      0.07 ( 0.01% of Recip)
|                Recip Ewald time         747.43 (16.51% of Ewald)
|                Force Adjust               1.41 ( 0.03% of Ewald)
|                Virial junk                2.10 ( 0.05% of Ewald)
|                Other                      3.90 ( 0.09% of Ewald)
|             Ewald time              4526.92 (94.04% of Nonbo)
|          Nonbond force           4813.95 (99.52% of Force)
|          Bond/Angle/Dihedral       22.26 ( 0.46% of Force)
|          Other                      1.06 ( 0.02% of Force)
|       Force time              4837.27 (96.64% of Runmd)
|       Shake time                28.63 ( 0.57% of Runmd)
|       Verlet update time       137.70 ( 2.75% of Runmd)
|       Other                      1.89 ( 0.04% of Runmd)
|    Runmd Time              5005.49 (100.0% of Total)
| Total time              5005.73 (100.0% of ALL  )

| Number of list builds   :       1585

| Highest rstack allocated:    1808591
| Highest istack allocated:      33025

| Final Performance Info:
| -----------------------------------------------------
| Average timings for all steps:
|     Elapsed(s) =    5005.49 Per Step(ms) =     200.22
|         ns/day =       0.86   seconds/ns =  100109.86
| -----------------------------------------------------

|           Job began  at 15:35:09.696  on 10/20/2023
|           Setup done at 15:35:09.933  on 10/20/2023
|           Run   done at 16:58:35.426  on 10/20/2023
|     wallclock() was called 1103271 times
