
          -------------------------------------------------------
          Amber 16 SANDER                              2016
          -------------------------------------------------------

| Run on 10/20/2023 at 14:18:06

|   Executable path: sander
| Working directory: /blue/kgraim/zfg2013/ExoSearch
|          Hostname: c0700a-s2

  [-O]verwriting output

File Assignments:
|  MDIN: /blue/kgraim/zfg2013/ExoSearch/Amber/Input/AF_AMBER/heat.in           
| MDOUT: /blue/kgraim/zfg2013/ExoSearch/Amber/Input/AF_AMBER/heat.out          
|INPCRD: /blue/kgraim/zfg2013/ExoSearch/Amber/Input/AF_AMBER/min.rst           
|  PARM: /blue/kgraim/zfg2013/ExoSearch/Amber/Input/AF_AMBER/cs.prmtop         
|RESTRT: /blue/kgraim/zfg2013/ExoSearch/Amber/Input/AF_AMBER/heat.rst          
|  REFC: /blue/kgraim/zfg2013/ExoSearch/Amber/Input/AF_AMBER/min.rst           
| MDVEL: mdvel                                                                 
| MDFRC: mdfrc                                                                 
|  MDEN: mden                                                                  
| MDCRD: /blue/kgraim/zfg2013/ExoSearch/Amber/Input/AF_AMBER/heat.mdcrd        
|MDINFO: mdinfo                                                                
|  MTMD: mtmd                                                                  
|INPDIP: inpdip                                                                
|RSTDIP: rstdip                                                                
|INPTRA: inptraj                                                               

 
 Here is the input file:
 
heat the protein complex                                                       
&cntrl                                                                         
  imin=0,irest=0,ntx=1,                                                        
  nstlim=25000,dt=0.002,                                                       
  ntc=2,ntf=2,                                                                 
  cut=8.0, ntb=1,                                                              
  ntpr=500, ntwx=500,                                                          
  ntt=3, gamma_ln=2.0,                                                         
  tempi=0.0, temp0=300.0, ig=-1,                                               
  ntr=1, restraintmask=':1-242',                                               
  restraint_wt=2.0,                                                            
  nmropt=1                                                                     
 /                                                                             
 &wt TYPE='TEMP0', istep1=0, istep2=25000,                                     
  value1=0.1, value2=300.0, /                                                  
 &wt TYPE='END' /                                                              

--------------------------------------------------------------------------------
   1.  RESOURCE   USE: 
--------------------------------------------------------------------------------

| Flags:                                                                        
 getting box info from netcdf restart file
| NetCDF restart box info found
|Largest sphere to fit in unit cell has radius =    32.372
| New format PARM file being parsed.
| Version =    1.000 Date = 10/20/23 Time = 14:16:26
 NATOM  =   33025 NTYPES =      16 NBONH =   31925 MBONA  =    1141
 NTHETH =    2323 MTHETA =    1561 NPHIH =    4820 MPHIA  =    4805
 NHPARM =       0 NPARM  =       0 NNB   =   52973 NRES   =   10441
 NBONA  =    1141 NTHETA =    1561 NPHIA =    4805 NUMBND =      65
 NUMANG =     148 NPTRA  =     185 NATYP =      33 NPHB   =       1
 IFBOX  =       1 NMXRS  =      24 IFCAP =       0 NEXTRA =       0
 NCOPY  =       0


|     Memory Use     Allocated
|     Real             2400284
|     Hollerith         109518
|     Integer          1231742
|     Max Pairs       11008333
|     nblistReal        396300
|     nblist Int       1735042
|       Total            76866 kbytes

| Note: 1-4 EEL scale factors are being read from the topology file.

| Note: 1-4 VDW scale factors are being read from the topology file.
| Duplicated    0 dihedrals
| Duplicated    0 dihedrals

     BOX TYPE: RECTILINEAR
Note: ig = -1. Setting random seed to   397067 based on wallclock time in microseconds.

--------------------------------------------------------------------------------
   2.  CONTROL  DATA  FOR  THE  RUN
--------------------------------------------------------------------------------

default_name                                                                    

General flags:
     imin    =       0, nmropt  =       1

Nature and format of input:
     ntx     =       1, irest   =       0, ntrx    =       1

Nature and format of output:
     ntxo    =       2, ntpr    =     500, ntrx    =       1, ntwr    =   25000
     iwrap   =       0, ntwx    =     500, ntwv    =       0, ntwe    =       0
     ioutfm  =       1, ntwprt  =       0, idecomp =       0, rbornstat=      0

Potential function:
     ntf     =       2, ntb     =       1, igb     =       0, nsnb    =      25
     ipol    =       0, gbsa    =       0, iesp    =       0
     dielc   =   1.00000, cut     =   8.00000, intdiel =   1.00000

Frozen or restrained atoms:
     ibelly  =       0, ntr     =       1
     restraint_wt =   2.00000

Molecular dynamics:
     nstlim  =     25000, nscm    =         0, nrespa  =         1
     t       =   0.00000, dt      =   0.00200, vlimit  =  20.00000

Langevin dynamics temperature regulation:
     ig      =  397067
     temp0   = 300.00000, tempi   =   0.00000, gamma_ln=   2.00000

SHAKE:
     ntc     =       2, jfastw  =       0
     tol     =   0.00001

NMR refinement options:
     iscale  =       0, noeskp  =       1, ipnlty  =       1, mxsub   =       1
     scalm   = 100.00000, pencut  =   0.10000, tausw   =   0.10000

Ewald parameters:
     verbose =       0, ew_type =       0, nbflag  =       1, use_pme =       1
     vdwmeth =       1, eedmeth =       1, netfrc  =       1
     Box X =   85.235   Box Y =   64.744   Box Z =   74.743
     Alpha =   90.000   Beta  =   90.000   Gamma =   90.000
     NFFT1 =   90       NFFT2 =   64       NFFT3 =   75
     Cutoff=    8.000   Tol   =0.100E-04
     Ewald Coefficient =  0.34864
     Interpolation order =    4
|  INFO: Old style inpcrd file read


    LOADING THE CONSTRAINED ATOMS AS GROUPS


   5.  REFERENCE ATOM COORDINATES

  defa
     Mask :1-242; matches  2428 atoms

--------------------------------------------------------------------------------
   3.  ATOMIC COORDINATES AND VELOCITIES
--------------------------------------------------------------------------------

default_name                                                                    
 begin time read from input coords =     0.000 ps



           Begin reading energy term weight changes/NMR restraints
 WEIGHT CHANGES:
 TEMP0         0  25000    0.100000  300.000000      0      0

 RESTRAINTS:
                          ** No restraint defined **

                  Done reading weight changes/NMR restraints


 Number of triangulated 3-point waters found:    10304

     Sum of charges from parm topology file =  -7.00000005
     Assuming uniform neutralizing plasma

--------------------------------------------------------------------------------
   4.  RESULTS
--------------------------------------------------------------------------------

|  # of SOLUTE  degrees of freedom (RNDFP):   67150.
|  # of SOLVENT degrees of freedom (RNDFS):       0.
|  NDFMIN =   67150.     NUM_NOSHAKE =      0     CORRECTED RNDFP =   67150.
|  TOTAL # of degrees of freedom (RNDF) =   67150.
 ---------------------------------------------------
 APPROXIMATING switch and d/dx switch using CUBIC SPLINE INTERPOLATION
 using   5000.0 points per unit in tabled values
 TESTING RELATIVE ERROR over r ranging from 0.0 to cutoff
| CHECK switch(x): max rel err =   0.2738E-14   at   2.422500
| CHECK d/dx switch(x): max rel err =   0.8314E-11   at   2.736960
 ---------------------------------------------------
| Local SIZE OF NONBOND LIST =    5689894
| TOTAL SIZE OF NONBOND LIST =    5689894

 NSTEP =        0   TIME(PS) =       0.000  TEMP(K) =     0.00  PRESS =     0.0
 Etot   =    -94431.4397  EKtot   =         0.0000  EPtot      =    -94431.4397
 BOND   =       102.5832  ANGLE   =       320.8953  DIHED      =      1672.7735
 1-4 NB =       482.0766  1-4 EEL =      5739.1053  VDWAALS    =      5529.2550
 EELEC  =   -108278.1285  EHBOND  =         0.0000  RESTRAINT  =         0.0000
 Ewald error estimate:   0.5647E-03
 ------------------------------------------------------------------------------

 NMR restraints: Bond =    0.000   Angle =     0.000   Torsion =     0.000
===============================================================================

 NSTEP =      500   TIME(PS) =       1.000  TEMP(K) =    46.48  PRESS =     0.0
 Etot   =   -117649.0321  EKtot   =      3101.3983  EPtot      =   -120750.4305
 BOND   =        77.8791  ANGLE   =       288.3002  DIHED      =      1649.9110
 1-4 NB =       447.1329  1-4 EEL =      5662.6750  VDWAALS    =     20963.4897
 EELEC  =   -150100.9810  EHBOND  =         0.0000  RESTRAINT  =       261.1627
 EAMBER (non-restraint)  =   -121011.5931
 Ewald error estimate:   0.2287E-03
 ------------------------------------------------------------------------------

 NMR restraints: Bond =    0.000   Angle =     0.000   Torsion =     0.000
===============================================================================

 NSTEP =     1000   TIME(PS) =       2.000  TEMP(K) =    18.60  PRESS =     0.0
 Etot   =   -122792.5801  EKtot   =      1240.8679  EPtot      =   -124033.4480
 BOND   =        77.3116  ANGLE   =       297.8264  DIHED      =      1645.2265
 1-4 NB =       447.0201  1-4 EEL =      5675.5180  VDWAALS    =     23068.9327
 EELEC  =   -155494.3395  EHBOND  =         0.0000  RESTRAINT  =       249.0562
 EAMBER (non-restraint)  =   -124282.5041
 Ewald error estimate:   0.3335E-03
 ------------------------------------------------------------------------------

 NMR restraints: Bond =    0.000   Angle =     0.000   Torsion =     0.000
===============================================================================

 NSTEP =     1500   TIME(PS) =       3.000  TEMP(K) =    17.40  PRESS =     0.0
 Etot   =   -123356.2468  EKtot   =      1161.0422  EPtot      =   -124517.2889
 BOND   =        85.2058  ANGLE   =       303.9421  DIHED      =      1646.3987
 1-4 NB =       447.1772  1-4 EEL =      5655.0167  VDWAALS    =     23630.8155
 EELEC  =   -156529.4765  EHBOND  =         0.0000  RESTRAINT  =       243.6316
 EAMBER (non-restraint)  =   -124760.9206
 Ewald error estimate:   0.3896E-03
 ------------------------------------------------------------------------------

 NMR restraints: Bond =    0.000   Angle =     0.000   Torsion =     0.000
===============================================================================

 NSTEP =     2000   TIME(PS) =       4.000  TEMP(K) =    21.96  PRESS =     0.0
 Etot   =   -122938.7067  EKtot   =      1465.2528  EPtot      =   -124403.9596
 BOND   =        94.8747  ANGLE   =       319.4422  DIHED      =      1646.2161
 1-4 NB =       449.0928  1-4 EEL =      5653.7023  VDWAALS    =     23567.1471
 EELEC  =   -156378.8944  EHBOND  =         0.0000  RESTRAINT  =       244.4598
 EAMBER (non-restraint)  =   -124648.4193
 Ewald error estimate:   0.3091E-03
 ------------------------------------------------------------------------------

 NMR restraints: Bond =    0.000   Angle =     0.000   Torsion =     0.000
===============================================================================

 NSTEP =     2500   TIME(PS) =       5.000  TEMP(K) =    27.80  PRESS =     0.0
 Etot   =   -122320.8296  EKtot   =      1854.8164  EPtot      =   -124175.6460
 BOND   =        97.2765  ANGLE   =       329.4856  DIHED      =      1650.0036
 1-4 NB =       454.9276  1-4 EEL =      5668.5369  VDWAALS    =     23360.5316
 EELEC  =   -155982.8474  EHBOND  =         0.0000  RESTRAINT  =       246.4398
 EAMBER (non-restraint)  =   -124422.0858
 Ewald error estimate:   0.3824E-03
 ------------------------------------------------------------------------------

 NMR restraints: Bond =    0.000   Angle =     0.000   Torsion =     0.000
===============================================================================

 NSTEP =     3000   TIME(PS) =       6.000  TEMP(K) =    33.30  PRESS =     0.0
 Etot   =   -121665.7282  EKtot   =      2221.4882  EPtot      =   -123887.2164
 BOND   =       106.2701  ANGLE   =       350.1920  DIHED      =      1658.7649
 1-4 NB =       453.4323  1-4 EEL =      5668.9288  VDWAALS    =     23174.2974
 EELEC  =   -155542.4334  EHBOND  =         0.0000  RESTRAINT  =       243.3315
 EAMBER (non-restraint)  =   -124130.5479
 Ewald error estimate:   0.3055E-03
 ------------------------------------------------------------------------------

 NMR restraints: Bond =    0.000   Angle =     0.000   Torsion =     0.000
===============================================================================

 NSTEP =     3500   TIME(PS) =       7.000  TEMP(K) =    38.99  PRESS =     0.0
 Etot   =   -120991.0742  EKtot   =      2601.6958  EPtot      =   -123592.7700
 BOND   =       117.2810  ANGLE   =       373.5099  DIHED      =      1660.8240
 1-4 NB =       447.4908  1-4 EEL =      5663.3986  VDWAALS    =     23130.1493
 EELEC  =   -155240.2340  EHBOND  =         0.0000  RESTRAINT  =       254.8104
 EAMBER (non-restraint)  =   -123847.5804
 Ewald error estimate:   0.2164E-03
 ------------------------------------------------------------------------------

 NMR restraints: Bond =    0.000   Angle =     0.000   Torsion =     0.000
===============================================================================

 NSTEP =     4000   TIME(PS) =       8.000  TEMP(K) =    45.33  PRESS =     0.0
 Etot   =   -120294.0438  EKtot   =      3024.6550  EPtot      =   -123318.6988
 BOND   =       114.7419  ANGLE   =       380.9325  DIHED      =      1666.1897
 1-4 NB =       458.1958  1-4 EEL =      5669.2547  VDWAALS    =     22795.4918
 EELEC  =   -154660.7548  EHBOND  =         0.0000  RESTRAINT  =       257.2495
 EAMBER (non-restraint)  =   -123575.9483
 Ewald error estimate:   0.3340E-03
 ------------------------------------------------------------------------------

 NMR restraints: Bond =    0.000   Angle =     0.000   Torsion =     0.000
===============================================================================

 NSTEP =     4500   TIME(PS) =       9.000  TEMP(K) =    51.40  PRESS =     0.0
 Etot   =   -119557.0411  EKtot   =      3429.1917  EPtot      =   -122986.2328
 BOND   =       121.8780  ANGLE   =       402.4758  DIHED      =      1659.4899
 1-4 NB =       460.7918  1-4 EEL =      5672.1195  VDWAALS    =     22735.2421
 EELEC  =   -154295.0744  EHBOND  =         0.0000  RESTRAINT  =       256.8445
 EAMBER (non-restraint)  =   -123243.0773
 Ewald error estimate:   0.3239E-03
 ------------------------------------------------------------------------------

 NMR restraints: Bond =    0.000   Angle =     0.000   Torsion =     0.000
===============================================================================

 NSTEP =     5000   TIME(PS) =      10.000  TEMP(K) =    56.99  PRESS =     0.0
 Etot   =   -118873.1684  EKtot   =      3802.5463  EPtot      =   -122675.7146
 BOND   =       130.8532  ANGLE   =       409.6273  DIHED      =      1679.3495
 1-4 NB =       457.4509  1-4 EEL =      5659.4829  VDWAALS    =     22568.4558
 EELEC  =   -153849.7571  EHBOND  =         0.0000  RESTRAINT  =       268.8228
 EAMBER (non-restraint)  =   -122944.5374
 Ewald error estimate:   0.3027E-03
 ------------------------------------------------------------------------------

 NMR restraints: Bond =    0.000   Angle =     0.000   Torsion =     0.000
===============================================================================

 NSTEP =     5500   TIME(PS) =      11.000  TEMP(K) =    63.00  PRESS =     0.0
 Etot   =   -118202.1147  EKtot   =      4203.4516  EPtot      =   -122405.5663
 BOND   =       141.5196  ANGLE   =       431.2253  DIHED      =      1676.2835
 1-4 NB =       451.1943  1-4 EEL =      5660.8189  VDWAALS    =     22475.5849
 EELEC  =   -153510.7835  EHBOND  =         0.0000  RESTRAINT  =       268.5906
 EAMBER (non-restraint)  =   -122674.1569
 Ewald error estimate:   0.3652E-03
 ------------------------------------------------------------------------------

 NMR restraints: Bond =    0.000   Angle =     0.000   Torsion =     0.000
===============================================================================

 NSTEP =     6000   TIME(PS) =      12.000  TEMP(K) =    69.25  PRESS =     0.0
 Etot   =   -117458.9049  EKtot   =      4620.5464  EPtot      =   -122079.4513
 BOND   =       148.0861  ANGLE   =       445.4214  DIHED      =      1684.3453
 1-4 NB =       461.1395  1-4 EEL =      5657.2289  VDWAALS    =     22383.8265
 EELEC  =   -153136.7649  EHBOND  =         0.0000  RESTRAINT  =       277.2659
 EAMBER (non-restraint)  =   -122356.7172
 Ewald error estimate:   0.3074E-03
 ------------------------------------------------------------------------------

 NMR restraints: Bond =    0.000   Angle =     0.000   Torsion =     0.000
===============================================================================

 NSTEP =     6500   TIME(PS) =      13.000  TEMP(K) =    75.48  PRESS =     0.0
 Etot   =   -116704.5951  EKtot   =      5035.7283  EPtot      =   -121740.3233
 BOND   =       152.4351  ANGLE   =       461.4263  DIHED      =      1682.3171
 1-4 NB =       453.5409  1-4 EEL =      5665.4375  VDWAALS    =     22276.2103
 EELEC  =   -152712.8249  EHBOND  =         0.0000  RESTRAINT  =       281.1343
 EAMBER (non-restraint)  =   -122021.4576
 Ewald error estimate:   0.2819E-03
 ------------------------------------------------------------------------------

 NMR restraints: Bond =    0.000   Angle =     0.000   Torsion =     0.000
===============================================================================

 NSTEP =     7000   TIME(PS) =      14.000  TEMP(K) =    80.41  PRESS =     0.0
 Etot   =   -115977.1244  EKtot   =      5364.8694  EPtot      =   -121341.9938
 BOND   =       156.4959  ANGLE   =       478.9966  DIHED      =      1690.4971
 1-4 NB =       466.8359  1-4 EEL =      5672.1535  VDWAALS    =     22072.1737
 EELEC  =   -152152.6773  EHBOND  =         0.0000  RESTRAINT  =       273.5307
 EAMBER (non-restraint)  =   -121615.5245
 Ewald error estimate:   0.3752E-03
 ------------------------------------------------------------------------------

 NMR restraints: Bond =    0.000   Angle =     0.000   Torsion =     0.000
===============================================================================

 NSTEP =     7500   TIME(PS) =      15.000  TEMP(K) =    87.91  PRESS =     0.0
 Etot   =   -115202.9225  EKtot   =      5865.5749  EPtot      =   -121068.4974
 BOND   =       168.6148  ANGLE   =       487.3826  DIHED      =      1691.4978
 1-4 NB =       460.9432  1-4 EEL =      5658.1368  VDWAALS    =     21825.8040
 EELEC  =   -151643.2883  EHBOND  =         0.0000  RESTRAINT  =       282.4118
 EAMBER (non-restraint)  =   -121350.9091
 Ewald error estimate:   0.3675E-03
 ------------------------------------------------------------------------------

 NMR restraints: Bond =    0.000   Angle =     0.000   Torsion =     0.000
===============================================================================

 NSTEP =     8000   TIME(PS) =      16.000  TEMP(K) =    93.78  PRESS =     0.0
 Etot   =   -114407.7685  EKtot   =      6256.8466  EPtot      =   -120664.6151
 BOND   =       186.6625  ANGLE   =       513.8341  DIHED      =      1707.9485
 1-4 NB =       457.4746  1-4 EEL =      5636.3091  VDWAALS    =     21739.5845
 EELEC  =   -151189.6454  EHBOND  =         0.0000  RESTRAINT  =       283.2170
 EAMBER (non-restraint)  =   -120947.8321
 Ewald error estimate:   0.3218E-03
 ------------------------------------------------------------------------------

 NMR restraints: Bond =    0.000   Angle =     0.000   Torsion =     0.000
===============================================================================

 NSTEP =     8500   TIME(PS) =      17.000  TEMP(K) =    99.60  PRESS =     0.0
 Etot   =   -113633.7525  EKtot   =      6644.9867  EPtot      =   -120278.7392
 BOND   =       178.0727  ANGLE   =       524.2751  DIHED      =      1702.1169
 1-4 NB =       465.2490  1-4 EEL =      5661.5843  VDWAALS    =     21414.5761
 EELEC  =   -150516.4649  EHBOND  =         0.0000  RESTRAINT  =       291.8518
 EAMBER (non-restraint)  =   -120570.5910
 Ewald error estimate:   0.2749E-03
 ------------------------------------------------------------------------------

 NMR restraints: Bond =    0.000   Angle =     0.000   Torsion =     0.000
===============================================================================

 NSTEP =     9000   TIME(PS) =      18.000  TEMP(K) =   105.86  PRESS =     0.0
 Etot   =   -113003.7730  EKtot   =      7062.6874  EPtot      =   -120066.4603
 BOND   =       177.4250  ANGLE   =       534.0061  DIHED      =      1697.9006
 1-4 NB =       465.4899  1-4 EEL =      5672.3165  VDWAALS    =     21363.1713
 EELEC  =   -150262.8938  EHBOND  =         0.0000  RESTRAINT  =       286.1241
 EAMBER (non-restraint)  =   -120352.5844
 Ewald error estimate:   0.2670E-03
 ------------------------------------------------------------------------------

 NMR restraints: Bond =    0.000   Angle =     0.000   Torsion =     0.000
===============================================================================

 NSTEP =     9500   TIME(PS) =      19.000  TEMP(K) =   111.61  PRESS =     0.0
 Etot   =   -112268.0740  EKtot   =      7446.8984  EPtot      =   -119714.9724
 BOND   =       191.3096  ANGLE   =       552.0971  DIHED      =      1705.6066
 1-4 NB =       466.7894  1-4 EEL =      5659.1510  VDWAALS    =     21249.8133
 EELEC  =   -149829.9196  EHBOND  =         0.0000  RESTRAINT  =       290.1803
 EAMBER (non-restraint)  =   -120005.1527
 Ewald error estimate:   0.2581E-03
 ------------------------------------------------------------------------------

 NMR restraints: Bond =    0.000   Angle =     0.000   Torsion =     0.000
===============================================================================

 NSTEP =    10000   TIME(PS) =      20.000  TEMP(K) =   118.18  PRESS =     0.0
 Etot   =   -111397.8162  EKtot   =      7885.1364  EPtot      =   -119282.9527
 BOND   =       197.4965  ANGLE   =       550.4845  DIHED      =      1709.0956
 1-4 NB =       465.8161  1-4 EEL =      5665.7873  VDWAALS    =     21017.4738
 EELEC  =   -149199.8143  EHBOND  =         0.0000  RESTRAINT  =       310.7078
 EAMBER (non-restraint)  =   -119593.6605
 Ewald error estimate:   0.3371E-03
 ------------------------------------------------------------------------------

 NMR restraints: Bond =    0.000   Angle =     0.000   Torsion =     0.000
===============================================================================

 NSTEP =    10500   TIME(PS) =      21.000  TEMP(K) =   123.80  PRESS =     0.0
 Etot   =   -110639.0794  EKtot   =      8259.7917  EPtot      =   -118898.8711
 BOND   =       196.0202  ANGLE   =       567.2717  DIHED      =      1712.7023
 1-4 NB =       478.1337  1-4 EEL =      5659.6625  VDWAALS    =     20588.1975
 EELEC  =   -148390.6920  EHBOND  =         0.0000  RESTRAINT  =       289.8329
 EAMBER (non-restraint)  =   -119188.7040
 Ewald error estimate:   0.2262E-03
 ------------------------------------------------------------------------------

 NMR restraints: Bond =    0.000   Angle =     0.000   Torsion =     0.000
===============================================================================

 NSTEP =    11000   TIME(PS) =      22.000  TEMP(K) =   128.90  PRESS =     0.0
 Etot   =   -110020.1417  EKtot   =      8600.4662  EPtot      =   -118620.6079
 BOND   =       220.1212  ANGLE   =       585.1859  DIHED      =      1728.3295
 1-4 NB =       469.7473  1-4 EEL =      5672.6032  VDWAALS    =     20667.3402
 EELEC  =   -148270.0807  EHBOND  =         0.0000  RESTRAINT  =       306.1455
 EAMBER (non-restraint)  =   -118926.7534
 Ewald error estimate:   0.2032E-03
 ------------------------------------------------------------------------------

 NMR restraints: Bond =    0.000   Angle =     0.000   Torsion =     0.000
===============================================================================

 NSTEP =    11500   TIME(PS) =      23.000  TEMP(K) =   135.38  PRESS =     0.0
 Etot   =   -109226.2005  EKtot   =      9032.5297  EPtot      =   -118258.7303
 BOND   =       217.9920  ANGLE   =       609.6942  DIHED      =      1725.4460
 1-4 NB =       471.7529  1-4 EEL =      5646.0208  VDWAALS    =     20333.1205
 EELEC  =   -147585.8900  EHBOND  =         0.0000  RESTRAINT  =       323.1333
 EAMBER (non-restraint)  =   -118581.8635
 Ewald error estimate:   0.2193E-03
 ------------------------------------------------------------------------------

 NMR restraints: Bond =    0.000   Angle =     0.000   Torsion =     0.000
===============================================================================

 NSTEP =    12000   TIME(PS) =      24.000  TEMP(K) =   141.43  PRESS =     0.0
 Etot   =   -108412.2313  EKtot   =      9436.1151  EPtot      =   -117848.3464
 BOND   =       218.3230  ANGLE   =       614.8162  DIHED      =      1720.8945
 1-4 NB =       464.2353  1-4 EEL =      5657.0152  VDWAALS    =     20354.6802
 EELEC  =   -147190.1729  EHBOND  =         0.0000  RESTRAINT  =       311.8621
 EAMBER (non-restraint)  =   -118160.2085
 Ewald error estimate:   0.2311E-03
 ------------------------------------------------------------------------------

 NMR restraints: Bond =    0.000   Angle =     0.000   Torsion =     0.000
===============================================================================

 NSTEP =    12500   TIME(PS) =      25.000  TEMP(K) =   148.22  PRESS =     0.0
 Etot   =   -107564.1956  EKtot   =      9889.4700  EPtot      =   -117453.6656
 BOND   =       217.1763  ANGLE   =       643.0434  DIHED      =      1729.7990
 1-4 NB =       473.7065  1-4 EEL =      5664.7615  VDWAALS    =     20012.3915
 EELEC  =   -146510.3627  EHBOND  =         0.0000  RESTRAINT  =       315.8189
 EAMBER (non-restraint)  =   -117769.4845
 Ewald error estimate:   0.2509E-03
 ------------------------------------------------------------------------------

 NMR restraints: Bond =    0.000   Angle =     0.000   Torsion =     0.000
===============================================================================

 NSTEP =    13000   TIME(PS) =      26.000  TEMP(K) =   153.88  PRESS =     0.0
 Etot   =   -106878.8834  EKtot   =     10266.8510  EPtot      =   -117145.7344
 BOND   =       226.4831  ANGLE   =       664.5812  DIHED      =      1745.5385
 1-4 NB =       465.5212  1-4 EEL =      5646.7547  VDWAALS    =     19863.4648
 EELEC  =   -146079.5627  EHBOND  =         0.0000  RESTRAINT  =       321.4847
 EAMBER (non-restraint)  =   -117467.2192
 Ewald error estimate:   0.2327E-03
 ------------------------------------------------------------------------------

 NMR restraints: Bond =    0.000   Angle =     0.000   Torsion =     0.000
===============================================================================

 NSTEP =    13500   TIME(PS) =      27.000  TEMP(K) =   157.76  PRESS =     0.0
 Etot   =   -106155.6493  EKtot   =     10526.0218  EPtot      =   -116681.6711
 BOND   =       272.1179  ANGLE   =       654.2927  DIHED      =      1746.8037
 1-4 NB =       473.6333  1-4 EEL =      5655.0964  VDWAALS    =     19664.6173
 EELEC  =   -145463.4939  EHBOND  =         0.0000  RESTRAINT  =       315.2616
 EAMBER (non-restraint)  =   -116996.9327
 Ewald error estimate:   0.2602E-03
 ------------------------------------------------------------------------------

 NMR restraints: Bond =    0.000   Angle =     0.000   Torsion =     0.000
===============================================================================

 NSTEP =    14000   TIME(PS) =      28.000  TEMP(K) =   165.52  PRESS =     0.0
 Etot   =   -105252.6740  EKtot   =     11043.2180  EPtot      =   -116295.8920
 BOND   =       259.1099  ANGLE   =       690.6635  DIHED      =      1747.2221
 1-4 NB =       464.6803  1-4 EEL =      5630.8674  VDWAALS    =     19628.7852
 EELEC  =   -145045.8562  EHBOND  =         0.0000  RESTRAINT  =       328.6359
 EAMBER (non-restraint)  =   -116624.5279
 Ewald error estimate:   0.1761E-03
 ------------------------------------------------------------------------------

 NMR restraints: Bond =    0.000   Angle =     0.000   Torsion =     0.000
===============================================================================

 NSTEP =    14500   TIME(PS) =      29.000  TEMP(K) =   171.77  PRESS =     0.0
 Etot   =   -104332.8157  EKtot   =     11460.3164  EPtot      =   -115793.1322
 BOND   =       267.8550  ANGLE   =       715.1329  DIHED      =      1741.2873
 1-4 NB =       465.4200  1-4 EEL =      5651.5434  VDWAALS    =     19416.2116
 EELEC  =   -144371.4933  EHBOND  =         0.0000  RESTRAINT  =       320.9108
 EAMBER (non-restraint)  =   -116114.0429
 Ewald error estimate:   0.1888E-03
 ------------------------------------------------------------------------------

 NMR restraints: Bond =    0.000   Angle =     0.000   Torsion =     0.000
===============================================================================

 NSTEP =    15000   TIME(PS) =      30.000  TEMP(K) =   174.40  PRESS =     0.0
 Etot   =   -103597.9548  EKtot   =     11636.0707  EPtot      =   -115234.0256
 BOND   =       267.2140  ANGLE   =       733.3715  DIHED      =      1748.1584
 1-4 NB =       481.7040  1-4 EEL =      5649.2206  VDWAALS    =     19216.0842
 EELEC  =   -143662.7320  EHBOND  =         0.0000  RESTRAINT  =       332.9538
 EAMBER (non-restraint)  =   -115566.9793
 Ewald error estimate:   0.2236E-03
 ------------------------------------------------------------------------------

 NMR restraints: Bond =    0.000   Angle =     0.000   Torsion =     0.000
===============================================================================

 NSTEP =    15500   TIME(PS) =      31.000  TEMP(K) =   180.84  PRESS =     0.0
 Etot   =   -102661.3291  EKtot   =     12065.4229  EPtot      =   -114726.7519
 BOND   =       280.4551  ANGLE   =       734.9076  DIHED      =      1745.4017
 1-4 NB =       486.0053  1-4 EEL =      5652.9262  VDWAALS    =     18884.8425
 EELEC  =   -142855.0652  EHBOND  =         0.0000  RESTRAINT  =       343.7750
 EAMBER (non-restraint)  =   -115070.5270
 Ewald error estimate:   0.1752E-03
 ------------------------------------------------------------------------------

 NMR restraints: Bond =    0.000   Angle =     0.000   Torsion =     0.000
===============================================================================

 NSTEP =    16000   TIME(PS) =      32.000  TEMP(K) =   189.02  PRESS =     0.0
 Etot   =   -101493.0825  EKtot   =     12611.5737  EPtot      =   -114104.6562
 BOND   =       289.0233  ANGLE   =       753.5860  DIHED      =      1753.0761
 1-4 NB =       489.1136  1-4 EEL =      5672.3577  VDWAALS    =     18585.6482
 EELEC  =   -141984.7244  EHBOND  =         0.0000  RESTRAINT  =       337.2632
 EAMBER (non-restraint)  =   -114441.9194
 Ewald error estimate:   0.7795E-04
 ------------------------------------------------------------------------------

 NMR restraints: Bond =    0.000   Angle =     0.000   Torsion =     0.000
===============================================================================

 NSTEP =    16500   TIME(PS) =      33.000  TEMP(K) =   195.56  PRESS =     0.0
 Etot   =   -100457.7821  EKtot   =     13047.9354  EPtot      =   -113505.7176
 BOND   =       309.8549  ANGLE   =       790.6677  DIHED      =      1773.8089
 1-4 NB =       470.6841  1-4 EEL =      5653.8242  VDWAALS    =     18385.7646
 EELEC  =   -141241.7410  EHBOND  =         0.0000  RESTRAINT  =       351.4190
 EAMBER (non-restraint)  =   -113857.1365
 Ewald error estimate:   0.5002E-04
 ------------------------------------------------------------------------------

 NMR restraints: Bond =    0.000   Angle =     0.000   Torsion =     0.000
===============================================================================

 NSTEP =    17000   TIME(PS) =      34.000  TEMP(K) =   201.86  PRESS =     0.0
 Etot   =    -99443.3038  EKtot   =     13467.9409  EPtot      =   -112911.2448
 BOND   =       307.0460  ANGLE   =       788.4598  DIHED      =      1756.8512
 1-4 NB =       469.3789  1-4 EEL =      5647.0016  VDWAALS    =     18079.7175
 EELEC  =   -140316.6629  EHBOND  =         0.0000  RESTRAINT  =       356.9632
 EAMBER (non-restraint)  =   -113268.2079
 Ewald error estimate:   0.1532E-03
 ------------------------------------------------------------------------------

 NMR restraints: Bond =    0.000   Angle =     0.000   Torsion =     0.000
===============================================================================

 NSTEP =    17500   TIME(PS) =      35.000  TEMP(K) =   206.25  PRESS =     0.0
 Etot   =    -98653.4039  EKtot   =     13761.0382  EPtot      =   -112414.4421
 BOND   =       316.3435  ANGLE   =       790.4315  DIHED      =      1779.7475
 1-4 NB =       478.0686  1-4 EEL =      5664.6271  VDWAALS    =     17942.7260
 EELEC  =   -139757.3948  EHBOND  =         0.0000  RESTRAINT  =       371.0084
 EAMBER (non-restraint)  =   -112785.4505
 Ewald error estimate:   0.1428E-03
 ------------------------------------------------------------------------------

 NMR restraints: Bond =    0.000   Angle =     0.000   Torsion =     0.000
===============================================================================

 NSTEP =    18000   TIME(PS) =      36.000  TEMP(K) =   211.45  PRESS =     0.0
 Etot   =    -97680.9479  EKtot   =     14108.2060  EPtot      =   -111789.1539
 BOND   =       328.4406  ANGLE   =       804.8608  DIHED      =      1782.2027
 1-4 NB =       480.9934  1-4 EEL =      5635.8057  VDWAALS    =     17627.1516
 EELEC  =   -138795.3910  EHBOND  =         0.0000  RESTRAINT  =       346.7822
 EAMBER (non-restraint)  =   -112135.9362
 Ewald error estimate:   0.9104E-04
 ------------------------------------------------------------------------------

 NMR restraints: Bond =    0.000   Angle =     0.000   Torsion =     0.000
===============================================================================

 NSTEP =    18500   TIME(PS) =      37.000  TEMP(K) =   218.04  PRESS =     0.0
 Etot   =    -96538.2398  EKtot   =     14547.6679  EPtot      =   -111085.9077
 BOND   =       318.8240  ANGLE   =       822.8516  DIHED      =      1786.4261
 1-4 NB =       492.4351  1-4 EEL =      5654.4940  VDWAALS    =     17466.4548
 EELEC  =   -138000.7793  EHBOND  =         0.0000  RESTRAINT  =       373.3861
 EAMBER (non-restraint)  =   -111459.2938
 Ewald error estimate:   0.1266E-04
 ------------------------------------------------------------------------------

 NMR restraints: Bond =    0.000   Angle =     0.000   Torsion =     0.000
===============================================================================

 NSTEP =    19000   TIME(PS) =      38.000  TEMP(K) =   221.89  PRESS =     0.0
 Etot   =    -95543.2742  EKtot   =     14804.3161  EPtot      =   -110347.5902
 BOND   =       337.4129  ANGLE   =       818.3256  DIHED      =      1781.9868
 1-4 NB =       481.5334  1-4 EEL =      5641.3984  VDWAALS    =     17223.7685
 EELEC  =   -137003.9190  EHBOND  =         0.0000  RESTRAINT  =       371.9030
 EAMBER (non-restraint)  =   -110719.4933
 Ewald error estimate:   0.1064E-04
 ------------------------------------------------------------------------------

 NMR restraints: Bond =    0.000   Angle =     0.000   Torsion =     0.000
===============================================================================

 NSTEP =    19500   TIME(PS) =      39.000  TEMP(K) =   230.43  PRESS =     0.0
 Etot   =    -94192.4927  EKtot   =     15374.1627  EPtot      =   -109566.6554
 BOND   =       344.7757  ANGLE   =       868.8884  DIHED      =      1781.6792
 1-4 NB =       485.2965  1-4 EEL =      5640.0166  VDWAALS    =     16946.1168
 EELEC  =   -136018.1655  EHBOND  =         0.0000  RESTRAINT  =       384.7369
 EAMBER (non-restraint)  =   -109951.3923
 Ewald error estimate:   0.7219E-04
 ------------------------------------------------------------------------------

 NMR restraints: Bond =    0.000   Angle =     0.000   Torsion =     0.000
===============================================================================

 NSTEP =    20000   TIME(PS) =      40.000  TEMP(K) =   236.06  PRESS =     0.0
 Etot   =    -93101.5603  EKtot   =     15750.2178  EPtot      =   -108851.7781
 BOND   =       359.4864  ANGLE   =       884.6970  DIHED      =      1797.4667
 1-4 NB =       485.0245  1-4 EEL =      5633.0217  VDWAALS    =     16695.5086
 EELEC  =   -135073.7525  EHBOND  =         0.0000  RESTRAINT  =       366.7696
 EAMBER (non-restraint)  =   -109218.5477
 Ewald error estimate:   0.3605E-04
 ------------------------------------------------------------------------------

 NMR restraints: Bond =    0.000   Angle =     0.000   Torsion =     0.000
===============================================================================

 NSTEP =    20500   TIME(PS) =      41.000  TEMP(K) =   240.19  PRESS =     0.0
 Etot   =    -92024.4933  EKtot   =     16025.1391  EPtot      =   -108049.6324
 BOND   =       332.8725  ANGLE   =       867.2592  DIHED      =      1788.2368
 1-4 NB =       492.6310  1-4 EEL =      5627.5242  VDWAALS    =     16201.5381
 EELEC  =   -133730.5207  EHBOND  =         0.0000  RESTRAINT  =       370.8264
 EAMBER (non-restraint)  =   -108420.4588
 Ewald error estimate:   0.2009E-05
 ------------------------------------------------------------------------------

 NMR restraints: Bond =    0.000   Angle =     0.000   Torsion =     0.000
===============================================================================

 NSTEP =    21000   TIME(PS) =      42.000  TEMP(K) =   244.99  PRESS =     0.0
 Etot   =    -90610.5030  EKtot   =     16346.0507  EPtot      =   -106956.5537
 BOND   =       364.6459  ANGLE   =       924.9418  DIHED      =      1775.2684
 1-4 NB =       487.1042  1-4 EEL =      5614.4505  VDWAALS    =     15979.6166
 EELEC  =   -132473.6445  EHBOND  =         0.0000  RESTRAINT  =       371.0633
 EAMBER (non-restraint)  =   -107327.6170
 Ewald error estimate:   0.1760E-03
 ------------------------------------------------------------------------------

 NMR restraints: Bond =    0.000   Angle =     0.000   Torsion =     0.000
===============================================================================

 NSTEP =    21500   TIME(PS) =      43.000  TEMP(K) =   252.79  PRESS =     0.0
 Etot   =    -89490.4742  EKtot   =     16865.8475  EPtot      =   -106356.3217
 BOND   =       375.5590  ANGLE   =       961.0164  DIHED      =      1809.5097
 1-4 NB =       478.3935  1-4 EEL =      5636.0976  VDWAALS    =     15316.0558
 EELEC  =   -131327.7468  EHBOND  =         0.0000  RESTRAINT  =       394.7931
 EAMBER (non-restraint)  =   -106751.1148
 Ewald error estimate:   0.5944E-04
 ------------------------------------------------------------------------------

 NMR restraints: Bond =    0.000   Angle =     0.000   Torsion =     0.000
===============================================================================

 NSTEP =    22000   TIME(PS) =      44.000  TEMP(K) =   259.41  PRESS =     0.0
 Etot   =    -87806.3799  EKtot   =     17308.1105  EPtot      =   -105114.4903
 BOND   =       381.4808  ANGLE   =       932.1276  DIHED      =      1782.9616
 1-4 NB =       486.2605  1-4 EEL =      5642.7975  VDWAALS    =     15191.0986
 EELEC  =   -129914.0469  EHBOND  =         0.0000  RESTRAINT  =       382.8299
 EAMBER (non-restraint)  =   -105497.3202
 Ewald error estimate:   0.1388E-03
 ------------------------------------------------------------------------------

 NMR restraints: Bond =    0.000   Angle =     0.000   Torsion =     0.000
===============================================================================

 NSTEP =    22500   TIME(PS) =      45.000  TEMP(K) =   264.87  PRESS =     0.0
 Etot   =    -86706.6966  EKtot   =     17671.9085  EPtot      =   -104378.6051
 BOND   =       376.6450  ANGLE   =       955.9074  DIHED      =      1819.0479
 1-4 NB =       492.8681  1-4 EEL =      5660.9884  VDWAALS    =     14866.4204
 EELEC  =   -128957.7698  EHBOND  =         0.0000  RESTRAINT  =       407.2874
 EAMBER (non-restraint)  =   -104785.8925
 Ewald error estimate:   0.1326E-04
 ------------------------------------------------------------------------------

 NMR restraints: Bond =    0.000   Angle =     0.000   Torsion =     0.000
===============================================================================

 NSTEP =    23000   TIME(PS) =      46.000  TEMP(K) =   271.34  PRESS =     0.0
 Etot   =    -85371.3573  EKtot   =     18104.1234  EPtot      =   -103475.4807
 BOND   =       393.5477  ANGLE   =       964.3113  DIHED      =      1787.7674
 1-4 NB =       500.7323  1-4 EEL =      5631.7618  VDWAALS    =     14626.4816
 EELEC  =   -127771.1580  EHBOND  =         0.0000  RESTRAINT  =       391.0751
 EAMBER (non-restraint)  =   -103866.5559
 Ewald error estimate:   0.1291E-03
 ------------------------------------------------------------------------------

 NMR restraints: Bond =    0.000   Angle =     0.000   Torsion =     0.000
===============================================================================

 NSTEP =    23500   TIME(PS) =      47.000  TEMP(K) =   276.48  PRESS =     0.0
 Etot   =    -84278.6380  EKtot   =     18446.5618  EPtot      =   -102725.1999
 BOND   =       375.9722  ANGLE   =      1027.8877  DIHED      =      1792.2195
 1-4 NB =       492.2950  1-4 EEL =      5659.1378  VDWAALS    =     14305.9060
 EELEC  =   -126804.3754  EHBOND  =         0.0000  RESTRAINT  =       425.7573
 EAMBER (non-restraint)  =   -103150.9572
 Ewald error estimate:   0.5054E-04
 ------------------------------------------------------------------------------

 NMR restraints: Bond =    0.000   Angle =     0.000   Torsion =     0.000
===============================================================================

 NSTEP =    24000   TIME(PS) =      48.000  TEMP(K) =   283.83  PRESS =     0.0
 Etot   =    -82873.6539  EKtot   =     18937.3610  EPtot      =   -101811.0148
 BOND   =       392.9643  ANGLE   =       980.2287  DIHED      =      1803.3808
 1-4 NB =       501.9164  1-4 EEL =      5612.7039  VDWAALS    =     13832.0966
 EELEC  =   -125375.6211  EHBOND  =         0.0000  RESTRAINT  =       441.3155
 EAMBER (non-restraint)  =   -102252.3303
 Ewald error estimate:   0.4749E-04
 ------------------------------------------------------------------------------

 NMR restraints: Bond =    0.000   Angle =     0.000   Torsion =     0.000
===============================================================================

 NSTEP =    24500   TIME(PS) =      49.000  TEMP(K) =   289.61  PRESS =     0.0
 Etot   =    -81502.7429  EKtot   =     19322.4666  EPtot      =   -100825.2095
 BOND   =       409.8886  ANGLE   =       990.4000  DIHED      =      1820.3631
 1-4 NB =       493.9885  1-4 EEL =      5641.0177  VDWAALS    =     13861.5963
 EELEC  =   -124454.6536  EHBOND  =         0.0000  RESTRAINT  =       412.1899
 EAMBER (non-restraint)  =   -101237.3994
 Ewald error estimate:   0.1404E-04
 ------------------------------------------------------------------------------

 NMR restraints: Bond =    0.000   Angle =     0.000   Torsion =     0.000
===============================================================================

 NSTEP =    25000   TIME(PS) =      50.000  TEMP(K) =   295.21  PRESS =     0.0
 Etot   =    -80318.9202  EKtot   =     19696.5370  EPtot      =   -100015.4572
 BOND   =       398.5779  ANGLE   =      1045.8918  DIHED      =      1812.1786
 1-4 NB =       490.5594  1-4 EEL =      5632.6440  VDWAALS    =     13317.3267
 EELEC  =   -123136.4445  EHBOND  =         0.0000  RESTRAINT  =       423.8089
 EAMBER (non-restraint)  =   -100439.2660
 Ewald error estimate:   0.2191E-04
 ------------------------------------------------------------------------------

 NMR restraints: Bond =    0.000   Angle =     0.000   Torsion =     0.000
===============================================================================

      A V E R A G E S   O V E R   25000 S T E P S


 NSTEP =    25000   TIME(PS) =      50.000  TEMP(K) =   148.95  PRESS =     0.0
 Etot   =   -105629.6418  EKtot   =      9937.7749  EPtot      =   -115567.4167
 BOND   =       238.7138  ANGLE   =       642.9422  DIHED      =      1730.5277
 1-4 NB =       471.2295  1-4 EEL =      5649.1749  VDWAALS    =     19470.2516
 EELEC  =   -144091.6513  EHBOND  =         0.0000  RESTRAINT  =       321.3950
 EAMBER (non-restraint)  =   -115888.8117
 Ewald error estimate:   0.2038E-03
 ------------------------------------------------------------------------------

 NMR restraints: Bond =    0.000   Angle =     0.000   Torsion =     0.000
===============================================================================

      R M S  F L U C T U A T I O N S


 NSTEP =    25000   TIME(PS) =      50.000  TEMP(K) =    82.80  PRESS =     0.0
 Etot   =     12397.2336  EKtot   =      5524.6619  EPtot      =      6983.7109
 BOND   =       100.3634  ANGLE   =       220.2217  DIHED      =        54.6800
 1-4 NB =        15.4866  1-4 EEL =        17.4225  VDWAALS    =      2970.8851
 EELEC  =      9537.6742  EHBOND  =         0.0000  RESTRAINT  =        53.7014
 EAMBER (non-restraint)  =      6930.0094
 Ewald error estimate:   0.1187E-03
 ------------------------------------------------------------------------------


 NMR restraints on final step:


--------------------------------------------------------------------------------
   5.  TIMINGS
--------------------------------------------------------------------------------

|                Build the list           265.47 (99.19% of List )
|                Other                      2.17 ( 0.81% of List )
|             List time                267.64 ( 6.03% of Nonbo)
|                   Short_ene time          3388.39 (99.15% of Direc)
|                   Other                     28.88 ( 0.85% of Direc)
|                Direct Ewald time       3417.27 (81.92% of Ewald)
|                Adjust Ewald time         38.34 ( 0.92% of Ewald)
|                   Fill Bspline coeffs       31.19 ( 4.40% of Recip)
|                   Fill charge grid          94.86 (13.39% of Recip)
|                   Scalar sum                89.87 (12.69% of Recip)
|                   Grad sum                 216.29 (30.53% of Recip)
|                   FFT time                 276.15 (38.98% of Recip)
|                   Other                      0.07 ( 0.01% of Recip)
|                Recip Ewald time         708.43 (16.98% of Ewald)
|                Force Adjust               1.38 ( 0.03% of Ewald)
|                Virial junk                2.05 ( 0.05% of Ewald)
|                Other                      3.74 ( 0.09% of Ewald)
|             Ewald time              4171.27 (93.97% of Nonbo)
|          Nonbond force           4438.93 (99.50% of Force)
|          Bond/Angle/Dihedral       21.40 ( 0.48% of Force)
|          Other                      1.01 ( 0.02% of Force)
|       Force time              4461.35 (96.52% of Runmd)
|       Shake time                27.46 ( 0.59% of Runmd)
|       Verlet update time       131.30 ( 2.84% of Runmd)
|       Other                      1.94 ( 0.04% of Runmd)
|    Runmd Time              4622.04 (100.0% of Total)
| Total time              4622.27 (100.0% of ALL  )

| Number of list builds   :       1608

| Highest rstack allocated:    1808591
| Highest istack allocated:      33025

| Final Performance Info:
| -----------------------------------------------------
| Average timings for all steps:
|     Elapsed(s) =    4622.04 Per Step(ms) =     184.88
|         ns/day =       0.93   seconds/ns =   92440.86
| -----------------------------------------------------

|           Job began  at 14:18:06.193  on 10/20/2023
|           Setup done at 14:18:06.425  on 10/20/2023
|           Run   done at 15:35:08.467  on 10/20/2023
|     wallclock() was called 1103317 times
