Wed Jun 14 16:19:28 EDT 2023
c0904a-s35.ufhpc
/blue/kgraim/zfg2013/Input/HDOCK
   1.200000      0.2072101    
 
 The dimensions of the ENERGY Grid are:  97 193 151
 
 Start to calculate the ENERGY Grid
 
 Grid calculation is completed  10%
 Grid calculation is completed  20%
 Grid calculation is completed  30%
 Grid calculation is completed  40%
 Grid calculation is completed  50%
 Grid calculation is completed  60%
 Grid calculation is completed  70%
 Grid calculation is completed  80%
 Grid calculation is completed  90%
 Grid calculation is completed 100%
 
 The dimensions of the FFT Grid are:  72 112  96
 
 This docking has    4392 roations
 Start protein-protein docking calculations:
 
 This docking calculation will take about    115.87  seconds
 
   100      2.47    113.24
   200      4.91    110.60
   300      7.35    107.96
   400      9.79    105.32
   500     12.23    102.68
   600     14.67    100.04
   700     17.10     97.41
   800     19.54     94.77
   900     21.97     92.13
  1000     24.38     89.49
  1100     26.82     86.85
  1200     29.27     84.21
  1300     31.70     81.58
  1400     34.10     78.94
  1500     36.52     76.30
  1600     38.97     73.66
  1700     41.42     71.02
  1800     43.86     68.38
  1900     46.27     65.75
  2000     48.70     63.11
  2100     51.14     60.47
  2200     53.57     57.83
  2300     56.00     55.19
  2400     58.41     52.55
  2500     60.83     49.92
  2600     63.27     47.28
  2700     65.71     44.64
  2800     68.12     42.00
  2900     70.56     39.36
  3000     72.99     36.73
  3100     75.43     34.09
  3200     77.88     31.45
  3300     80.29     28.81
  3400     82.70     26.17
  3500     85.12     23.53
  3600     87.56     20.90
  3700     90.01     18.26
  3800     92.41     15.62
  3900     94.84     12.98
  4000     97.27     10.34
  4100     99.69      7.70
  4200    102.11      5.07
  4300    104.53      2.43
 The actual consumed time is    106.77 seconds
