Wed Jun 14 16:19:28 EDT 2023
c0904a-s11.ufhpc
/blue/kgraim/zfg2013/Input/HDOCK
   1.200000      0.1789301    
 
 The dimensions of the ENERGY Grid are:  97 193 151
 
 Start to calculate the ENERGY Grid
 
 Grid calculation is completed  10%
 Grid calculation is completed  20%
 Grid calculation is completed  30%
 Grid calculation is completed  40%
 Grid calculation is completed  50%
 Grid calculation is completed  60%
 Grid calculation is completed  70%
 Grid calculation is completed  80%
 Grid calculation is completed  90%
 Grid calculation is completed 100%
 
 The dimensions of the FFT Grid are:  60 100  84
 
 This docking has    4392 roations
 Start protein-protein docking calculations:
 
 This docking calculation will take about     94.70  seconds
 
   100      2.00     92.55
