Wed Jun 28 13:47:51 EDT 2023
c1004a-s23.ufhpc
/blue/kgraim/zfg2013/Input/HDOCK
   1.200000      0.1628352    
 
 The dimensions of the ENERGY Grid are: 131 126 134
 
 Start to calculate the ENERGY Grid
 
 Grid calculation is completed  10%
 Grid calculation is completed  20%
 Grid calculation is completed  30%
 Grid calculation is completed  40%
 Grid calculation is completed  50%
 Grid calculation is completed  60%
 Grid calculation is completed  70%
 Grid calculation is completed  80%
 Grid calculation is completed  90%
 Grid calculation is completed 100%
 
 The dimensions of the FFT Grid are:  75  72  75
 
 This docking has    4392 roations
 Start protein-protein docking calculations:
 
 This docking calculation will take about     59.79  seconds
 
   100      1.33     58.43
