
          -------------------------------------------------------
          Amber 16 SANDER                              2016
          -------------------------------------------------------

| Run on 08/25/2023 at 12:36:54

|   Executable path: sander
| Working directory: /blue/kgraim/zfg2013/Amber
|          Hostname: c1109a-s11.ufhpc

  [-O]verwriting output

File Assignments:
|  MDIN: density.in                                                            
| MDOUT: density.out                                                           
|INPCRD: heat.rst                                                              
|  PARM: complex_solvated.prmtop                                               
|RESTRT: density.rst                                                           
|  REFC: heat.rst                                                              
| MDVEL: mdvel                                                                 
| MDFRC: mdfrc                                                                 
|  MDEN: mden                                                                  
| MDCRD: density.mdcrd                                                         
|MDINFO: mdinfo                                                                
|  MTMD: mtmd                                                                  
|INPDIP: inpdip                                                                
|RSTDIP: rstdip                                                                
|INPTRA: inptraj                                                               

 
 Here is the input file:
 
heat stage part 2                                                              
&cntrl                                                                         
  imin=0,irest=0,ntx=1,                                                        
  nstlim=25000,dt=0.002,                                                       
  ntc=2,ntf=2,                                                                 
  cut=8.0,                                                                     
  ntpr=500, ntwx=500,                                                          
  ntt=3, gamma_ln=2.0,                                                         
  tempi=0.0, temp0=300.0, ig=-1,                                               
  ntr=1, restraintmask=':1-242',                                               
  restraint_wt=2.0,                                                            
  nmropt=1                                                                     
 /                                                                             
 &wt TYPE='TEMP0', istep1=0, istep2=25000,                                     
  value1=0.1, value2=300.0, /                                                  
 &wt TYPE='END' /                                                              

--------------------------------------------------------------------------------
   1.  RESOURCE   USE: 
--------------------------------------------------------------------------------

| Flags:                                                                        
 getting box info from netcdf restart file
| NetCDF restart box info found
|Largest sphere to fit in unit cell has radius =    32.372
| New format PARM file being parsed.
| Version =    1.000 Date = 08/25/23 Time = 09:22:55
 NATOM  =   33025 NTYPES =      16 NBONH =   31925 MBONA  =    1141
 NTHETH =    2323 MTHETA =    1561 NPHIH =    4820 MPHIA  =    4805
 NHPARM =       0 NPARM  =       0 NNB   =   52973 NRES   =   10441
 NBONA  =    1141 NTHETA =    1561 NPHIA =    4805 NUMBND =      65
 NUMANG =     148 NPTRA  =     185 NATYP =      33 NPHB   =       1
 IFBOX  =       1 NMXRS  =      24 IFCAP =       0 NEXTRA =       0
 NCOPY  =       0


|     Memory Use     Allocated
|     Real             2400284
|     Hollerith         109518
|     Integer          1231742
|     Max Pairs       11008333
|     nblistReal        396300
|     nblist Int       1735042
|       Total            76866 kbytes

| Note: 1-4 EEL scale factors are being read from the topology file.

| Note: 1-4 VDW scale factors are being read from the topology file.
| Duplicated    0 dihedrals
| Duplicated    0 dihedrals

     BOX TYPE: RECTILINEAR
Note: ig = -1. Setting random seed to    44689 based on wallclock time in microseconds.

--------------------------------------------------------------------------------
   2.  CONTROL  DATA  FOR  THE  RUN
--------------------------------------------------------------------------------

default_name                                                                    

General flags:
     imin    =       0, nmropt  =       1

Nature and format of input:
     ntx     =       1, irest   =       0, ntrx    =       1

Nature and format of output:
     ntxo    =       2, ntpr    =     500, ntrx    =       1, ntwr    =   25000
     iwrap   =       0, ntwx    =     500, ntwv    =       0, ntwe    =       0
     ioutfm  =       1, ntwprt  =       0, idecomp =       0, rbornstat=      0

Potential function:
     ntf     =       2, ntb     =       1, igb     =       0, nsnb    =      25
     ipol    =       0, gbsa    =       0, iesp    =       0
     dielc   =   1.00000, cut     =   8.00000, intdiel =   1.00000

Frozen or restrained atoms:
     ibelly  =       0, ntr     =       1
     restraint_wt =   2.00000

Molecular dynamics:
     nstlim  =     25000, nscm    =         0, nrespa  =         1
     t       =   0.00000, dt      =   0.00200, vlimit  =  20.00000

Langevin dynamics temperature regulation:
     ig      =   44689
     temp0   = 300.00000, tempi   =   0.00000, gamma_ln=   2.00000

SHAKE:
     ntc     =       2, jfastw  =       0
     tol     =   0.00001

NMR refinement options:
     iscale  =       0, noeskp  =       1, ipnlty  =       1, mxsub   =       1
     scalm   = 100.00000, pencut  =   0.10000, tausw   =   0.10000

Ewald parameters:
     verbose =       0, ew_type =       0, nbflag  =       1, use_pme =       1
     vdwmeth =       1, eedmeth =       1, netfrc  =       1
     Box X =   85.235   Box Y =   64.744   Box Z =   74.743
     Alpha =   90.000   Beta  =   90.000   Gamma =   90.000
     NFFT1 =   90       NFFT2 =   64       NFFT3 =   75
     Cutoff=    8.000   Tol   =0.100E-04
     Ewald Coefficient =  0.34864
     Interpolation order =    4
|  INFO: Old style inpcrd file read


    LOADING THE CONSTRAINED ATOMS AS GROUPS


   5.  REFERENCE ATOM COORDINATES

  defa
     Mask :1-242; matches  2428 atoms

--------------------------------------------------------------------------------
   3.  ATOMIC COORDINATES AND VELOCITIES
--------------------------------------------------------------------------------

default_name                                                                    
 begin time read from input coords =    50.000 ps



           Begin reading energy term weight changes/NMR restraints
 WEIGHT CHANGES:
 TEMP0         0  25000    0.100000  300.000000      0      0

 RESTRAINTS:
                          ** No restraint defined **

                  Done reading weight changes/NMR restraints


 Number of triangulated 3-point waters found:    10304

     Sum of charges from parm topology file =  -7.00000005
     Assuming uniform neutralizing plasma

--------------------------------------------------------------------------------
   4.  RESULTS
--------------------------------------------------------------------------------

|  # of SOLUTE  degrees of freedom (RNDFP):   67150.
|  # of SOLVENT degrees of freedom (RNDFS):       0.
|  NDFMIN =   67150.     NUM_NOSHAKE =      0     CORRECTED RNDFP =   67150.
|  TOTAL # of degrees of freedom (RNDF) =   67150.
 ---------------------------------------------------
 APPROXIMATING switch and d/dx switch using CUBIC SPLINE INTERPOLATION
 using   5000.0 points per unit in tabled values
 TESTING RELATIVE ERROR over r ranging from 0.0 to cutoff
| CHECK switch(x): max rel err =   0.2738E-14   at   2.422500
| CHECK d/dx switch(x): max rel err =   0.8314E-11   at   2.736960
 ---------------------------------------------------
| Local SIZE OF NONBOND LIST =    6177562
| TOTAL SIZE OF NONBOND LIST =    6177562

 NSTEP =        0   TIME(PS) =       0.000  TEMP(K) =     0.00  PRESS =     0.0
 Etot   =   -100633.8988  EKtot   =         0.0000  EPtot      =   -100633.8988
 BOND   =       408.1058  ANGLE   =      1003.7237  DIHED      =      1816.2646
 1-4 NB =       506.6941  1-4 EEL =      5658.8420  VDWAALS    =     13567.3530
 EELEC  =   -123594.8819  EHBOND  =         0.0000  RESTRAINT  =         0.0000
 Ewald error estimate:   0.9966E-05
 ------------------------------------------------------------------------------

 NMR restraints: Bond =    0.000   Angle =     0.000   Torsion =     0.000
===============================================================================

 NSTEP =      500   TIME(PS) =       1.000  TEMP(K) =    38.17  PRESS =     0.0
 Etot   =   -122299.2876  EKtot   =      2546.4627  EPtot      =   -124845.7503
 BOND   =        99.5502  ANGLE   =       338.4360  DIHED      =      1639.1642
 1-4 NB =       439.0237  1-4 EEL =      5628.0583  VDWAALS    =     20475.8678
 EELEC  =   -153623.7676  EHBOND  =         0.0000  RESTRAINT  =       157.9171
 EAMBER (non-restraint)  =   -125003.6674
 Ewald error estimate:   0.2382E-03
 ------------------------------------------------------------------------------

 NMR restraints: Bond =    0.000   Angle =     0.000   Torsion =     0.000
===============================================================================

 NSTEP =     1000   TIME(PS) =       2.000  TEMP(K) =    15.62  PRESS =     0.0
 Etot   =   -126003.5973  EKtot   =      1041.8449  EPtot      =   -127045.4422
 BOND   =        82.6916  ANGLE   =       301.8118  DIHED      =      1630.8647
 1-4 NB =       442.5968  1-4 EEL =      5632.2744  VDWAALS    =     21925.7140
 EELEC  =   -157218.1270  EHBOND  =         0.0000  RESTRAINT  =       156.7314
 EAMBER (non-restraint)  =   -127202.1736
 Ewald error estimate:   0.3271E-03
 ------------------------------------------------------------------------------

 NMR restraints: Bond =    0.000   Angle =     0.000   Torsion =     0.000
===============================================================================

 NSTEP =     1500   TIME(PS) =       3.000  TEMP(K) =    16.29  PRESS =     0.0
 Etot   =   -126073.4008  EKtot   =      1086.9834  EPtot      =   -127160.3843
 BOND   =        87.0925  ANGLE   =       315.9228  DIHED      =      1627.6633
 1-4 NB =       442.1071  1-4 EEL =      5632.9924  VDWAALS    =     22218.2796
 EELEC  =   -157646.2307  EHBOND  =         0.0000  RESTRAINT  =       161.7888
 EAMBER (non-restraint)  =   -127322.1730
 Ewald error estimate:   0.3131E-03
 ------------------------------------------------------------------------------

 NMR restraints: Bond =    0.000   Angle =     0.000   Torsion =     0.000
===============================================================================

 NSTEP =     2000   TIME(PS) =       4.000  TEMP(K) =    21.58  PRESS =     0.0
 Etot   =   -125481.9477  EKtot   =      1440.0912  EPtot      =   -126922.0389
 BOND   =        90.0203  ANGLE   =       330.0727  DIHED      =      1636.2165
 1-4 NB =       442.5555  1-4 EEL =      5634.5587  VDWAALS    =     22161.2586
 EELEC  =   -157380.5239  EHBOND  =         0.0000  RESTRAINT  =       163.8028
 EAMBER (non-restraint)  =   -127085.8417
 Ewald error estimate:   0.2953E-03
 ------------------------------------------------------------------------------

 NMR restraints: Bond =    0.000   Angle =     0.000   Torsion =     0.000
===============================================================================

 NSTEP =     2500   TIME(PS) =       5.000  TEMP(K) =    27.49  PRESS =     0.0
 Etot   =   -124785.1032  EKtot   =      1834.4056  EPtot      =   -126619.5088
 BOND   =        99.7807  ANGLE   =       345.8915  DIHED      =      1634.6002
 1-4 NB =       445.4010  1-4 EEL =      5633.2910  VDWAALS    =     21969.1847
 EELEC  =   -156911.5822  EHBOND  =         0.0000  RESTRAINT  =       163.9242
 EAMBER (non-restraint)  =   -126783.4330
 Ewald error estimate:   0.3054E-03
 ------------------------------------------------------------------------------

 NMR restraints: Bond =    0.000   Angle =     0.000   Torsion =     0.000
===============================================================================

 NSTEP =     3000   TIME(PS) =       6.000  TEMP(K) =    33.57  PRESS =     0.0
 Etot   =   -124057.1886  EKtot   =      2239.9544  EPtot      =   -126297.1431
 BOND   =       102.6300  ANGLE   =       357.4373  DIHED      =      1640.6115
 1-4 NB =       449.6242  1-4 EEL =      5635.0462  VDWAALS    =     22076.9003
 EELEC  =   -156730.4592  EHBOND  =         0.0000  RESTRAINT  =       171.0667
 EAMBER (non-restraint)  =   -126468.2098
 Ewald error estimate:   0.3192E-03
 ------------------------------------------------------------------------------

 NMR restraints: Bond =    0.000   Angle =     0.000   Torsion =     0.000
===============================================================================

 NSTEP =     3500   TIME(PS) =       7.000  TEMP(K) =    39.45  PRESS =     0.0
 Etot   =   -123386.6832  EKtot   =      2632.2930  EPtot      =   -126018.9762
 BOND   =       113.0118  ANGLE   =       371.2157  DIHED      =      1639.1452
 1-4 NB =       445.7458  1-4 EEL =      5636.5779  VDWAALS    =     22038.6608
 EELEC  =   -156441.7777  EHBOND  =         0.0000  RESTRAINT  =       178.4443
 EAMBER (non-restraint)  =   -126197.4205
 Ewald error estimate:   0.3157E-03
 ------------------------------------------------------------------------------

 NMR restraints: Bond =    0.000   Angle =     0.000   Torsion =     0.000
===============================================================================

 NSTEP =     4000   TIME(PS) =       8.000  TEMP(K) =    45.22  PRESS =     0.0
 Etot   =   -122612.3553  EKtot   =      3017.2304  EPtot      =   -125629.5857
 BOND   =       119.1136  ANGLE   =       385.0389  DIHED      =      1654.9966
 1-4 NB =       450.2447  1-4 EEL =      5623.6903  VDWAALS    =     21996.8597
 EELEC  =   -156033.5447  EHBOND  =         0.0000  RESTRAINT  =       174.0151
 EAMBER (non-restraint)  =   -125803.6008
 Ewald error estimate:   0.3209E-03
 ------------------------------------------------------------------------------

 NMR restraints: Bond =    0.000   Angle =     0.000   Torsion =     0.000
===============================================================================

 NSTEP =     4500   TIME(PS) =       9.000  TEMP(K) =    51.25  PRESS =     0.0
 Etot   =   -121890.8324  EKtot   =      3419.1428  EPtot      =   -125309.9752
 BOND   =       125.5035  ANGLE   =       402.3308  DIHED      =      1651.3018
 1-4 NB =       452.8991  1-4 EEL =      5640.5527  VDWAALS    =     21850.5536
 EELEC  =   -155617.7049  EHBOND  =         0.0000  RESTRAINT  =       184.5882
 EAMBER (non-restraint)  =   -125494.5634
 Ewald error estimate:   0.3321E-03
 ------------------------------------------------------------------------------

 NMR restraints: Bond =    0.000   Angle =     0.000   Torsion =     0.000
===============================================================================

 NSTEP =     5000   TIME(PS) =      10.000  TEMP(K) =    56.89  PRESS =     0.0
 Etot   =   -121166.2733  EKtot   =      3795.6963  EPtot      =   -124961.9697
 BOND   =       129.9901  ANGLE   =       430.7431  DIHED      =      1653.5162
 1-4 NB =       445.8703  1-4 EEL =      5634.7847  VDWAALS    =     21751.7418
 EELEC  =   -155198.0617  EHBOND  =         0.0000  RESTRAINT  =       189.4459
 EAMBER (non-restraint)  =   -125151.4155
 Ewald error estimate:   0.3297E-03
 ------------------------------------------------------------------------------

 NMR restraints: Bond =    0.000   Angle =     0.000   Torsion =     0.000
===============================================================================

 NSTEP =     5500   TIME(PS) =      11.000  TEMP(K) =    63.30  PRESS =     0.0
 Etot   =   -120422.4820  EKtot   =      4223.0432  EPtot      =   -124645.5252
 BOND   =       138.1091  ANGLE   =       433.2226  DIHED      =      1662.3935
 1-4 NB =       455.3462  1-4 EEL =      5640.3962  VDWAALS    =     21841.7081
 EELEC  =   -155004.3780  EHBOND  =         0.0000  RESTRAINT  =       187.6771
 EAMBER (non-restraint)  =   -124833.2023
 Ewald error estimate:   0.3077E-03
 ------------------------------------------------------------------------------

 NMR restraints: Bond =    0.000   Angle =     0.000   Torsion =     0.000
===============================================================================

 NSTEP =     6000   TIME(PS) =      12.000  TEMP(K) =    69.18  PRESS =     0.0
 Etot   =   -119643.7453  EKtot   =      4615.4524  EPtot      =   -124259.1977
 BOND   =       145.9051  ANGLE   =       456.9050  DIHED      =      1668.9608
 1-4 NB =       452.2796  1-4 EEL =      5628.6579  VDWAALS    =     21628.0990
 EELEC  =   -154444.8497  EHBOND  =         0.0000  RESTRAINT  =       204.8446
 EAMBER (non-restraint)  =   -124464.0423
 Ewald error estimate:   0.3078E-03
 ------------------------------------------------------------------------------

 NMR restraints: Bond =    0.000   Angle =     0.000   Torsion =     0.000
===============================================================================

 NSTEP =     6500   TIME(PS) =      13.000  TEMP(K) =    74.82  PRESS =     0.0
 Etot   =   -119029.5328  EKtot   =      4991.8694  EPtot      =   -124021.4022
 BOND   =       154.9444  ANGLE   =       470.2385  DIHED      =      1670.9480
 1-4 NB =       450.3308  1-4 EEL =      5623.8813  VDWAALS    =     21693.5939
 EELEC  =   -154293.8127  EHBOND  =         0.0000  RESTRAINT  =       208.4736
 EAMBER (non-restraint)  =   -124229.8759
 Ewald error estimate:   0.2980E-03
 ------------------------------------------------------------------------------

 NMR restraints: Bond =    0.000   Angle =     0.000   Torsion =     0.000
===============================================================================

 NSTEP =     7000   TIME(PS) =      14.000  TEMP(K) =    80.99  PRESS =     0.0
 Etot   =   -118244.0353  EKtot   =      5403.8987  EPtot      =   -123647.9340
 BOND   =       165.5491  ANGLE   =       485.4238  DIHED      =      1662.5551
 1-4 NB =       447.4004  1-4 EEL =      5605.0819  VDWAALS    =     21732.0815
 EELEC  =   -153950.3129  EHBOND  =         0.0000  RESTRAINT  =       204.2873
 EAMBER (non-restraint)  =   -123852.2213
 Ewald error estimate:   0.3207E-03
 ------------------------------------------------------------------------------

 NMR restraints: Bond =    0.000   Angle =     0.000   Torsion =     0.000
===============================================================================

 NSTEP =     7500   TIME(PS) =      15.000  TEMP(K) =    87.54  PRESS =     0.0
 Etot   =   -117450.7088  EKtot   =      5840.5528  EPtot      =   -123291.2616
 BOND   =       167.2773  ANGLE   =       468.3380  DIHED      =      1679.0908
 1-4 NB =       461.1860  1-4 EEL =      5639.5885  VDWAALS    =     21545.4600
 EELEC  =   -153455.9296  EHBOND  =         0.0000  RESTRAINT  =       203.7275
 EAMBER (non-restraint)  =   -123494.9891
 Ewald error estimate:   0.3438E-03
 ------------------------------------------------------------------------------

 NMR restraints: Bond =    0.000   Angle =     0.000   Torsion =     0.000
===============================================================================

 NSTEP =     8000   TIME(PS) =      16.000  TEMP(K) =    94.73  PRESS =     0.0
 Etot   =   -116621.1606  EKtot   =      6320.6190  EPtot      =   -122941.7796
 BOND   =       177.5708  ANGLE   =       513.9613  DIHED      =      1673.1755
 1-4 NB =       455.4071  1-4 EEL =      5636.7071  VDWAALS    =     21335.3231
 EELEC  =   -152954.7913  EHBOND  =         0.0000  RESTRAINT  =       220.8669
 EAMBER (non-restraint)  =   -123162.6465
 Ewald error estimate:   0.2994E-03
 ------------------------------------------------------------------------------

 NMR restraints: Bond =    0.000   Angle =     0.000   Torsion =     0.000
===============================================================================

 NSTEP =     8500   TIME(PS) =      17.000  TEMP(K) =    99.20  PRESS =     0.0
 Etot   =   -115985.0756  EKtot   =      6618.5732  EPtot      =   -122603.6488
 BOND   =       188.9700  ANGLE   =       525.6747  DIHED      =      1682.6898
 1-4 NB =       459.9321  1-4 EEL =      5612.6100  VDWAALS    =     21294.3618
 EELEC  =   -152578.0896  EHBOND  =         0.0000  RESTRAINT  =       210.2024
 EAMBER (non-restraint)  =   -122813.8513
 Ewald error estimate:   0.2129E-03
 ------------------------------------------------------------------------------

 NMR restraints: Bond =    0.000   Angle =     0.000   Torsion =     0.000
===============================================================================

 NSTEP =     9000   TIME(PS) =      18.000  TEMP(K) =   104.61  PRESS =     0.0
 Etot   =   -115214.9312  EKtot   =      6979.3732  EPtot      =   -122194.3043
 BOND   =       190.3858  ANGLE   =       512.8303  DIHED      =      1698.1306
 1-4 NB =       459.5582  1-4 EEL =      5629.7494  VDWAALS    =     21298.9820
 EELEC  =   -152205.1664  EHBOND  =         0.0000  RESTRAINT  =       221.2258
 EAMBER (non-restraint)  =   -122415.5301
 Ewald error estimate:   0.2330E-03
 ------------------------------------------------------------------------------

 NMR restraints: Bond =    0.000   Angle =     0.000   Torsion =     0.000
===============================================================================

 NSTEP =     9500   TIME(PS) =      19.000  TEMP(K) =   112.27  PRESS =     0.0
 Etot   =   -114268.6412  EKtot   =      7490.4193  EPtot      =   -121759.0605
 BOND   =       205.6232  ANGLE   =       554.5426  DIHED      =      1694.5776
 1-4 NB =       459.0547  1-4 EEL =      5637.5449  VDWAALS    =     20940.5944
 EELEC  =   -151471.6694  EHBOND  =         0.0000  RESTRAINT  =       220.6714
 EAMBER (non-restraint)  =   -121979.7319
 Ewald error estimate:   0.2183E-03
 ------------------------------------------------------------------------------

 NMR restraints: Bond =    0.000   Angle =     0.000   Torsion =     0.000
===============================================================================

 NSTEP =    10000   TIME(PS) =      20.000  TEMP(K) =   117.72  PRESS =     0.0
 Etot   =   -113577.2400  EKtot   =      7854.2624  EPtot      =   -121431.5023
 BOND   =       202.7293  ANGLE   =       569.2633  DIHED      =      1704.6965
 1-4 NB =       456.0231  1-4 EEL =      5626.6140  VDWAALS    =     21071.1839
 EELEC  =   -151297.4187  EHBOND  =         0.0000  RESTRAINT  =       235.4061
 EAMBER (non-restraint)  =   -121666.9084
 Ewald error estimate:   0.1766E-03
 ------------------------------------------------------------------------------

 NMR restraints: Bond =    0.000   Angle =     0.000   Torsion =     0.000
===============================================================================

 NSTEP =    10500   TIME(PS) =      21.000  TEMP(K) =   123.73  PRESS =     0.0
 Etot   =   -112757.4421  EKtot   =      8255.0603  EPtot      =   -121012.5024
 BOND   =       223.7738  ANGLE   =       590.9370  DIHED      =      1701.4402
 1-4 NB =       460.3967  1-4 EEL =      5618.4390  VDWAALS    =     20903.9257
 EELEC  =   -150754.1094  EHBOND  =         0.0000  RESTRAINT  =       242.6946
 EAMBER (non-restraint)  =   -121255.1970
 Ewald error estimate:   0.2424E-03
 ------------------------------------------------------------------------------

 NMR restraints: Bond =    0.000   Angle =     0.000   Torsion =     0.000
===============================================================================

 NSTEP =    11000   TIME(PS) =      22.000  TEMP(K) =   128.82  PRESS =     0.0
 Etot   =   -112107.7373  EKtot   =      8594.6094  EPtot      =   -120702.3467
 BOND   =       208.4687  ANGLE   =       623.6320  DIHED      =      1705.7383
 1-4 NB =       463.8074  1-4 EEL =      5625.0653  VDWAALS    =     20747.7453
 EELEC  =   -150313.4041  EHBOND  =         0.0000  RESTRAINT  =       236.6004
 EAMBER (non-restraint)  =   -120938.9471
 Ewald error estimate:   0.2200E-03
 ------------------------------------------------------------------------------

 NMR restraints: Bond =    0.000   Angle =     0.000   Torsion =     0.000
===============================================================================

 NSTEP =    11500   TIME(PS) =      23.000  TEMP(K) =   135.46  PRESS =     0.0
 Etot   =   -111187.6693  EKtot   =      9037.9247  EPtot      =   -120225.5941
 BOND   =       228.0877  ANGLE   =       625.9503  DIHED      =      1711.4881
 1-4 NB =       467.0330  1-4 EEL =      5613.2704  VDWAALS    =     20825.3081
 EELEC  =   -149938.0853  EHBOND  =         0.0000  RESTRAINT  =       241.3536
 EAMBER (non-restraint)  =   -120466.9476
 Ewald error estimate:   0.2646E-03
 ------------------------------------------------------------------------------

 NMR restraints: Bond =    0.000   Angle =     0.000   Torsion =     0.000
===============================================================================

 NSTEP =    12000   TIME(PS) =      24.000  TEMP(K) =   140.53  PRESS =     0.0
 Etot   =   -110398.1687  EKtot   =      9375.9502  EPtot      =   -119774.1189
 BOND   =       214.9599  ANGLE   =       654.6540  DIHED      =      1726.7585
 1-4 NB =       471.5366  1-4 EEL =      5620.4151  VDWAALS    =     20508.5197
 EELEC  =   -149229.6479  EHBOND  =         0.0000  RESTRAINT  =       258.6852
 EAMBER (non-restraint)  =   -120032.8041
 Ewald error estimate:   0.1939E-03
 ------------------------------------------------------------------------------

 NMR restraints: Bond =    0.000   Angle =     0.000   Torsion =     0.000
===============================================================================

 NSTEP =    12500   TIME(PS) =      25.000  TEMP(K) =   146.04  PRESS =     0.0
 Etot   =   -109698.9649  EKtot   =      9743.6720  EPtot      =   -119442.6369
 BOND   =       233.9429  ANGLE   =       650.8741  DIHED      =      1713.5575
 1-4 NB =       470.2649  1-4 EEL =      5621.7174  VDWAALS    =     20483.6348
 EELEC  =   -148862.4425  EHBOND  =         0.0000  RESTRAINT  =       245.8139
 EAMBER (non-restraint)  =   -119688.4508
 Ewald error estimate:   0.2738E-03
 ------------------------------------------------------------------------------

 NMR restraints: Bond =    0.000   Angle =     0.000   Torsion =     0.000
===============================================================================

 NSTEP =    13000   TIME(PS) =      26.000  TEMP(K) =   153.07  PRESS =     0.0
 Etot   =   -108804.0012  EKtot   =     10213.0203  EPtot      =   -119017.0214
 BOND   =       244.7954  ANGLE   =       668.1288  DIHED      =      1716.3850
 1-4 NB =       461.8883  1-4 EEL =      5613.7210  VDWAALS    =     20367.9380
 EELEC  =   -148348.9305  EHBOND  =         0.0000  RESTRAINT  =       259.0525
 EAMBER (non-restraint)  =   -119276.0739
 Ewald error estimate:   0.2024E-03
 ------------------------------------------------------------------------------

 NMR restraints: Bond =    0.000   Angle =     0.000   Torsion =     0.000
===============================================================================

 NSTEP =    13500   TIME(PS) =      27.000  TEMP(K) =   158.75  PRESS =     0.0
 Etot   =   -107863.3783  EKtot   =     10591.5410  EPtot      =   -118454.9194
 BOND   =       264.4986  ANGLE   =       679.7498  DIHED      =      1716.6701
 1-4 NB =       466.4503  1-4 EEL =      5632.9333  VDWAALS    =     19956.0305
 EELEC  =   -147438.7677  EHBOND  =         0.0000  RESTRAINT  =       267.5157
 EAMBER (non-restraint)  =   -118722.4351
 Ewald error estimate:   0.1451E-03
 ------------------------------------------------------------------------------

 NMR restraints: Bond =    0.000   Angle =     0.000   Torsion =     0.000
===============================================================================

 NSTEP =    14000   TIME(PS) =      28.000  TEMP(K) =   165.54  PRESS =     0.0
 Etot   =   -106955.3349  EKtot   =     11044.6020  EPtot      =   -117999.9369
 BOND   =       287.8719  ANGLE   =       691.5828  DIHED      =      1711.1926
 1-4 NB =       469.9753  1-4 EEL =      5608.4713  VDWAALS    =     20014.6535
 EELEC  =   -147052.1112  EHBOND  =         0.0000  RESTRAINT  =       268.4269
 EAMBER (non-restraint)  =   -118268.3638
 Ewald error estimate:   0.1618E-03
 ------------------------------------------------------------------------------

 NMR restraints: Bond =    0.000   Angle =     0.000   Torsion =     0.000
===============================================================================

 NSTEP =    14500   TIME(PS) =      29.000  TEMP(K) =   171.15  PRESS =     0.0
 Etot   =   -106153.8968  EKtot   =     11419.2244  EPtot      =   -117573.1212
 BOND   =       264.6885  ANGLE   =       693.0884  DIHED      =      1726.9180
 1-4 NB =       465.8673  1-4 EEL =      5604.9594  VDWAALS    =     19444.8290
 EELEC  =   -146055.5680  EHBOND  =         0.0000  RESTRAINT  =       282.0962
 EAMBER (non-restraint)  =   -117855.2174
 Ewald error estimate:   0.2788E-03
 ------------------------------------------------------------------------------

 NMR restraints: Bond =    0.000   Angle =     0.000   Torsion =     0.000
===============================================================================

 NSTEP =    15000   TIME(PS) =      30.000  TEMP(K) =   177.62  PRESS =     0.0
 Etot   =   -105151.3023  EKtot   =     11850.8573  EPtot      =   -117002.1595
 BOND   =       285.7720  ANGLE   =       742.6460  DIHED      =      1737.6663
 1-4 NB =       459.0485  1-4 EEL =      5593.0277  VDWAALS    =     19554.6433
 EELEC  =   -145639.3810  EHBOND  =         0.0000  RESTRAINT  =       264.4177
 EAMBER (non-restraint)  =   -117266.5773
 Ewald error estimate:   0.1291E-03
 ------------------------------------------------------------------------------

 NMR restraints: Bond =    0.000   Angle =     0.000   Torsion =     0.000
===============================================================================

 NSTEP =    15500   TIME(PS) =      31.000  TEMP(K) =   180.85  PRESS =     0.0
 Etot   =   -104406.0246  EKtot   =     12066.4778  EPtot      =   -116472.5024
 BOND   =       291.7366  ANGLE   =       752.0007  DIHED      =      1749.0235
 1-4 NB =       465.6806  1-4 EEL =      5588.1853  VDWAALS    =     19362.8587
 EELEC  =   -144956.8727  EHBOND  =         0.0000  RESTRAINT  =       274.8848
 EAMBER (non-restraint)  =   -116747.3872
 Ewald error estimate:   0.1739E-03
 ------------------------------------------------------------------------------

 NMR restraints: Bond =    0.000   Angle =     0.000   Torsion =     0.000
===============================================================================

 NSTEP =    16000   TIME(PS) =      32.000  TEMP(K) =   187.40  PRESS =     0.0
 Etot   =   -103480.4653  EKtot   =     12503.4719  EPtot      =   -115983.9373
 BOND   =       266.3511  ANGLE   =       811.7026  DIHED      =      1741.4062
 1-4 NB =       457.0640  1-4 EEL =      5622.4029  VDWAALS    =     18943.1037
 EELEC  =   -144107.2461  EHBOND  =         0.0000  RESTRAINT  =       281.2784
 EAMBER (non-restraint)  =   -116265.2157
 Ewald error estimate:   0.1670E-03
 ------------------------------------------------------------------------------

 NMR restraints: Bond =    0.000   Angle =     0.000   Torsion =     0.000
===============================================================================

 NSTEP =    16500   TIME(PS) =      33.000  TEMP(K) =   195.20  PRESS =     0.0
 Etot   =   -102417.9053  EKtot   =     13023.7524  EPtot      =   -115441.6576
 BOND   =       278.3347  ANGLE   =       785.9527  DIHED      =      1750.5184
 1-4 NB =       469.6922  1-4 EEL =      5634.3299  VDWAALS    =     19049.6200
 EELEC  =   -143705.6112  EHBOND  =         0.0000  RESTRAINT  =       295.5057
 EAMBER (non-restraint)  =   -115737.1633
 Ewald error estimate:   0.9849E-04
 ------------------------------------------------------------------------------

 NMR restraints: Bond =    0.000   Angle =     0.000   Torsion =     0.000
===============================================================================

 NSTEP =    17000   TIME(PS) =      34.000  TEMP(K) =   198.85  PRESS =     0.0
 Etot   =   -101464.9679  EKtot   =     13267.4986  EPtot      =   -114732.4665
 BOND   =       303.7580  ANGLE   =       793.6033  DIHED      =      1757.9115
 1-4 NB =       462.1699  1-4 EEL =      5610.8990  VDWAALS    =     19013.2709
 EELEC  =   -142973.2032  EHBOND  =         0.0000  RESTRAINT  =       299.1242
 EAMBER (non-restraint)  =   -115031.5907
 Ewald error estimate:   0.1359E-03
 ------------------------------------------------------------------------------

 NMR restraints: Bond =    0.000   Angle =     0.000   Torsion =     0.000
===============================================================================

 NSTEP =    17500   TIME(PS) =      35.000  TEMP(K) =   208.01  PRESS =     0.0
 Etot   =   -100127.3431  EKtot   =     13878.4979  EPtot      =   -114005.8410
 BOND   =       313.8609  ANGLE   =       817.9368  DIHED      =      1754.7257
 1-4 NB =       478.0566  1-4 EEL =      5641.8689  VDWAALS    =     18350.8291
 EELEC  =   -141664.7814  EHBOND  =         0.0000  RESTRAINT  =       301.6623
 EAMBER (non-restraint)  =   -114307.5033
 Ewald error estimate:   0.1314E-03
 ------------------------------------------------------------------------------

 NMR restraints: Bond =    0.000   Angle =     0.000   Torsion =     0.000
===============================================================================

 NSTEP =    18000   TIME(PS) =      36.000  TEMP(K) =   209.93  PRESS =     0.0
 Etot   =    -99133.6900  EKtot   =     14006.7475  EPtot      =   -113140.4376
 BOND   =       332.1810  ANGLE   =       821.3279  DIHED      =      1754.1234
 1-4 NB =       479.2730  1-4 EEL =      5595.9232  VDWAALS    =     18085.8912
 EELEC  =   -140533.5713  EHBOND  =         0.0000  RESTRAINT  =       324.4140
 EAMBER (non-restraint)  =   -113464.8516
 Ewald error estimate:   0.1129E-03
 ------------------------------------------------------------------------------

 NMR restraints: Bond =    0.000   Angle =     0.000   Torsion =     0.000
===============================================================================
