
          -------------------------------------------------------
          Amber 16 SANDER                              2016
          -------------------------------------------------------

| Run on 08/25/2023 at 09:00:32

|   Executable path: sander
| Working directory: /blue/kgraim/zfg2013/Amber
|          Hostname: c1109a-s11.ufhpc

  [-O]verwriting output

File Assignments:
|  MDIN: heat.in                                                               
| MDOUT: heat.out                                                              
|INPCRD: min.rst                                                               
|  PARM: complex_solvated.prmtop                                               
|RESTRT: heat.rst                                                              
|  REFC: min.rst                                                               
| MDVEL: mdvel                                                                 
| MDFRC: mdfrc                                                                 
|  MDEN: mden                                                                  
| MDCRD: heat.mdcrd                                                            
|MDINFO: mdinfo                                                                
|  MTMD: mtmd                                                                  
|INPDIP: inpdip                                                                
|RSTDIP: rstdip                                                                
|INPTRA: inptraj                                                               

 
 Here is the input file:
 
heat the protein complex                                                       
&cntrl                                                                         
  imin=0,irest=0,ntx=1,                                                        
  nstlim=25000,dt=0.002,                                                       
  ntc=2,ntf=2,                                                                 
  cut=8.0,                                                                     
  ntpr=500, ntwx=500,                                                          
  ntt=3, gamma_ln=2.0,                                                         
  tempi=0.0, temp0=300.0, ig=-1,                                               
  ntr=1, restraintmask=':1-242',                                               
  restraint_wt=2.0,                                                            
  nmropt=1                                                                     
 /                                                                             
 &wt TYPE='TEMP0', istep1=0, istep2=25000,                                     
  value1=0.1, value2=300.0, /                                                  
 &wt TYPE='END' /                                                              

--------------------------------------------------------------------------------
   1.  RESOURCE   USE: 
--------------------------------------------------------------------------------

| Flags:                                                                        
 getting new box info from bottom of inpcrd

  Error opening unit   30: File "min.rst" is missing or unreadable                
