
          -------------------------------------------------------
          Amber 16 SANDER                              2016
          -------------------------------------------------------

| Run on 08/25/2023 at 09:00:32

|   Executable path: sander
| Working directory: /blue/kgraim/zfg2013/Amber
|          Hostname: c1109a-s11.ufhpc

  [-O]verwriting output

File Assignments:
|  MDIN: min.in                                                                
| MDOUT: min.out                                                               
|INPCRD: complex_solvated.inpcrd                                               
|  PARM: complex_solvated.prmtop                                               
|RESTRT: min.rst                                                               
|  REFC: complex_solvated.inpcrd                                               
| MDVEL: mdvel                                                                 
| MDFRC: mdfrc                                                                 
|  MDEN: mden                                                                  
| MDCRD: mdcrd                                                                 
|MDINFO: mdinfo                                                                
|  MTMD: mtmd                                                                  
|INPDIP: inpdip                                                                
|RSTDIP: rstdip                                                                
|INPTRA: inptraj                                                               

 
 Here is the input file:
 
minimise the protein complex                                                   
 &cntrl                                                                        
  imin=1,maxcyc=1000,ncyc=500,                                                 
  cut=8.0,                                                                     
  ntc=2,ntf=2,                                                                 
  ntpr=100,                                                                    
  ntr=1, restraintmask=':1-242',                                               
  restraint_wt=2.0                                                             
 /                                                                             

--------------------------------------------------------------------------------
   1.  RESOURCE   USE: 
--------------------------------------------------------------------------------

| Flags:                                                                        
 getting new box info from bottom of inpcrd
|  INFO: Old style inpcrd file read

| peek_ewald_inpcrd: Box info not found in inpcrd
