
          -------------------------------------------------------
          Amber 16 PMEMD                              2016
          -------------------------------------------------------

| PMEMD implementation of SANDER, Release 16

| Run on 08/30/2023 at 10:10:25

|   Executable path: pmemd
| Working directory: /blue/kgraim/zfg2013/Amber
|          Hostname: c1100a-s23.ufhpc

  [-O]verwriting output

File Assignments:
|   MDIN: prod.in                                                               
|  MDOUT: prod1.out                                                             
| INPCRD: equil.rst                                                             
|   PARM: complex_solvated.prmtop                                               
| RESTRT: prod1.rst                                                             
|   REFC: refc                                                                  
|  MDVEL: mdvel                                                                 
|   MDEN: mden                                                                  
|  MDCRD: prod1.mdcrd                                                           
| MDINFO: mdinfo                                                                
|  MDFRC: mdfrc                                                                 

 
 Here is the input file:
 
prod complex                                                                   
 &cntrl                                                                        
  imin=0,irest=1,ntx=5,                                                        
  nstlim=250000,dt=0.002,                                                      
  ntc=2,ntf=2,                                                                 
  cut=8.0, ntb=2, ntp=1, taup=2.0,                                             
  ntpr=5000, ntwx=5000,                                                        
  ntt=3, gamma_ln=2.0,                                                         
  temp0=300.0, ig=-1,                                                          
 /                                                                             


Note: ig = -1. Setting random seed to   541334 based on wallclock time in 
      microseconds.
 
 
| Conditional Compilation Defines Used:
| PUBFFT
| BINTRAJ
| MKL
| EMIL
 
| Largest sphere to fit in unit cell has radius =    32.372

| New format PARM file being parsed.
| Version =    1.000 Date = 08/25/23 Time = 09:22:55

| Note: 1-4 EEL scale factors are being read from the topology file.

| Note: 1-4 VDW scale factors are being read from the topology file.
| Duplicated    0 dihedrals

| Duplicated    0 dihedrals

--------------------------------------------------------------------------------
   1.  RESOURCE   USE: 
--------------------------------------------------------------------------------

 getting box info from netcdf restart file
 NATOM  =   33025 NTYPES =      16 NBONH =   31925 MBONA  =    1141
 NTHETH =    2323 MTHETA =    1561 NPHIH =    4820 MPHIA  =    4805
 NHPARM =       0 NPARM  =       0 NNB   =   52973 NRES   =   10441
 NBONA  =    1141 NTHETA =    1561 NPHIA =    4805 NUMBND =      65
 NUMANG =     148 NPTRA  =     185 NATYP =      33 NPHB   =       1
 IFBOX  =       1 NMXRS  =      24 IFCAP =       0 NEXTRA =       0
 NCOPY  =       0

| Coordinate Index Table dimensions:    18   14   16
| Direct force subcell size =     4.7353    4.6245    4.6715

     BOX TYPE: RECTILINEAR

--------------------------------------------------------------------------------
   2.  CONTROL  DATA  FOR  THE  RUN
--------------------------------------------------------------------------------

default_name                                                                    

General flags:
     imin    =       0, nmropt  =       0

Nature and format of input:
     ntx     =       5, irest   =       1, ntrx    =       1

Nature and format of output:
     ntxo    =       2, ntpr    =    5000, ntrx    =       1, ntwr    =  250000
     iwrap   =       0, ntwx    =    5000, ntwv    =       0, ntwe    =       0
     ioutfm  =       1, ntwprt  =       0, idecomp =       0, rbornstat=      0

Potential function:
     ntf     =       2, ntb     =       2, igb     =       0, nsnb    =      25
     ipol    =       0, gbsa    =       0, iesp    =       0
     dielc   =   1.00000, cut     =   8.00000, intdiel =   1.00000

Frozen or restrained atoms:
     ibelly  =       0, ntr     =       0

Molecular dynamics:
     nstlim  =    250000, nscm    =      1000, nrespa  =         1
     t       =   0.00000, dt      =   0.00200, vlimit  =  20.00000

Langevin dynamics temperature regulation:
     ig      =  541334
     temp0   = 300.00000, tempi   =   0.00000, gamma_ln=   2.00000

Pressure regulation:
     ntp     =       1
     pres0   =   1.00000, comp    =  44.60000, taup    =   2.00000

SHAKE:
     ntc     =       2, jfastw  =       0
     tol     =   0.00001

| Intermolecular bonds treatment:
|     no_intermolecular_bonds =       1

| Energy averages sample interval:
|     ene_avg_sampling =    5000

Ewald parameters:
     verbose =       0, ew_type =       0, nbflag  =       1, use_pme =       1
     vdwmeth =       1, eedmeth =       1, netfrc  =       1
     Box X =   85.235   Box Y =   64.744   Box Z =   74.743
     Alpha =   90.000   Beta  =   90.000   Gamma =   90.000
     NFFT1 =   90       NFFT2 =   72       NFFT3 =   75
     Cutoff=    8.000   Tol   =0.100E-04
     Ewald Coefficient =  0.34864
     Interpolation order =    4

--------------------------------------------------------------------------------
   3.  ATOMIC COORDINATES AND VELOCITIES
--------------------------------------------------------------------------------

default_name                                                                    
 begin time read from input coords =    50.000 ps

 
 Number of triangulated 3-point waters found:    10304

     Sum of charges from parm topology file =  -7.00000005
     Assuming uniform neutralizing plasma

| Dynamic Memory, Types Used:
| Reals             1403768
| Integers           997711

| Nonbonded Pairs Initial Allocation:     5516000

--------------------------------------------------------------------------------
   4.  RESULTS
--------------------------------------------------------------------------------

 ---------------------------------------------------
 APPROXIMATING switch and d/dx switch using CUBIC SPLINE INTERPOLATION
 using   5000.0 points per unit in tabled values
 TESTING RELATIVE ERROR over r ranging from 0.0 to cutoff
| CHECK switch(x): max rel err =   0.2738E-14   at   2.422500
| CHECK d/dx switch(x): max rel err =   0.8314E-11   at   2.736960
 ---------------------------------------------------
|---------------------------------------------------
| APPROXIMATING direct energy using CUBIC SPLINE INTERPOLATION
|  with   50.0 points per unit in tabled values
| Relative Error Limit not exceeded for r .gt.   2.47
| APPROXIMATING direct force using CUBIC SPLINE INTERPOLATION
|  with   50.0 points per unit in tabled values
| Relative Error Limit not exceeded for r .gt.   2.89
|---------------------------------------------------

 NSTEP =     5000   TIME(PS) =      60.000  TEMP(K) =   300.22  PRESS =  -168.5
 Etot   =    -80353.7789  EKtot   =     20030.3588  EPtot      =   -100384.1377
 BOND   =       415.1780  ANGLE   =      1021.4817  DIHED      =      1799.4451
 1-4 NB =       470.3358  1-4 EEL =      5584.1813  VDWAALS    =     13560.3921
 EELEC  =   -123235.1516  EHBOND  =         0.0000  RESTRAINT  =         0.0000
 EKCMT  =      9314.4773  VIRIAL  =     10740.0868  VOLUME     =    391740.7781
                                                    Density    =         0.8531
 Ewald error estimate:   0.1054E-04
 ------------------------------------------------------------------------------


 NSTEP =    10000   TIME(PS) =      70.000  TEMP(K) =   301.35  PRESS =  -301.3
 Etot   =    -80757.4419  EKtot   =     20105.7432  EPtot      =   -100863.1851
 BOND   =       426.4723  ANGLE   =      1056.5697  DIHED      =      1791.6827
 1-4 NB =       482.2815  1-4 EEL =      5598.4395  VDWAALS    =     13437.2501
 EELEC  =   -123655.8808  EHBOND  =         0.0000  RESTRAINT  =         0.0000
 EKCMT  =      9232.2871  VIRIAL  =     11630.3789  VOLUME     =    368642.6204
                                                    Density    =         0.9065
 Ewald error estimate:   0.9554E-04
 ------------------------------------------------------------------------------


 NSTEP =    15000   TIME(PS) =      80.000  TEMP(K) =   300.60  PRESS =  -475.3
 Etot   =    -81609.4620  EKtot   =     20055.9415  EPtot      =   -101665.4035
 BOND   =       413.4791  ANGLE   =      1076.7826  DIHED      =      1749.2712
 1-4 NB =       464.2565  1-4 EEL =      5530.7820  VDWAALS    =     13046.5000
 EELEC  =   -123946.4749  EHBOND  =         0.0000  RESTRAINT  =         0.0000
 EKCMT  =      9310.0787  VIRIAL  =     12846.8275  VOLUME     =    344652.6842
                                                    Density    =         0.9696
 Ewald error estimate:   0.2286E-04
 ------------------------------------------------------------------------------


 NSTEP =    20000   TIME(PS) =      90.000  TEMP(K) =   298.76  PRESS =  -149.6
 Etot   =    -82572.9484  EKtot   =     19932.9507  EPtot      =   -102505.8991
 BOND   =       425.5316  ANGLE   =      1055.6601  DIHED      =      1750.1575
 1-4 NB =       449.0673  1-4 EEL =      5549.6919  VDWAALS    =     13227.2550
 EELEC  =   -124963.2626  EHBOND  =         0.0000  RESTRAINT  =         0.0000
 EKCMT  =      9261.1733  VIRIAL  =     10334.8169  VOLUME     =    332359.6907
                                                    Density    =         1.0055
 Ewald error estimate:   0.1261E-03
 ------------------------------------------------------------------------------


 NSTEP =    25000   TIME(PS) =     100.000  TEMP(K) =   302.90  PRESS =  -160.0
 Etot   =    -82069.2570  EKtot   =     20209.8020  EPtot      =   -102279.0591
 BOND   =       449.4913  ANGLE   =      1066.6773  DIHED      =      1768.0161
 1-4 NB =       484.4868  1-4 EEL =      5547.7634  VDWAALS    =     13239.5645
 EELEC  =   -124835.0585  EHBOND  =         0.0000  RESTRAINT  =         0.0000
 EKCMT  =      9350.3925  VIRIAL  =     10495.0361  VOLUME     =    331236.9482
                                                    Density    =         1.0089
 Ewald error estimate:   0.1098E-03
 ------------------------------------------------------------------------------


 NSTEP =    30000   TIME(PS) =     110.000  TEMP(K) =   299.13  PRESS =    28.8
 Etot   =    -82057.7528  EKtot   =     19957.7360  EPtot      =   -102015.4888
 BOND   =       419.9480  ANGLE   =      1043.9847  DIHED      =      1749.9187
 1-4 NB =       481.9909  1-4 EEL =      5569.3250  VDWAALS    =     13350.5383
 EELEC  =   -124631.1944  EHBOND  =         0.0000  RESTRAINT  =         0.0000
 EKCMT  =      9202.0517  VIRIAL  =      8995.4498  VOLUME     =    332078.5874
                                                    Density    =         1.0063
 Ewald error estimate:   0.1453E-04
 ------------------------------------------------------------------------------


 NSTEP =    35000   TIME(PS) =     120.000  TEMP(K) =   301.54  PRESS =   -81.3
 Etot   =    -82271.1298  EKtot   =     20118.4276  EPtot      =   -102389.5574
 BOND   =       407.1623  ANGLE   =      1067.9818  DIHED      =      1764.0428
 1-4 NB =       484.6490  1-4 EEL =      5551.3879  VDWAALS    =     13529.9311
 EELEC  =   -125194.7123  EHBOND  =         0.0000  RESTRAINT  =         0.0000
 EKCMT  =      9307.0707  VIRIAL  =      9889.4970  VOLUME     =    331982.1246
                                                    Density    =         1.0066
 Ewald error estimate:   0.7538E-04
 ------------------------------------------------------------------------------


 NSTEP =    40000   TIME(PS) =     130.000  TEMP(K) =   300.73  PRESS =    86.0
 Etot   =    -82236.2945  EKtot   =     20064.9318  EPtot      =   -102301.2263
 BOND   =       428.0018  ANGLE   =      1049.9301  DIHED      =      1772.8654
 1-4 NB =       482.5630  1-4 EEL =      5538.0044  VDWAALS    =     13507.6740
 EELEC  =   -125080.2650  EHBOND  =         0.0000  RESTRAINT  =         0.0000
 EKCMT  =      9258.0463  VIRIAL  =      8643.5402  VOLUME     =    330976.9243
                                                    Density    =         1.0097
 Ewald error estimate:   0.1361E-03
 ------------------------------------------------------------------------------


 NSTEP =    45000   TIME(PS) =     140.000  TEMP(K) =   303.08  PRESS =   143.4
 Etot   =    -82327.8006  EKtot   =     20221.6770  EPtot      =   -102549.4776
 BOND   =       413.3629  ANGLE   =      1081.7241  DIHED      =      1758.3947
 1-4 NB =       494.4628  1-4 EEL =      5610.0325  VDWAALS    =     13510.6925
 EELEC  =   -125418.1471  EHBOND  =         0.0000  RESTRAINT  =         0.0000
 EKCMT  =      9300.6239  VIRIAL  =      8274.9049  VOLUME     =    331251.9624
                                                    Density    =         1.0089
 Ewald error estimate:   0.1591E-03
 ------------------------------------------------------------------------------


 NSTEP =    50000   TIME(PS) =     150.000  TEMP(K) =   298.94  PRESS =    96.5
 Etot   =    -82441.7443  EKtot   =     19945.5862  EPtot      =   -102387.3305
 BOND   =       411.2979  ANGLE   =      1080.7158  DIHED      =      1748.4878
 1-4 NB =       476.2464  1-4 EEL =      5550.2294  VDWAALS    =     13479.0720
 EELEC  =   -125133.3799  EHBOND  =         0.0000  RESTRAINT  =         0.0000
 EKCMT  =      9182.6463  VIRIAL  =      8493.1809  VOLUME     =    331041.2693
                                                    Density    =         1.0095
 Ewald error estimate:   0.1089E-03
 ------------------------------------------------------------------------------


 NSTEP =    55000   TIME(PS) =     160.000  TEMP(K) =   300.38  PRESS =   -47.9
 Etot   =    -82498.7268  EKtot   =     20041.1603  EPtot      =   -102539.8871
 BOND   =       430.4660  ANGLE   =      1072.3247  DIHED      =      1769.6268
 1-4 NB =       476.2069  1-4 EEL =      5586.2066  VDWAALS    =     13401.7455
 EELEC  =   -125276.4636  EHBOND  =         0.0000  RESTRAINT  =         0.0000
 EKCMT  =      9195.5301  VIRIAL  =      9538.2257  VOLUME     =    331013.0767
                                                    Density    =         1.0096
 Ewald error estimate:   0.4236E-04
 ------------------------------------------------------------------------------


 NSTEP =    60000   TIME(PS) =     170.000  TEMP(K) =   298.52  PRESS =    55.9
 Etot   =    -82194.9573  EKtot   =     19917.1887  EPtot      =   -102112.1460
 BOND   =       433.6589  ANGLE   =      1054.5951  DIHED      =      1776.0856
 1-4 NB =       487.6151  1-4 EEL =      5570.7756  VDWAALS    =     13324.2737
 EELEC  =   -124759.1501  EHBOND  =         0.0000  RESTRAINT  =         0.0000
 EKCMT  =      9349.1883  VIRIAL  =      8949.1965  VOLUME     =    331331.1274
                                                    Density    =         1.0086
 Ewald error estimate:   0.1789E-03
 ------------------------------------------------------------------------------


 NSTEP =    65000   TIME(PS) =     180.000  TEMP(K) =   301.38  PRESS =   -18.3
 Etot   =    -82272.6315  EKtot   =     20108.0047  EPtot      =   -102380.6363
 BOND   =       436.8284  ANGLE   =      1082.2149  DIHED      =      1738.1030
 1-4 NB =       483.6442  1-4 EEL =      5591.7631  VDWAALS    =     13194.0134
 EELEC  =   -124907.2033  EHBOND  =         0.0000  RESTRAINT  =         0.0000
 EKCMT  =      9274.9587  VIRIAL  =      9406.0784  VOLUME     =    331181.6119
                                                    Density    =         1.0091
 Ewald error estimate:   0.2774E-04
 ------------------------------------------------------------------------------


 NSTEP =    70000   TIME(PS) =     190.000  TEMP(K) =   299.39  PRESS =    -5.0
 Etot   =    -82426.5337  EKtot   =     19975.0345  EPtot      =   -102401.5682
 BOND   =       446.9261  ANGLE   =      1072.8160  DIHED      =      1742.8426
 1-4 NB =       478.0442  1-4 EEL =      5585.7610  VDWAALS    =     13752.8252
 EELEC  =   -125480.7833  EHBOND  =         0.0000  RESTRAINT  =         0.0000
 EKCMT  =      9197.6948  VIRIAL  =      9233.6895  VOLUME     =    331452.8220
                                                    Density    =         1.0082
 Ewald error estimate:   0.4288E-04
 ------------------------------------------------------------------------------


 NSTEP =    75000   TIME(PS) =     200.000  TEMP(K) =   298.64  PRESS =   355.3
 Etot   =    -82876.3771  EKtot   =     19925.2268  EPtot      =   -102801.6039
 BOND   =       399.7759  ANGLE   =      1032.7052  DIHED      =      1762.2487
 1-4 NB =       485.4079  1-4 EEL =      5621.8863  VDWAALS    =     13874.6278
 EELEC  =   -125978.2556  EHBOND  =         0.0000  RESTRAINT  =         0.0000
 EKCMT  =      9086.7764  VIRIAL  =      6552.3903  VOLUME     =    330398.9785
                                                    Density    =         1.0115
 Ewald error estimate:   0.1480E-03
 ------------------------------------------------------------------------------


 NSTEP =    80000   TIME(PS) =     210.000  TEMP(K) =   300.33  PRESS =   -22.4
 Etot   =    -82487.6939  EKtot   =     20037.9466  EPtot      =   -102525.6405
 BOND   =       418.6589  ANGLE   =      1124.0641  DIHED      =      1760.2500
 1-4 NB =       465.3331  1-4 EEL =      5613.7725  VDWAALS    =     13422.4559
 EELEC  =   -125330.1751  EHBOND  =         0.0000  RESTRAINT  =         0.0000
 EKCMT  =      9263.7447  VIRIAL  =      9423.5643  VOLUME     =    331033.0757
                                                    Density    =         1.0095
 Ewald error estimate:   0.1244E-03
 ------------------------------------------------------------------------------


 NSTEP =    85000   TIME(PS) =     220.000  TEMP(K) =   299.13  PRESS =  -177.4
 Etot   =    -82411.8755  EKtot   =     19957.6295  EPtot      =   -102369.5049
 BOND   =       425.7700  ANGLE   =      1055.9678  DIHED      =      1748.7050
 1-4 NB =       488.5185  1-4 EEL =      5592.6552  VDWAALS    =     13228.7873
 EELEC  =   -124909.9088  EHBOND  =         0.0000  RESTRAINT  =         0.0000
 EKCMT  =      9261.4189  VIRIAL  =     10530.6803  VOLUME     =    331365.1867
                                                    Density    =         1.0085
 Ewald error estimate:   0.1204E-03
 ------------------------------------------------------------------------------


 NSTEP =    90000   TIME(PS) =     230.000  TEMP(K) =   303.85  PRESS =   -15.6
 Etot   =    -82162.6794  EKtot   =     20273.1215  EPtot      =   -102435.8010
 BOND   =       413.5356  ANGLE   =      1032.8526  DIHED      =      1756.5135
 1-4 NB =       491.4720  1-4 EEL =      5607.7858  VDWAALS    =     13529.6607
 EELEC  =   -125267.6210  EHBOND  =         0.0000  RESTRAINT  =         0.0000
 EKCMT  =      9353.9640  VIRIAL  =      9465.3809  VOLUME     =    331622.4413
                                                    Density    =         1.0077
 Ewald error estimate:   0.4428E-05
 ------------------------------------------------------------------------------


 NSTEP =    95000   TIME(PS) =     240.000  TEMP(K) =   298.86  PRESS =   -80.8
 Etot   =    -82513.1330  EKtot   =     19939.8928  EPtot      =   -102453.0258
 BOND   =       416.0368  ANGLE   =      1101.7916  DIHED      =      1743.7420
 1-4 NB =       483.6726  1-4 EEL =      5608.7841  VDWAALS    =     13169.3015
 EELEC  =   -124976.3545  EHBOND  =         0.0000  RESTRAINT  =         0.0000
 EKCMT  =      9291.0452  VIRIAL  =      9867.3187  VOLUME     =    330456.0581
                                                    Density    =         1.0113
 Ewald error estimate:   0.9460E-05
 ------------------------------------------------------------------------------


 NSTEP =   100000   TIME(PS) =     250.000  TEMP(K) =   302.93  PRESS =   179.2
 Etot   =    -82295.7189  EKtot   =     20211.5446  EPtot      =   -102507.2635
 BOND   =       432.9009  ANGLE   =      1126.1734  DIHED      =      1723.1023
 1-4 NB =       476.1526  1-4 EEL =      5601.1386  VDWAALS    =     13538.0964
 EELEC  =   -125404.8277  EHBOND  =         0.0000  RESTRAINT  =         0.0000
 EKCMT  =      9445.9078  VIRIAL  =      8165.0592  VOLUME     =    331126.3677
                                                    Density    =         1.0092
 Ewald error estimate:   0.3534E-04
 ------------------------------------------------------------------------------


 NSTEP =   105000   TIME(PS) =     260.000  TEMP(K) =   300.25  PRESS =  -114.8
 Etot   =    -82426.5141  EKtot   =     20032.8609  EPtot      =   -102459.3750
 BOND   =       423.3015  ANGLE   =      1108.8701  DIHED      =      1770.7815
 1-4 NB =       487.5898  1-4 EEL =      5580.8046  VDWAALS    =     13369.8878
 EELEC  =   -125200.6103  EHBOND  =         0.0000  RESTRAINT  =         0.0000
 EKCMT  =      9292.3891  VIRIAL  =     10114.0174  VOLUME     =    331379.9476
                                                    Density    =         1.0085
 Ewald error estimate:   0.1936E-04
 ------------------------------------------------------------------------------


 NSTEP =   110000   TIME(PS) =     270.000  TEMP(K) =   299.10  PRESS =   -27.4
 Etot   =    -82525.1752  EKtot   =     19956.0992  EPtot      =   -102481.2744
 BOND   =       453.8637  ANGLE   =      1021.1497  DIHED      =      1755.1931
 1-4 NB =       478.8388  1-4 EEL =      5580.8357  VDWAALS    =     13521.2826
 EELEC  =   -125292.4379  EHBOND  =         0.0000  RESTRAINT  =         0.0000
 EKCMT  =      9112.3856  VIRIAL  =      9307.6963  VOLUME     =    330570.8467
                                                    Density    =         1.0109
 Ewald error estimate:   0.3557E-04
 ------------------------------------------------------------------------------


 NSTEP =   115000   TIME(PS) =     280.000  TEMP(K) =   300.35  PRESS =   -55.3
 Etot   =    -82249.3443  EKtot   =     20039.3654  EPtot      =   -102288.7098
 BOND   =       445.7624  ANGLE   =      1083.3886  DIHED      =      1774.2875
 1-4 NB =       475.2462  1-4 EEL =      5558.0777  VDWAALS    =     13165.4876
 EELEC  =   -124790.9598  EHBOND  =         0.0000  RESTRAINT  =         0.0000
 EKCMT  =      9195.4483  VIRIAL  =      9591.2264  VOLUME     =    331746.9380
                                                    Density    =         1.0073
 Ewald error estimate:   0.1216E-03
 ------------------------------------------------------------------------------


 NSTEP =   120000   TIME(PS) =     290.000  TEMP(K) =   298.40  PRESS =     7.8
 Etot   =    -82449.3302  EKtot   =     19909.0301  EPtot      =   -102358.3603
 BOND   =       434.1021  ANGLE   =      1066.0934  DIHED      =      1756.4483
 1-4 NB =       488.0601  1-4 EEL =      5634.2203  VDWAALS    =     13410.5461
 EELEC  =   -125147.8305  EHBOND  =         0.0000  RESTRAINT  =         0.0000
 EKCMT  =      9172.9881  VIRIAL  =      9116.8380  VOLUME     =    331657.1473
                                                    Density    =         1.0076
 Ewald error estimate:   0.6219E-04
 ------------------------------------------------------------------------------


 NSTEP =   125000   TIME(PS) =     300.000  TEMP(K) =   297.48  PRESS =   135.6
 Etot   =    -82362.0717  EKtot   =     19847.7122  EPtot      =   -102209.7839
 BOND   =       429.3771  ANGLE   =      1060.6587  DIHED      =      1750.5140
 1-4 NB =       475.6522  1-4 EEL =      5605.0222  VDWAALS    =     13694.9197
 EELEC  =   -125225.9277  EHBOND  =         0.0000  RESTRAINT  =         0.0000
 EKCMT  =      9107.7437  VIRIAL  =      8134.0044  VOLUME     =    332633.9213
                                                    Density    =         1.0047
 Ewald error estimate:   0.1160E-03
 ------------------------------------------------------------------------------


 NSTEP =   130000   TIME(PS) =     310.000  TEMP(K) =   300.77  PRESS =    27.6
 Etot   =    -82241.3546  EKtot   =     20067.2537  EPtot      =   -102308.6082
 BOND   =       402.9927  ANGLE   =      1079.6027  DIHED      =      1748.9223
 1-4 NB =       471.4834  1-4 EEL =      5560.1621  VDWAALS    =     13333.3220
 EELEC  =   -124905.0935  EHBOND  =         0.0000  RESTRAINT  =         0.0000
 EKCMT  =      9235.4204  VIRIAL  =      9037.9264  VOLUME     =    331780.7915
                                                    Density    =         1.0072
 Ewald error estimate:   0.3700E-04
 ------------------------------------------------------------------------------


 NSTEP =   135000   TIME(PS) =     320.000  TEMP(K) =   300.33  PRESS =   140.0
 Etot   =    -82323.1320  EKtot   =     20037.6889  EPtot      =   -102360.8208
 BOND   =       434.6238  ANGLE   =      1047.1922  DIHED      =      1745.9259
 1-4 NB =       485.5629  1-4 EEL =      5533.7975  VDWAALS    =     13614.7909
 EELEC  =   -125222.7141  EHBOND  =         0.0000  RESTRAINT  =         0.0000
 EKCMT  =      9280.0975  VIRIAL  =      8276.6893  VOLUME     =    332030.8461
                                                    Density    =         1.0065
 Ewald error estimate:   0.1340E-03
 ------------------------------------------------------------------------------


 NSTEP =   140000   TIME(PS) =     330.000  TEMP(K) =   298.42  PRESS =   -44.6
 Etot   =    -82305.1236  EKtot   =     19910.5694  EPtot      =   -102215.6930
 BOND   =       441.3745  ANGLE   =      1046.6614  DIHED      =      1752.4168
 1-4 NB =       471.9870  1-4 EEL =      5551.6269  VDWAALS    =     13250.1010
 EELEC  =   -124729.8607  EHBOND  =         0.0000  RESTRAINT  =         0.0000
 EKCMT  =      9214.6367  VIRIAL  =      9533.5162  VOLUME     =    331095.6022
                                                    Density    =         1.0093
 Ewald error estimate:   0.1459E-03
 ------------------------------------------------------------------------------


 NSTEP =   145000   TIME(PS) =     340.000  TEMP(K) =   299.99  PRESS =   -75.5
 Etot   =    -82454.4027  EKtot   =     20015.6337  EPtot      =   -102470.0364
 BOND   =       428.3191  ANGLE   =      1129.5434  DIHED      =      1751.1848
 1-4 NB =       473.5810  1-4 EEL =      5585.5646  VDWAALS    =     13441.2011
 EELEC  =   -125279.4304  EHBOND  =         0.0000  RESTRAINT  =         0.0000
 EKCMT  =      9265.2483  VIRIAL  =      9804.6682  VOLUME     =    331003.0476
                                                    Density    =         1.0096
 Ewald error estimate:   0.2965E-04
 ------------------------------------------------------------------------------


 NSTEP =   150000   TIME(PS) =     350.000  TEMP(K) =   300.64  PRESS =  -117.8
 Etot   =    -82277.7485  EKtot   =     20058.4847  EPtot      =   -102336.2332
 BOND   =       449.6146  ANGLE   =      1050.9299  DIHED      =      1756.1595
 1-4 NB =       477.1014  1-4 EEL =      5615.2604  VDWAALS    =     13390.4134
 EELEC  =   -125075.7125  EHBOND  =         0.0000  RESTRAINT  =         0.0000
 EKCMT  =      9216.5619  VIRIAL  =     10059.2420  VOLUME     =    331411.1674
                                                    Density    =         1.0084
 Ewald error estimate:   0.9023E-04
 ------------------------------------------------------------------------------


 NSTEP =   155000   TIME(PS) =     360.000  TEMP(K) =   298.53  PRESS =   -39.5
 Etot   =    -82537.5976  EKtot   =     19918.1764  EPtot      =   -102455.7740
 BOND   =       378.9142  ANGLE   =      1068.9553  DIHED      =      1746.4894
 1-4 NB =       497.2308  1-4 EEL =      5582.8692  VDWAALS    =     13434.4382
 EELEC  =   -125164.6711  EHBOND  =         0.0000  RESTRAINT  =         0.0000
 EKCMT  =      9179.2501  VIRIAL  =      9461.2579  VOLUME     =    330776.5687
                                                    Density    =         1.0103
 Ewald error estimate:   0.2388E-04
 ------------------------------------------------------------------------------


 NSTEP =   160000   TIME(PS) =     370.000  TEMP(K) =   300.69  PRESS =    37.1
 Etot   =    -82005.7285  EKtot   =     20061.8526  EPtot      =   -102067.5811
 BOND   =       437.0774  ANGLE   =      1090.9959  DIHED      =      1729.9648
 1-4 NB =       477.0053  1-4 EEL =      5590.4178  VDWAALS    =     13315.4144
 EELEC  =   -124708.4566  EHBOND  =         0.0000  RESTRAINT  =         0.0000
 EKCMT  =      9277.8737  VIRIAL  =      9012.4759  VOLUME     =    331290.8170
                                                    Density    =         1.0087
 Ewald error estimate:   0.9394E-04
 ------------------------------------------------------------------------------


 NSTEP =   165000   TIME(PS) =     380.000  TEMP(K) =   298.13  PRESS =   165.9
 Etot   =    -82291.4311  EKtot   =     19891.5288  EPtot      =   -102182.9599
 BOND   =       452.1020  ANGLE   =      1064.5706  DIHED      =      1750.0696
 1-4 NB =       456.7203  1-4 EEL =      5576.8851  VDWAALS    =     13634.6612
 EELEC  =   -125117.9687  EHBOND  =         0.0000  RESTRAINT  =         0.0000
 EKCMT  =      9147.4556  VIRIAL  =      7958.7661  VOLUME     =    331880.7964
                                                    Density    =         1.0069
 Ewald error estimate:   0.9610E-04
 ------------------------------------------------------------------------------


 NSTEP =   170000   TIME(PS) =     390.000  TEMP(K) =   300.69  PRESS =    18.4
 Etot   =    -82271.4991  EKtot   =     20061.8948  EPtot      =   -102333.3940
 BOND   =       415.4862  ANGLE   =      1100.4678  DIHED      =      1748.8480
 1-4 NB =       486.4347  1-4 EEL =      5640.7787  VDWAALS    =     13366.8064
 EELEC  =   -125092.2158  EHBOND  =         0.0000  RESTRAINT  =         0.0000
 EKCMT  =      9247.5060  VIRIAL  =      9116.1930  VOLUME     =    331358.1222
                                                    Density    =         1.0085
 Ewald error estimate:   0.2329E-04
 ------------------------------------------------------------------------------


 NSTEP =   175000   TIME(PS) =     400.000  TEMP(K) =   300.49  PRESS =   130.6
 Etot   =    -82158.0355  EKtot   =     20048.6615  EPtot      =   -102206.6970
 BOND   =       433.1628  ANGLE   =      1087.0186  DIHED      =      1760.0345
 1-4 NB =       483.7662  1-4 EEL =      5598.6431  VDWAALS    =     13318.4566
 EELEC  =   -124887.7788  EHBOND  =         0.0000  RESTRAINT  =         0.0000
 EKCMT  =      9301.0011  VIRIAL  =      8366.6206  VOLUME     =    331343.0032
                                                    Density    =         1.0086
 Ewald error estimate:   0.1257E-04
 ------------------------------------------------------------------------------


 NSTEP =   180000   TIME(PS) =     410.000  TEMP(K) =   301.21  PRESS =  -154.5
 Etot   =    -82287.3544  EKtot   =     20097.0327  EPtot      =   -102384.3871
 BOND   =       409.6723  ANGLE   =      1061.2801  DIHED      =      1777.7212
 1-4 NB =       476.7397  1-4 EEL =      5586.8450  VDWAALS    =     13391.5249
 EELEC  =   -125088.1704  EHBOND  =         0.0000  RESTRAINT  =         0.0000
 EKCMT  =      9303.2040  VIRIAL  =     10409.1379  VOLUME     =    331584.4261
                                                    Density    =         1.0078
 Ewald error estimate:   0.2960E-04
 ------------------------------------------------------------------------------


 NSTEP =   185000   TIME(PS) =     420.000  TEMP(K) =   302.25  PRESS =  -139.0
 Etot   =    -82028.4289  EKtot   =     20166.2484  EPtot      =   -102194.6773
 BOND   =       437.4402  ANGLE   =      1074.5512  DIHED      =      1782.9810
 1-4 NB =       477.4332  1-4 EEL =      5577.9894  VDWAALS    =     13334.8206
 EELEC  =   -124879.8929  EHBOND  =         0.0000  RESTRAINT  =         0.0000
 EKCMT  =      9313.3813  VIRIAL  =     10307.1117  VOLUME     =    331155.2820
                                                    Density    =         1.0091
 Ewald error estimate:   0.1407E-03
 ------------------------------------------------------------------------------


 NSTEP =   190000   TIME(PS) =     430.000  TEMP(K) =   300.67  PRESS =   130.3
 Etot   =    -82382.8833  EKtot   =     20060.9987  EPtot      =   -102443.8820
 BOND   =       420.1440  ANGLE   =      1025.7327  DIHED      =      1733.4353
 1-4 NB =       490.7937  1-4 EEL =      5622.2229  VDWAALS    =     13501.0922
 EELEC  =   -125237.3028  EHBOND  =         0.0000  RESTRAINT  =         0.0000
 EKCMT  =      9239.6145  VIRIAL  =      8307.5077  VOLUME     =    331409.7816
                                                    Density    =         1.0084
 Ewald error estimate:   0.1670E-04
 ------------------------------------------------------------------------------


 NSTEP =   195000   TIME(PS) =     440.000  TEMP(K) =   297.09  PRESS =   107.1
 Etot   =    -82913.9832  EKtot   =     19822.1231  EPtot      =   -102736.1063
 BOND   =       397.9278  ANGLE   =      1027.4117  DIHED      =      1747.0639
 1-4 NB =       476.5886  1-4 EEL =      5566.5113  VDWAALS    =     13545.6905
 EELEC  =   -125497.3001  EHBOND  =         0.0000  RESTRAINT  =         0.0000
 EKCMT  =      9163.9358  VIRIAL  =      8399.3986  VOLUME     =    330649.7503
                                                    Density    =         1.0107
 Ewald error estimate:   0.1148E-03
 ------------------------------------------------------------------------------


 NSTEP =   200000   TIME(PS) =     450.000  TEMP(K) =   300.85  PRESS =    83.4
 Etot   =    -82562.5180  EKtot   =     20072.7947  EPtot      =   -102635.3127
 BOND   =       449.1411  ANGLE   =      1040.6730  DIHED      =      1745.4022
 1-4 NB =       496.5033  1-4 EEL =      5585.6650  VDWAALS    =     13656.1461
 EELEC  =   -125608.8435  EHBOND  =         0.0000  RESTRAINT  =         0.0000
 EKCMT  =      9217.0361  VIRIAL  =      8621.0693  VOLUME     =    331046.8581
                                                    Density    =         1.0095
 Ewald error estimate:   0.1350E-04
 ------------------------------------------------------------------------------


 NSTEP =   205000   TIME(PS) =     460.000  TEMP(K) =   301.45  PRESS =   108.2
 Etot   =    -82051.1284  EKtot   =     20112.9320  EPtot      =   -102164.0604
 BOND   =       414.3194  ANGLE   =      1065.4287  DIHED      =      1786.4066
 1-4 NB =       489.3055  1-4 EEL =      5635.1307  VDWAALS    =     13451.5643
 EELEC  =   -125006.2156  EHBOND  =         0.0000  RESTRAINT  =         0.0000
 EKCMT  =      9296.2608  VIRIAL  =      8521.9352  VOLUME     =    331301.5162
                                                    Density    =         1.0087
 Ewald error estimate:   0.2567E-05
 ------------------------------------------------------------------------------


 NSTEP =   210000   TIME(PS) =     470.000  TEMP(K) =   301.71  PRESS =   124.5
 Etot   =    -82293.4148  EKtot   =     20129.8199  EPtot      =   -102423.2348
 BOND   =       436.2631  ANGLE   =      1034.7065  DIHED      =      1759.0216
 1-4 NB =       486.5804  1-4 EEL =      5583.6376  VDWAALS    =     13571.9248
 EELEC  =   -125295.3686  EHBOND  =         0.0000  RESTRAINT  =         0.0000
 EKCMT  =      9308.2990  VIRIAL  =      8417.8289  VOLUME     =    331181.7343
                                                    Density    =         1.0091
 Ewald error estimate:   0.1601E-03
 ------------------------------------------------------------------------------


 NSTEP =   215000   TIME(PS) =     480.000  TEMP(K) =   297.94  PRESS =  -268.2
 Etot   =    -82301.9131  EKtot   =     19878.3279  EPtot      =   -102180.2410
 BOND   =       402.0911  ANGLE   =      1054.0214  DIHED      =      1762.6889
 1-4 NB =       484.2362  1-4 EEL =      5613.2762  VDWAALS    =     13231.5567
 EELEC  =   -124728.1114  EHBOND  =         0.0000  RESTRAINT  =         0.0000
 EKCMT  =      9167.7082  VIRIAL  =     11085.6065  VOLUME     =    331236.6295
                                                    Density    =         1.0089
 Ewald error estimate:   0.3756E-04
 ------------------------------------------------------------------------------


 NSTEP =   220000   TIME(PS) =     490.000  TEMP(K) =   301.79  PRESS =  -170.5
 Etot   =    -82182.3783  EKtot   =     20135.3793  EPtot      =   -102317.7576
 BOND   =       444.5136  ANGLE   =      1041.4275  DIHED      =      1753.5310
 1-4 NB =       474.3708  1-4 EEL =      5586.2884  VDWAALS    =     13415.6355
 EELEC  =   -125033.5245  EHBOND  =         0.0000  RESTRAINT  =         0.0000
 EKCMT  =      9292.8329  VIRIAL  =     10513.1308  VOLUME     =    331504.9061
                                                    Density    =         1.0081
 Ewald error estimate:   0.2412E-04
 ------------------------------------------------------------------------------


 NSTEP =   225000   TIME(PS) =     500.000  TEMP(K) =   298.85  PRESS =  -145.5
 Etot   =    -82221.9405  EKtot   =     19939.2441  EPtot      =   -102161.1845
 BOND   =       430.1646  ANGLE   =      1063.7787  DIHED      =      1747.4617
 1-4 NB =       495.0573  1-4 EEL =      5585.3836  VDWAALS    =     13183.8837
 EELEC  =   -124666.9141  EHBOND  =         0.0000  RESTRAINT  =         0.0000
 EKCMT  =      9109.4104  VIRIAL  =     10151.8200  VOLUME     =    331766.2279
                                                    Density    =         1.0073
 Ewald error estimate:   0.1234E-03
 ------------------------------------------------------------------------------


 NSTEP =   230000   TIME(PS) =     510.000  TEMP(K) =   301.96  PRESS =   101.7
 Etot   =    -82291.5975  EKtot   =     20146.7430  EPtot      =   -102438.3405
 BOND   =       436.4134  ANGLE   =      1092.8669  DIHED      =      1745.0038
 1-4 NB =       479.6129  1-4 EEL =      5612.3842  VDWAALS    =     13481.7832
 EELEC  =   -125286.4049  EHBOND  =         0.0000  RESTRAINT  =         0.0000
 EKCMT  =      9286.8977  VIRIAL  =      8560.3338  VOLUME     =    330895.1987
                                                    Density    =         1.0099
 Ewald error estimate:   0.5231E-04
 ------------------------------------------------------------------------------


 NSTEP =   235000   TIME(PS) =     520.000  TEMP(K) =   303.84  PRESS =   100.1
 Etot   =    -82345.1873  EKtot   =     20272.0088  EPtot      =   -102617.1961
 BOND   =       447.9104  ANGLE   =      1036.7017  DIHED      =      1730.4875
 1-4 NB =       486.9824  1-4 EEL =      5593.3806  VDWAALS    =     13617.4773
 EELEC  =   -125530.1359  EHBOND  =         0.0000  RESTRAINT  =         0.0000
 EKCMT  =      9302.7613  VIRIAL  =      8586.9119  VOLUME     =    331073.9297
                                                    Density    =         1.0094
 Ewald error estimate:   0.1348E-04
 ------------------------------------------------------------------------------


 NSTEP =   240000   TIME(PS) =     530.000  TEMP(K) =   302.01  PRESS =  -215.1
 Etot   =    -82473.9368  EKtot   =     20150.0084  EPtot      =   -102623.9451
 BOND   =       434.9587  ANGLE   =      1062.3260  DIHED      =      1750.1362
 1-4 NB =       484.3241  1-4 EEL =      5545.0644  VDWAALS    =     13177.5749
 EELEC  =   -125078.3293  EHBOND  =         0.0000  RESTRAINT  =         0.0000
 EKCMT  =      9235.7331  VIRIAL  =     10773.9217  VOLUME     =    331154.3308
                                                    Density    =         1.0092
 Ewald error estimate:   0.6995E-05
 ------------------------------------------------------------------------------


 NSTEP =   245000   TIME(PS) =     540.000  TEMP(K) =   299.12  PRESS =  -218.0
 Etot   =    -82585.5246  EKtot   =     19957.0283  EPtot      =   -102542.5528
 BOND   =       425.4858  ANGLE   =      1100.3187  DIHED      =      1752.9610
 1-4 NB =       482.4053  1-4 EEL =      5584.8621  VDWAALS    =     13118.0157
 EELEC  =   -125006.6014  EHBOND  =         0.0000  RESTRAINT  =         0.0000
 EKCMT  =      9186.5117  VIRIAL  =     10745.5156  VOLUME     =    331224.3210
                                                    Density    =         1.0089
 Ewald error estimate:   0.2901E-04
 ------------------------------------------------------------------------------


 NSTEP =   250000   TIME(PS) =     550.000  TEMP(K) =   298.51  PRESS =   -21.7
 Etot   =    -82678.3859  EKtot   =     19916.4069  EPtot      =   -102594.7927
 BOND   =       460.4263  ANGLE   =      1042.3732  DIHED      =      1746.4965
 1-4 NB =       477.1937  1-4 EEL =      5576.3721  VDWAALS    =     13323.4991
 EELEC  =   -125221.1537  EHBOND  =         0.0000  RESTRAINT  =         0.0000
 EKCMT  =      9169.1417  VIRIAL  =      9324.4016  VOLUME     =    330904.9297
                                                    Density    =         1.0099
 Ewald error estimate:   0.2258E-03
 ------------------------------------------------------------------------------


      A V E R A G E S   O V E R      50 S T E P S


 NSTEP =   250000   TIME(PS) =     550.000  TEMP(K) =   300.28  PRESS =   -22.9
 Etot   =    -82266.3400  EKtot   =     20034.8763  EPtot      =   -102301.2163
 BOND   =       427.4286  ANGLE   =      1065.7342  DIHED      =      1755.8308
 1-4 NB =       480.6159  1-4 EEL =      5585.2069  VDWAALS    =     13411.7715
 EELEC  =   -125027.8042  EHBOND  =         0.0000  RESTRAINT  =         0.0000
 EKCMT  =      9245.5562  VIRIAL  =      9421.8414  VOLUME     =    333539.8744
                                                    Density    =         1.0027
 Ewald error estimate:   0.7249E-04
 ------------------------------------------------------------------------------


      R M S  F L U C T U A T I O N S


 NSTEP =   250000   TIME(PS) =     550.000  TEMP(K) =     1.62  PRESS =   147.1
 Etot   =       411.4531  EKtot   =       107.7777  EPtot      =       395.8155
 BOND   =        16.6093  ANGLE   =        26.4932  DIHED      =        15.3386
 1-4 NB =         9.2925  1-4 EEL =        26.4004  VDWAALS    =       171.3735
 EELEC  =       448.8071  EHBOND  =         0.0000  RESTRAINT  =         0.0000
 EKCMT  =        72.2213  VIRIAL  =      1085.0785  VOLUME     =      9984.6610
                                                    Density    =         0.0263
 Ewald error estimate:   0.5672E-04
 ------------------------------------------------------------------------------

--------------------------------------------------------------------------------
   5.  TIMINGS
--------------------------------------------------------------------------------

|  NonSetup CPU Time in Major Routines:
|
|     Routine           Sec        %
|     ------------------------------
|     Nonbond       32792.70   95.05
|     Bond              3.58    0.01
|     Angle            57.55    0.17
|     Dihedral        230.50    0.67
|     Shake           233.58    0.68
|     RunMD          1183.36    3.43
|     Other             0.31    0.00
|     ------------------------------
|     Total         34501.58

|  PME Nonbond Pairlist CPU Time:
|
|     Routine              Sec        %
|     ---------------------------------
|     Set Up Cit          34.32    0.10
|     Build List        5410.63   15.68
|     ---------------------------------
|     Total             5444.95   15.78

|  PME Direct Force CPU Time:
|
|     Routine              Sec        %
|     ---------------------------------
|     NonBonded Calc   22574.10   65.43
|     Exclude Masked     339.70    0.98
|     Other              170.23    0.49
|     ---------------------------------
|     Total            23084.03   66.91

|  PME Reciprocal Force CPU Time:
|
|     Routine              Sec        %
|     ---------------------------------
|     1D bspline         148.75    0.43
|     Grid Charges       391.73    1.14
|     Scalar Sum         425.20    1.23
|     Gradient Sum       588.14    1.70
|     FFT               2709.87    7.85
|     ---------------------------------
|     Total             4263.69   12.36

|  Final Performance Info:
|     -----------------------------------------------------
|     Average timings for last       0 steps:
|     Elapsed(s) =       0.08 Per Step(ms) =   Infinity
|         ns/day =       0.00   seconds/ns =   Infinity
|
|     Average timings for all steps:
|     Elapsed(s) =   36598.15 Per Step(ms) =     146.39
|         ns/day =       1.18   seconds/ns =   73196.31
|     -----------------------------------------------------

|  Setup CPU time:            0.13 seconds
|  NonSetup CPU time:     34501.58 seconds
|  Total CPU time:        34501.70 seconds     9.58 hours

|  Setup wall time:           0    seconds
|  NonSetup wall time:    36598    seconds
|  Total wall time:       36598    seconds    10.17 hours
