Wed Jun 14 16:19:28 EDT 2023
c0904a-s11.ufhpc
/blue/kgraim/zfg2013/Input/HDOCK
   1.200000      0.1789301    
 
 The dimensions of the ENERGY Grid are:  97 193 151
 
 Start to calculate the ENERGY Grid
 
 Grid calculation is completed  10%
 Grid calculation is completed  20%
 Grid calculation is completed  30%
 Grid calculation is completed  40%
 Grid calculation is completed  50%
 Grid calculation is completed  60%
 Grid calculation is completed  70%
 Grid calculation is completed  80%
 Grid calculation is completed  90%
 Grid calculation is completed 100%
 
 The dimensions of the FFT Grid are:  60 100  84
 
 This docking has    4392 roations
 Start protein-protein docking calculations:
 
 This docking calculation will take about     94.70  seconds
 
   100      2.00     92.55
   200      4.00     90.39
   300      5.99     88.24
   400      7.99     86.08
   500      9.99     83.92
   600     11.99     81.77
   700     14.00     79.61
   800     16.01     77.45
   900     18.02     75.30
  1000     20.02     73.14
  1100     22.05     70.99
  1200     24.05     68.83
  1300     26.06     66.67
  1400     28.08     64.52
  1500     30.08     62.36
  1600     32.09     60.20
  1700     34.09     58.05
  1800     36.10     55.89
  1900     38.11     53.73
  2000     40.14     51.58
  2100     42.16     49.42
  2200     44.16     47.27
  2300     46.18     45.11
  2400     48.20     42.95
  2500     50.22     40.80
  2600     52.23     38.64
  2700     54.24     36.48
  2800     56.25     34.33
  2900     58.26     32.17
  3000     60.27     30.02
  3100     62.28     27.86
  3200     64.29     25.70
  3300     66.31     23.55
  3400     68.31     21.39
  3500     70.35     19.23
  3600     72.36     17.08
  3700     74.37     14.92
  3800     76.37     12.77
  3900     78.37     10.61
  4000     80.37      8.45
  4100     82.37      6.30
  4200     84.35      4.14
  4300     86.33      1.98
 The actual consumed time is     88.14 seconds
cp: ‘model_1.pdb’ and ‘model_1.pdb’ are the same file
