
          -------------------------------------------------------
          Amber 16 SANDER                              2016
          -------------------------------------------------------

| Run on 08/25/2023 at 17:11:09

|   Executable path: sander
| Working directory: /blue/kgraim/zfg2013/Amber
|          Hostname: c1109a-s11.ufhpc

  [-O]verwriting output

File Assignments:
|  MDIN: equil.in                                                              
| MDOUT: equil.out                                                             
|INPCRD: density.rst                                                           
|  PARM: complex_solvated.prmtop                                               
|RESTRT: equil.rst                                                             
|  REFC: density.rst                                                           
| MDVEL: mdvel                                                                 
| MDFRC: mdfrc                                                                 
|  MDEN: mden                                                                  
| MDCRD: equil.mdcrd                                                           
|MDINFO: mdinfo                                                                
|  MTMD: mtmd                                                                  
|INPDIP: inpdip                                                                
|RSTDIP: rstdip                                                                
|INPTRA: inptraj                                                               

 
 Here is the input file:
 
finally equilibriated                                                          
&cntrl                                                                         
  imin=0,irest=0,ntx=1,                                                        
  nstlim=25000,dt=0.002,                                                       
  ntc=2,ntf=2,                                                                 
  cut=8.0,                                                                     
  ntpr=500, ntwx=500,                                                          
  ntt=3, gamma_ln=2.0,                                                         
  tempi=0.0, temp0=300.0, ig=-1,                                               
  ntr=1, restraintmask=':1-242',                                               
  restraint_wt=2.0,                                                            
  nmropt=1                                                                     
 /                                                                             
 &wt TYPE='TEMP0', istep1=0, istep2=25000,                                     
  value1=0.1, value2=300.0, /                                                  
 &wt TYPE='END' /                                                              

--------------------------------------------------------------------------------
   1.  RESOURCE   USE: 
--------------------------------------------------------------------------------

| Flags:                                                                        
 getting box info from netcdf restart file
| NetCDF restart box info found
|Largest sphere to fit in unit cell has radius =    32.372
| New format PARM file being parsed.
| Version =    1.000 Date = 08/25/23 Time = 09:22:55
 NATOM  =   33025 NTYPES =      16 NBONH =   31925 MBONA  =    1141
 NTHETH =    2323 MTHETA =    1561 NPHIH =    4820 MPHIA  =    4805
 NHPARM =       0 NPARM  =       0 NNB   =   52973 NRES   =   10441
 NBONA  =    1141 NTHETA =    1561 NPHIA =    4805 NUMBND =      65
 NUMANG =     148 NPTRA  =     185 NATYP =      33 NPHB   =       1
 IFBOX  =       1 NMXRS  =      24 IFCAP =       0 NEXTRA =       0
 NCOPY  =       0


|     Memory Use     Allocated
|     Real             2400284
|     Hollerith         109518
|     Integer          1231742
|     Max Pairs       11008333
|     nblistReal        396300
|     nblist Int       1735042
|       Total            76866 kbytes

| Note: 1-4 EEL scale factors are being read from the topology file.

| Note: 1-4 VDW scale factors are being read from the topology file.
| Duplicated    0 dihedrals
| Duplicated    0 dihedrals

     BOX TYPE: RECTILINEAR
Note: ig = -1. Setting random seed to   175699 based on wallclock time in microseconds.

--------------------------------------------------------------------------------
   2.  CONTROL  DATA  FOR  THE  RUN
--------------------------------------------------------------------------------

default_name                                                                    

General flags:
     imin    =       0, nmropt  =       1

Nature and format of input:
     ntx     =       1, irest   =       0, ntrx    =       1

Nature and format of output:
     ntxo    =       2, ntpr    =     500, ntrx    =       1, ntwr    =   25000
     iwrap   =       0, ntwx    =     500, ntwv    =       0, ntwe    =       0
     ioutfm  =       1, ntwprt  =       0, idecomp =       0, rbornstat=      0

Potential function:
     ntf     =       2, ntb     =       1, igb     =       0, nsnb    =      25
     ipol    =       0, gbsa    =       0, iesp    =       0
     dielc   =   1.00000, cut     =   8.00000, intdiel =   1.00000

Frozen or restrained atoms:
     ibelly  =       0, ntr     =       1
     restraint_wt =   2.00000

Molecular dynamics:
     nstlim  =     25000, nscm    =         0, nrespa  =         1
     t       =   0.00000, dt      =   0.00200, vlimit  =  20.00000

Langevin dynamics temperature regulation:
     ig      =  175699
     temp0   = 300.00000, tempi   =   0.00000, gamma_ln=   2.00000

SHAKE:
     ntc     =       2, jfastw  =       0
     tol     =   0.00001

NMR refinement options:
     iscale  =       0, noeskp  =       1, ipnlty  =       1, mxsub   =       1
     scalm   = 100.00000, pencut  =   0.10000, tausw   =   0.10000

Ewald parameters:
     verbose =       0, ew_type =       0, nbflag  =       1, use_pme =       1
     vdwmeth =       1, eedmeth =       1, netfrc  =       1
     Box X =   85.235   Box Y =   64.744   Box Z =   74.743
     Alpha =   90.000   Beta  =   90.000   Gamma =   90.000
     NFFT1 =   90       NFFT2 =   64       NFFT3 =   75
     Cutoff=    8.000   Tol   =0.100E-04
     Ewald Coefficient =  0.34864
     Interpolation order =    4
|  INFO: Old style inpcrd file read


    LOADING THE CONSTRAINED ATOMS AS GROUPS


   5.  REFERENCE ATOM COORDINATES

  defa
     Mask :1-242; matches  2428 atoms

--------------------------------------------------------------------------------
   3.  ATOMIC COORDINATES AND VELOCITIES
--------------------------------------------------------------------------------

default_name                                                                    
 begin time read from input coords =    50.000 ps



           Begin reading energy term weight changes/NMR restraints
 WEIGHT CHANGES:
 TEMP0         0  25000    0.100000  300.000000      0      0

 RESTRAINTS:
                          ** No restraint defined **

                  Done reading weight changes/NMR restraints


 Number of triangulated 3-point waters found:    10304

     Sum of charges from parm topology file =  -7.00000005
     Assuming uniform neutralizing plasma

--------------------------------------------------------------------------------
   4.  RESULTS
--------------------------------------------------------------------------------

|  # of SOLUTE  degrees of freedom (RNDFP):   67150.
|  # of SOLVENT degrees of freedom (RNDFS):       0.
|  NDFMIN =   67150.     NUM_NOSHAKE =      0     CORRECTED RNDFP =   67150.
|  TOTAL # of degrees of freedom (RNDF) =   67150.
 ---------------------------------------------------
 APPROXIMATING switch and d/dx switch using CUBIC SPLINE INTERPOLATION
 using   5000.0 points per unit in tabled values
 TESTING RELATIVE ERROR over r ranging from 0.0 to cutoff
| CHECK switch(x): max rel err =   0.2738E-14   at   2.422500
| CHECK d/dx switch(x): max rel err =   0.8314E-11   at   2.736960
 ---------------------------------------------------
| Local SIZE OF NONBOND LIST =    6248730
| TOTAL SIZE OF NONBOND LIST =    6248730

 NSTEP =        0   TIME(PS) =       0.000  TEMP(K) =     0.00  PRESS =     0.0
 Etot   =   -100895.6775  EKtot   =         0.0000  EPtot      =   -100895.6775
 BOND   =       405.6062  ANGLE   =      1088.5238  DIHED      =      1805.2888
 1-4 NB =       502.4341  1-4 EEL =      5612.0087  VDWAALS    =     13435.7733
 EELEC  =   -123745.3126  EHBOND  =         0.0000  RESTRAINT  =         0.0000
 Ewald error estimate:   0.2223E-05
 ------------------------------------------------------------------------------

 NMR restraints: Bond =    0.000   Angle =     0.000   Torsion =     0.000
===============================================================================

 NSTEP =      500   TIME(PS) =       1.000  TEMP(K) =    38.12  PRESS =     0.0
 Etot   =   -122627.6388  EKtot   =      2543.6281  EPtot      =   -125171.2669
 BOND   =        97.0377  ANGLE   =       335.3418  DIHED      =      1635.4151
 1-4 NB =       440.0011  1-4 EEL =      5619.2383  VDWAALS    =     20342.1583
 EELEC  =   -153801.6473  EHBOND  =         0.0000  RESTRAINT  =       161.1881
 EAMBER (non-restraint)  =   -125332.4549
 Ewald error estimate:   0.1334E-03
 ------------------------------------------------------------------------------

 NMR restraints: Bond =    0.000   Angle =     0.000   Torsion =     0.000
===============================================================================

 NSTEP =     1000   TIME(PS) =       2.000  TEMP(K) =    15.43  PRESS =     0.0
 Etot   =   -126369.4991  EKtot   =      1029.2404  EPtot      =   -127398.7395
 BOND   =        84.8089  ANGLE   =       306.4906  DIHED      =      1627.5126
 1-4 NB =       439.0587  1-4 EEL =      5612.4515  VDWAALS    =     21960.6592
 EELEC  =   -157585.9935  EHBOND  =         0.0000  RESTRAINT  =       156.2724
 EAMBER (non-restraint)  =   -127555.0120
 Ewald error estimate:   0.2598E-03
 ------------------------------------------------------------------------------

 NMR restraints: Bond =    0.000   Angle =     0.000   Torsion =     0.000
===============================================================================

 NSTEP =     1500   TIME(PS) =       3.000  TEMP(K) =    16.70  PRESS =     0.0
 Etot   =   -126424.9283  EKtot   =      1113.8934  EPtot      =   -127538.8217
 BOND   =        85.7177  ANGLE   =       318.1157  DIHED      =      1630.9527
 1-4 NB =       438.1636  1-4 EEL =      5624.0213  VDWAALS    =     22155.3659
 EELEC  =   -157950.0650  EHBOND  =         0.0000  RESTRAINT  =       158.9063
 EAMBER (non-restraint)  =   -127697.7280
 Ewald error estimate:   0.2604E-03
 ------------------------------------------------------------------------------

 NMR restraints: Bond =    0.000   Angle =     0.000   Torsion =     0.000
===============================================================================

 NSTEP =     2000   TIME(PS) =       4.000  TEMP(K) =    21.73  PRESS =     0.0
 Etot   =   -125903.2604  EKtot   =      1449.9143  EPtot      =   -127353.1747
 BOND   =       100.2813  ANGLE   =       327.1772  DIHED      =      1627.9016
 1-4 NB =       438.3529  1-4 EEL =      5613.0961  VDWAALS    =     22091.4527
 EELEC  =   -157715.0512  EHBOND  =         0.0000  RESTRAINT  =       163.6147
 EAMBER (non-restraint)  =   -127516.7894
 Ewald error estimate:   0.2909E-03
 ------------------------------------------------------------------------------

 NMR restraints: Bond =    0.000   Angle =     0.000   Torsion =     0.000
===============================================================================

 NSTEP =     2500   TIME(PS) =       5.000  TEMP(K) =    27.63  PRESS =     0.0
 Etot   =   -125211.1652  EKtot   =      1843.2127  EPtot      =   -127054.3779
 BOND   =        98.7612  ANGLE   =       350.3902  DIHED      =      1633.8429
 1-4 NB =       443.1818  1-4 EEL =      5607.9425  VDWAALS    =     22083.1987
 EELEC  =   -157434.7169  EHBOND  =         0.0000  RESTRAINT  =       163.0218
 EAMBER (non-restraint)  =   -127217.3997
 Ewald error estimate:   0.2550E-03
 ------------------------------------------------------------------------------

 NMR restraints: Bond =    0.000   Angle =     0.000   Torsion =     0.000
===============================================================================

 NSTEP =     3000   TIME(PS) =       6.000  TEMP(K) =    33.69  PRESS =     0.0
 Etot   =   -124496.9748  EKtot   =      2247.6755  EPtot      =   -126744.6503
 BOND   =       104.1904  ANGLE   =       361.7975  DIHED      =      1628.5561
 1-4 NB =       444.2478  1-4 EEL =      5626.2407  VDWAALS    =     22030.8651
 EELEC  =   -157116.5383  EHBOND  =         0.0000  RESTRAINT  =       175.9905
 EAMBER (non-restraint)  =   -126920.6408
 Ewald error estimate:   0.2234E-03
 ------------------------------------------------------------------------------

 NMR restraints: Bond =    0.000   Angle =     0.000   Torsion =     0.000
===============================================================================

 NSTEP =     3500   TIME(PS) =       7.000  TEMP(K) =    39.50  PRESS =     0.0
 Etot   =   -123744.9302  EKtot   =      2635.1104  EPtot      =   -126380.0405
 BOND   =       113.8901  ANGLE   =       375.7787  DIHED      =      1646.3433
 1-4 NB =       437.1781  1-4 EEL =      5619.2635  VDWAALS    =     21995.3922
 EELEC  =   -156742.7982  EHBOND  =         0.0000  RESTRAINT  =       174.9117
 EAMBER (non-restraint)  =   -126554.9523
 Ewald error estimate:   0.1416E-03
 ------------------------------------------------------------------------------

 NMR restraints: Bond =    0.000   Angle =     0.000   Torsion =     0.000
===============================================================================

 NSTEP =     4000   TIME(PS) =       8.000  TEMP(K) =    45.24  PRESS =     0.0
 Etot   =   -123023.4239  EKtot   =      3018.5951  EPtot      =   -126042.0190
 BOND   =       124.3316  ANGLE   =       384.2043  DIHED      =      1651.5005
 1-4 NB =       443.5426  1-4 EEL =      5604.4668  VDWAALS    =     21844.9374
 EELEC  =   -156277.8064  EHBOND  =         0.0000  RESTRAINT  =       182.8042
 EAMBER (non-restraint)  =   -126224.8231
 Ewald error estimate:   0.2404E-03
 ------------------------------------------------------------------------------

 NMR restraints: Bond =    0.000   Angle =     0.000   Torsion =     0.000
===============================================================================

 NSTEP =     4500   TIME(PS) =       9.000  TEMP(K) =    51.16  PRESS =     0.0
 Etot   =   -122317.9875  EKtot   =      3413.5038  EPtot      =   -125731.4913
 BOND   =       126.2469  ANGLE   =       405.2383  DIHED      =      1651.0982
 1-4 NB =       445.4646  1-4 EEL =      5608.7585  VDWAALS    =     21848.3266
 EELEC  =   -156000.4104  EHBOND  =         0.0000  RESTRAINT  =       183.7860
 EAMBER (non-restraint)  =   -125915.2772
 Ewald error estimate:   0.1704E-03
 ------------------------------------------------------------------------------

 NMR restraints: Bond =    0.000   Angle =     0.000   Torsion =     0.000
===============================================================================

 NSTEP =     5000   TIME(PS) =      10.000  TEMP(K) =    57.66  PRESS =     0.0
 Etot   =   -121511.6776  EKtot   =      3846.9989  EPtot      =   -125358.6765
 BOND   =       133.7904  ANGLE   =       414.7150  DIHED      =      1652.4848
 1-4 NB =       445.2444  1-4 EEL =      5622.7221  VDWAALS    =     21709.2508
 EELEC  =   -155525.9416  EHBOND  =         0.0000  RESTRAINT  =       189.0575
 EAMBER (non-restraint)  =   -125547.7341
 Ewald error estimate:   0.2677E-03
 ------------------------------------------------------------------------------

 NMR restraints: Bond =    0.000   Angle =     0.000   Torsion =     0.000
===============================================================================

 NSTEP =     5500   TIME(PS) =      11.000  TEMP(K) =    63.81  PRESS =     0.0
 Etot   =   -120775.5473  EKtot   =      4257.0731  EPtot      =   -125032.6204
 BOND   =       150.1670  ANGLE   =       436.0814  DIHED      =      1657.0415
 1-4 NB =       440.8401  1-4 EEL =      5622.0561  VDWAALS    =     21855.2923
 EELEC  =   -155382.2307  EHBOND  =         0.0000  RESTRAINT  =       188.1319
 EAMBER (non-restraint)  =   -125220.7523
 Ewald error estimate:   0.2259E-03
 ------------------------------------------------------------------------------

 NMR restraints: Bond =    0.000   Angle =     0.000   Torsion =     0.000
===============================================================================

 NSTEP =     6000   TIME(PS) =      12.000  TEMP(K) =    69.23  PRESS =     0.0
 Etot   =   -120043.6308  EKtot   =      4619.0969  EPtot      =   -124662.7277
 BOND   =       156.5512  ANGLE   =       448.5508  DIHED      =      1653.9705
 1-4 NB =       441.5044  1-4 EEL =      5614.7584  VDWAALS    =     21622.0138
 EELEC  =   -154785.8533  EHBOND  =         0.0000  RESTRAINT  =       185.7766
 EAMBER (non-restraint)  =   -124848.5044
 Ewald error estimate:   0.3238E-03
 ------------------------------------------------------------------------------

 NMR restraints: Bond =    0.000   Angle =     0.000   Torsion =     0.000
===============================================================================

 NSTEP =     6500   TIME(PS) =      13.000  TEMP(K) =    75.58  PRESS =     0.0
 Etot   =   -119250.3674  EKtot   =      5042.3855  EPtot      =   -124292.7529
 BOND   =       153.9250  ANGLE   =       460.6358  DIHED      =      1668.3615
 1-4 NB =       452.7152  1-4 EEL =      5609.8054  VDWAALS    =     21540.9471
 EELEC  =   -154379.4323  EHBOND  =         0.0000  RESTRAINT  =       200.2895
 EAMBER (non-restraint)  =   -124493.0423
 Ewald error estimate:   0.3011E-03
 ------------------------------------------------------------------------------

 NMR restraints: Bond =    0.000   Angle =     0.000   Torsion =     0.000
===============================================================================

 NSTEP =     7000   TIME(PS) =      14.000  TEMP(K) =    80.74  PRESS =     0.0
 Etot   =   -118590.3511  EKtot   =      5386.7905  EPtot      =   -123977.1416
 BOND   =       158.5195  ANGLE   =       488.6038  DIHED      =      1659.4165
 1-4 NB =       451.6657  1-4 EEL =      5623.7561  VDWAALS    =     21398.6681
 EELEC  =   -153957.9424  EHBOND  =         0.0000  RESTRAINT  =       200.1710
 EAMBER (non-restraint)  =   -124177.3126
 Ewald error estimate:   0.2421E-03
 ------------------------------------------------------------------------------

 NMR restraints: Bond =    0.000   Angle =     0.000   Torsion =     0.000
===============================================================================

 NSTEP =     7500   TIME(PS) =      15.000  TEMP(K) =    87.62  PRESS =     0.0
 Etot   =   -117749.1204  EKtot   =      5845.8917  EPtot      =   -123595.0121
 BOND   =       173.7326  ANGLE   =       493.8331  DIHED      =      1675.9627
 1-4 NB =       446.7119  1-4 EEL =      5614.4876  VDWAALS    =     21391.6201
 EELEC  =   -153597.2396  EHBOND  =         0.0000  RESTRAINT  =       205.8795
 EAMBER (non-restraint)  =   -123800.8916
 Ewald error estimate:   0.3705E-03
 ------------------------------------------------------------------------------

 NMR restraints: Bond =    0.000   Angle =     0.000   Torsion =     0.000
===============================================================================

 NSTEP =     8000   TIME(PS) =      16.000  TEMP(K) =    93.60  PRESS =     0.0
 Etot   =   -117024.0904  EKtot   =      6245.0454  EPtot      =   -123269.1357
 BOND   =       179.6764  ANGLE   =       523.5827  DIHED      =      1672.4223
 1-4 NB =       444.2635  1-4 EEL =      5600.5204  VDWAALS    =     21622.8446
 EELEC  =   -153529.0249  EHBOND  =         0.0000  RESTRAINT  =       216.5793
 EAMBER (non-restraint)  =   -123485.7150
 Ewald error estimate:   0.2900E-03
 ------------------------------------------------------------------------------

 NMR restraints: Bond =    0.000   Angle =     0.000   Torsion =     0.000
===============================================================================

 NSTEP =     8500   TIME(PS) =      17.000  TEMP(K) =    98.33  PRESS =     0.0
 Etot   =   -116353.3022  EKtot   =      6560.3060  EPtot      =   -122913.6083
 BOND   =       200.3150  ANGLE   =       525.5673  DIHED      =      1670.1105
 1-4 NB =       449.4816  1-4 EEL =      5595.8646  VDWAALS    =     21350.5032
 EELEC  =   -152922.2749  EHBOND  =         0.0000  RESTRAINT  =       216.8243
 EAMBER (non-restraint)  =   -123130.4326
 Ewald error estimate:   0.2772E-03
 ------------------------------------------------------------------------------

 NMR restraints: Bond =    0.000   Angle =     0.000   Torsion =     0.000
===============================================================================

 NSTEP =     9000   TIME(PS) =      18.000  TEMP(K) =   105.02  PRESS =     0.0
 Etot   =   -115413.0654  EKtot   =      7007.1743  EPtot      =   -122420.2397
 BOND   =       195.5905  ANGLE   =       556.6730  DIHED      =      1679.1503
 1-4 NB =       449.8724  1-4 EEL =      5619.2420  VDWAALS    =     21060.2111
 EELEC  =   -152199.3235  EHBOND  =         0.0000  RESTRAINT  =       218.3445
 EAMBER (non-restraint)  =   -122638.5842
 Ewald error estimate:   0.2709E-03
 ------------------------------------------------------------------------------

 NMR restraints: Bond =    0.000   Angle =     0.000   Torsion =     0.000
===============================================================================

 NSTEP =     9500   TIME(PS) =      19.000  TEMP(K) =   110.99  PRESS =     0.0
 Etot   =   -114748.7488  EKtot   =      7405.1198  EPtot      =   -122153.8686
 BOND   =       210.0666  ANGLE   =       539.8666  DIHED      =      1682.4203
 1-4 NB =       455.3790  1-4 EEL =      5603.3752  VDWAALS    =     21093.9436
 EELEC  =   -151970.3653  EHBOND  =         0.0000  RESTRAINT  =       231.4454
 EAMBER (non-restraint)  =   -122385.3140
 Ewald error estimate:   0.3047E-03
 ------------------------------------------------------------------------------

 NMR restraints: Bond =    0.000   Angle =     0.000   Torsion =     0.000
===============================================================================

 NSTEP =    10000   TIME(PS) =      20.000  TEMP(K) =   117.51  PRESS =     0.0
 Etot   =   -113927.9243  EKtot   =      7840.5173  EPtot      =   -121768.4416
 BOND   =       204.2648  ANGLE   =       571.2228  DIHED      =      1687.5439
 1-4 NB =       450.7071  1-4 EEL =      5602.1105  VDWAALS    =     20921.5316
 EELEC  =   -151426.6659  EHBOND  =         0.0000  RESTRAINT  =       220.8434
 EAMBER (non-restraint)  =   -121989.2850
 Ewald error estimate:   0.2184E-03
 ------------------------------------------------------------------------------

 NMR restraints: Bond =    0.000   Angle =     0.000   Torsion =     0.000
===============================================================================

 NSTEP =    10500   TIME(PS) =      21.000  TEMP(K) =   123.61  PRESS =     0.0
 Etot   =   -113051.0871  EKtot   =      8247.3707  EPtot      =   -121298.4578
 BOND   =       205.1486  ANGLE   =       587.8932  DIHED      =      1699.4009
 1-4 NB =       456.9390  1-4 EEL =      5610.3110  VDWAALS    =     20944.8405
 EELEC  =   -151035.4573  EHBOND  =         0.0000  RESTRAINT  =       232.4661
 EAMBER (non-restraint)  =   -121530.9240
 Ewald error estimate:   0.3167E-03
 ------------------------------------------------------------------------------

 NMR restraints: Bond =    0.000   Angle =     0.000   Torsion =     0.000
===============================================================================

 NSTEP =    11000   TIME(PS) =      22.000  TEMP(K) =   127.21  PRESS =     0.0
 Etot   =   -112480.5870  EKtot   =      8487.5380  EPtot      =   -120968.1249
 BOND   =       202.2847  ANGLE   =       591.8134  DIHED      =      1700.5595
 1-4 NB =       455.1510  1-4 EEL =      5626.9027  VDWAALS    =     20901.7151
 EELEC  =   -150683.8059  EHBOND  =         0.0000  RESTRAINT  =       237.2545
 EAMBER (non-restraint)  =   -121205.3795
 Ewald error estimate:   0.2909E-03
 ------------------------------------------------------------------------------

 NMR restraints: Bond =    0.000   Angle =     0.000   Torsion =     0.000
===============================================================================

 NSTEP =    11500   TIME(PS) =      23.000  TEMP(K) =   134.27  PRESS =     0.0
 Etot   =   -111587.1034  EKtot   =      8958.4178  EPtot      =   -120545.5211
 BOND   =       242.0326  ANGLE   =       628.7103  DIHED      =      1707.8120
 1-4 NB =       447.7806  1-4 EEL =      5602.3924  VDWAALS    =     20778.6446
 EELEC  =   -150200.4985  EHBOND  =         0.0000  RESTRAINT  =       247.6048
 EAMBER (non-restraint)  =   -120793.1259
 Ewald error estimate:   0.3306E-03
 ------------------------------------------------------------------------------

 NMR restraints: Bond =    0.000   Angle =     0.000   Torsion =     0.000
===============================================================================

 NSTEP =    12000   TIME(PS) =      24.000  TEMP(K) =   141.07  PRESS =     0.0
 Etot   =   -110760.0175  EKtot   =      9412.4814  EPtot      =   -120172.4989
 BOND   =       233.1037  ANGLE   =       629.2477  DIHED      =      1707.4289
 1-4 NB =       464.6368  1-4 EEL =      5616.3850  VDWAALS    =     20478.7697
 EELEC  =   -149552.7240  EHBOND  =         0.0000  RESTRAINT  =       250.6533
 EAMBER (non-restraint)  =   -120423.1521
 Ewald error estimate:   0.1773E-03
 ------------------------------------------------------------------------------

 NMR restraints: Bond =    0.000   Angle =     0.000   Torsion =     0.000
===============================================================================

 NSTEP =    12500   TIME(PS) =      25.000  TEMP(K) =   147.44  PRESS =     0.0
 Etot   =   -109816.0496  EKtot   =      9836.9205  EPtot      =   -119652.9701
 BOND   =       247.5539  ANGLE   =       659.2093  DIHED      =      1715.0608
 1-4 NB =       454.3990  1-4 EEL =      5591.5359  VDWAALS    =     20572.2958
 EELEC  =   -149150.2469  EHBOND  =         0.0000  RESTRAINT  =       257.2222
 EAMBER (non-restraint)  =   -119910.1923
 Ewald error estimate:   0.2728E-03
 ------------------------------------------------------------------------------

 NMR restraints: Bond =    0.000   Angle =     0.000   Torsion =     0.000
===============================================================================

 NSTEP =    13000   TIME(PS) =      26.000  TEMP(K) =   153.01  PRESS =     0.0
 Etot   =   -108972.2501  EKtot   =     10208.4911  EPtot      =   -119180.7412
 BOND   =       249.6883  ANGLE   =       671.6776  DIHED      =      1699.0703
 1-4 NB =       464.9822  1-4 EEL =      5589.6989  VDWAALS    =     20258.3903
 EELEC  =   -148381.4046  EHBOND  =         0.0000  RESTRAINT  =       267.1557
 EAMBER (non-restraint)  =   -119447.8969
 Ewald error estimate:   0.1341E-03
 ------------------------------------------------------------------------------

 NMR restraints: Bond =    0.000   Angle =     0.000   Torsion =     0.000
===============================================================================

 NSTEP =    13500   TIME(PS) =      27.000  TEMP(K) =   159.00  PRESS =     0.0
 Etot   =   -108105.0251  EKtot   =     10608.4248  EPtot      =   -118713.4500
 BOND   =       247.3489  ANGLE   =       675.5010  DIHED      =      1725.6205
 1-4 NB =       456.5593  1-4 EEL =      5610.7950  VDWAALS    =     20106.8526
 EELEC  =   -147790.3760  EHBOND  =         0.0000  RESTRAINT  =       254.2488
 EAMBER (non-restraint)  =   -118967.6988
 Ewald error estimate:   0.1566E-03
 ------------------------------------------------------------------------------

 NMR restraints: Bond =    0.000   Angle =     0.000   Torsion =     0.000
===============================================================================

 NSTEP =    14000   TIME(PS) =      28.000  TEMP(K) =   164.88  PRESS =     0.0
 Etot   =   -107129.3601  EKtot   =     11001.0443  EPtot      =   -118130.4044
 BOND   =       269.4540  ANGLE   =       688.5229  DIHED      =      1728.3830
 1-4 NB =       451.9126  1-4 EEL =      5612.7243  VDWAALS    =     20010.6039
 EELEC  =   -147163.0438  EHBOND  =         0.0000  RESTRAINT  =       271.0387
 EAMBER (non-restraint)  =   -118401.4430
 Ewald error estimate:   0.1646E-03
 ------------------------------------------------------------------------------

 NMR restraints: Bond =    0.000   Angle =     0.000   Torsion =     0.000
===============================================================================

 NSTEP =    14500   TIME(PS) =      29.000  TEMP(K) =   169.51  PRESS =     0.0
 Etot   =   -106482.9296  EKtot   =     11309.8882  EPtot      =   -117792.8179
 BOND   =       261.9115  ANGLE   =       704.6435  DIHED      =      1721.3123
 1-4 NB =       461.0152  1-4 EEL =      5616.2087  VDWAALS    =     19591.8553
 EELEC  =   -146426.9252  EHBOND  =         0.0000  RESTRAINT  =       277.1609
 EAMBER (non-restraint)  =   -118069.9788
 Ewald error estimate:   0.2513E-03
 ------------------------------------------------------------------------------

 NMR restraints: Bond =    0.000   Angle =     0.000   Torsion =     0.000
===============================================================================

 NSTEP =    15000   TIME(PS) =      30.000  TEMP(K) =   177.02  PRESS =     0.0
 Etot   =   -105577.5422  EKtot   =     11810.4882  EPtot      =   -117388.0305
 BOND   =       261.4745  ANGLE   =       723.6635  DIHED      =      1726.3828
 1-4 NB =       465.6130  1-4 EEL =      5595.9153  VDWAALS    =     19575.7697
 EELEC  =   -146011.8069  EHBOND  =         0.0000  RESTRAINT  =       274.9576
 EAMBER (non-restraint)  =   -117662.9881
 Ewald error estimate:   0.2180E-03
 ------------------------------------------------------------------------------

 NMR restraints: Bond =    0.000   Angle =     0.000   Torsion =     0.000
===============================================================================

 NSTEP =    15500   TIME(PS) =      31.000  TEMP(K) =   182.75  PRESS =     0.0
 Etot   =   -104725.8526  EKtot   =     12193.0865  EPtot      =   -116918.9391
 BOND   =       260.9397  ANGLE   =       748.7274  DIHED      =      1727.9828
 1-4 NB =       467.4212  1-4 EEL =      5584.7375  VDWAALS    =     19493.8755
 EELEC  =   -145474.6867  EHBOND  =         0.0000  RESTRAINT  =       272.0634
 EAMBER (non-restraint)  =   -117191.0025
 Ewald error estimate:   0.1675E-03
 ------------------------------------------------------------------------------

 NMR restraints: Bond =    0.000   Angle =     0.000   Torsion =     0.000
===============================================================================

 NSTEP =    16000   TIME(PS) =      32.000  TEMP(K) =   186.41  PRESS =     0.0
 Etot   =   -103785.1112  EKtot   =     12437.3083  EPtot      =   -116222.4194
 BOND   =       305.2251  ANGLE   =       763.0030  DIHED      =      1728.8027
 1-4 NB =       468.2663  1-4 EEL =      5608.6775  VDWAALS    =     19133.5779
 EELEC  =   -144510.8626  EHBOND  =         0.0000  RESTRAINT  =       280.8907
 EAMBER (non-restraint)  =   -116503.3102
 Ewald error estimate:   0.1818E-03
 ------------------------------------------------------------------------------

 NMR restraints: Bond =    0.000   Angle =     0.000   Torsion =     0.000
===============================================================================

 NSTEP =    16500   TIME(PS) =      33.000  TEMP(K) =   194.14  PRESS =     0.0
 Etot   =   -102579.7351  EKtot   =     12952.9760  EPtot      =   -115532.7111
 BOND   =       298.3938  ANGLE   =       777.6758  DIHED      =      1752.1105
 1-4 NB =       460.2244  1-4 EEL =      5590.6534  VDWAALS    =     18814.4343
 EELEC  =   -143521.8959  EHBOND  =         0.0000  RESTRAINT  =       295.6926
 EAMBER (non-restraint)  =   -115828.4037
 Ewald error estimate:   0.1622E-03
 ------------------------------------------------------------------------------

 NMR restraints: Bond =    0.000   Angle =     0.000   Torsion =     0.000
===============================================================================

 NSTEP =    17000   TIME(PS) =      34.000  TEMP(K) =   202.44  PRESS =     0.0
 Etot   =   -101303.0232  EKtot   =     13506.9289  EPtot      =   -114809.9521
 BOND   =       309.2159  ANGLE   =       784.8903  DIHED      =      1738.5812
 1-4 NB =       473.7059  1-4 EEL =      5588.5043  VDWAALS    =     18723.1320
 EELEC  =   -142718.8008  EHBOND  =         0.0000  RESTRAINT  =       290.8191
 EAMBER (non-restraint)  =   -115100.7711
 Ewald error estimate:   0.1864E-03
 ------------------------------------------------------------------------------

 NMR restraints: Bond =    0.000   Angle =     0.000   Torsion =     0.000
===============================================================================

 NSTEP =    17500   TIME(PS) =      35.000  TEMP(K) =   205.66  PRESS =     0.0
 Etot   =   -100591.1809  EKtot   =     13721.5154  EPtot      =   -114312.6963
 BOND   =       329.1810  ANGLE   =       795.2810  DIHED      =      1737.9843
 1-4 NB =       475.0124  1-4 EEL =      5609.2215  VDWAALS    =     18235.5155
 EELEC  =   -141786.3023  EHBOND  =         0.0000  RESTRAINT  =       291.4104
 EAMBER (non-restraint)  =   -114604.1067
 Ewald error estimate:   0.1378E-03
 ------------------------------------------------------------------------------

 NMR restraints: Bond =    0.000   Angle =     0.000   Torsion =     0.000
===============================================================================

 NSTEP =    18000   TIME(PS) =      36.000  TEMP(K) =   211.00  PRESS =     0.0
 Etot   =    -99574.5963  EKtot   =     14077.6961  EPtot      =   -113652.2924
 BOND   =       315.7220  ANGLE   =       826.8846  DIHED      =      1736.3795
 1-4 NB =       470.1781  1-4 EEL =      5614.2188  VDWAALS    =     18117.9189
 EELEC  =   -141039.9695  EHBOND  =         0.0000  RESTRAINT  =       306.3751
 EAMBER (non-restraint)  =   -113958.6676
 Ewald error estimate:   0.9451E-04
 ------------------------------------------------------------------------------

 NMR restraints: Bond =    0.000   Angle =     0.000   Torsion =     0.000
===============================================================================

 NSTEP =    18500   TIME(PS) =      37.000  TEMP(K) =   215.76  PRESS =     0.0
 Etot   =    -98335.6866  EKtot   =     14395.5359  EPtot      =   -112731.2225
 BOND   =       325.7276  ANGLE   =       794.7607  DIHED      =      1731.5475
 1-4 NB =       475.2266  1-4 EEL =      5605.3595  VDWAALS    =     17803.5978
 EELEC  =   -139768.5512  EHBOND  =         0.0000  RESTRAINT  =       301.1091
 EAMBER (non-restraint)  =   -113032.3316
 Ewald error estimate:   0.1211E-03
 ------------------------------------------------------------------------------

 NMR restraints: Bond =    0.000   Angle =     0.000   Torsion =     0.000
===============================================================================

 NSTEP =    19000   TIME(PS) =      38.000  TEMP(K) =   226.68  PRESS =     0.0
 Etot   =    -96888.4145  EKtot   =     15124.3539  EPtot      =   -112012.7685
 BOND   =       376.4184  ANGLE   =       825.9849  DIHED      =      1739.9789
 1-4 NB =       477.8298  1-4 EEL =      5608.4889  VDWAALS    =     17471.5078
 EELEC  =   -138821.3784  EHBOND  =         0.0000  RESTRAINT  =       308.4013
 EAMBER (non-restraint)  =   -112321.1698
 Ewald error estimate:   0.5507E-04
 ------------------------------------------------------------------------------

 NMR restraints: Bond =    0.000   Angle =     0.000   Torsion =     0.000
===============================================================================

 NSTEP =    19500   TIME(PS) =      39.000  TEMP(K) =   231.06  PRESS =     0.0
 Etot   =    -95590.7764  EKtot   =     15416.5723  EPtot      =   -111007.3488
 BOND   =       338.3202  ANGLE   =       859.4890  DIHED      =      1757.3219
 1-4 NB =       472.0899  1-4 EEL =      5622.3932  VDWAALS    =     17029.6948
 EELEC  =   -137405.0120  EHBOND  =         0.0000  RESTRAINT  =       318.3543
 EAMBER (non-restraint)  =   -111325.7030
 Ewald error estimate:   0.1242E-03
 ------------------------------------------------------------------------------

 NMR restraints: Bond =    0.000   Angle =     0.000   Torsion =     0.000
===============================================================================

 NSTEP =    20000   TIME(PS) =      40.000  TEMP(K) =   236.08  PRESS =     0.0
 Etot   =    -94270.0935  EKtot   =     15750.9772  EPtot      =   -110021.0706
 BOND   =       353.0380  ANGLE   =       870.1616  DIHED      =      1754.5644
 1-4 NB =       481.9969  1-4 EEL =      5581.2163  VDWAALS    =     16808.8450
 EELEC  =   -136186.7591  EHBOND  =         0.0000  RESTRAINT  =       315.8661
 EAMBER (non-restraint)  =   -110336.9368
 Ewald error estimate:   0.2791E-04
 ------------------------------------------------------------------------------

 NMR restraints: Bond =    0.000   Angle =     0.000   Torsion =     0.000
===============================================================================

 NSTEP =    20500   TIME(PS) =      41.000  TEMP(K) =   241.29  PRESS =     0.0
 Etot   =    -93026.6463  EKtot   =     16098.5705  EPtot      =   -109125.2168
 BOND   =       350.6330  ANGLE   =       899.3095  DIHED      =      1775.6634
 1-4 NB =       477.5835  1-4 EEL =      5582.9069  VDWAALS    =     16279.8081
 EELEC  =   -134808.1169  EHBOND  =         0.0000  RESTRAINT  =       316.9957
 EAMBER (non-restraint)  =   -109442.2125
 Ewald error estimate:   0.4026E-04
 ------------------------------------------------------------------------------

 NMR restraints: Bond =    0.000   Angle =     0.000   Torsion =     0.000
===============================================================================

 NSTEP =    21000   TIME(PS) =      42.000  TEMP(K) =   247.52  PRESS =     0.0
 Etot   =    -91672.3184  EKtot   =     16514.2120  EPtot      =   -108186.5304
 BOND   =       357.0255  ANGLE   =       914.7370  DIHED      =      1776.2545
 1-4 NB =       471.5266  1-4 EEL =      5586.9885  VDWAALS    =     15934.6380
 EELEC  =   -133549.5990  EHBOND  =         0.0000  RESTRAINT  =       321.8986
 EAMBER (non-restraint)  =   -108508.4290
 Ewald error estimate:   0.5325E-05
 ------------------------------------------------------------------------------

 NMR restraints: Bond =    0.000   Angle =     0.000   Torsion =     0.000
===============================================================================

 NSTEP =    21500   TIME(PS) =      43.000  TEMP(K) =   253.34  PRESS =     0.0
 Etot   =    -90167.5453  EKtot   =     16902.7974  EPtot      =   -107070.3426
 BOND   =       380.5488  ANGLE   =       917.9942  DIHED      =      1778.3658
 1-4 NB =       473.1558  1-4 EEL =      5605.1556  VDWAALS    =     15848.5017
 EELEC  =   -132415.6016  EHBOND  =         0.0000  RESTRAINT  =       341.5370
 EAMBER (non-restraint)  =   -107411.8796
 Ewald error estimate:   0.9709E-05
 ------------------------------------------------------------------------------

 NMR restraints: Bond =    0.000   Angle =     0.000   Torsion =     0.000
===============================================================================

 NSTEP =    22000   TIME(PS) =      44.000  TEMP(K) =   259.91  PRESS =     0.0
 Etot   =    -88725.3073  EKtot   =     17341.1178  EPtot      =   -106066.4251
 BOND   =       383.2732  ANGLE   =       934.8674  DIHED      =      1777.8743
 1-4 NB =       485.6627  1-4 EEL =      5614.2667  VDWAALS    =     15394.4541
 EELEC  =   -131012.4382  EHBOND  =         0.0000  RESTRAINT  =       355.6148
 EAMBER (non-restraint)  =   -106422.0399
 Ewald error estimate:   0.1368E-03
 ------------------------------------------------------------------------------

 NMR restraints: Bond =    0.000   Angle =     0.000   Torsion =     0.000
===============================================================================

 NSTEP =    22500   TIME(PS) =      45.000  TEMP(K) =   269.01  PRESS =     0.0
 Etot   =    -87474.4446  EKtot   =     17948.2852  EPtot      =   -105422.7299
 BOND   =       395.1411  ANGLE   =       977.5300  DIHED      =      1799.0697
 1-4 NB =       478.3224  1-4 EEL =      5603.2001  VDWAALS    =     14993.1022
 EELEC  =   -130023.7113  EHBOND  =         0.0000  RESTRAINT  =       354.6160
 EAMBER (non-restraint)  =   -105777.3458
 Ewald error estimate:   0.4959E-04
 ------------------------------------------------------------------------------

 NMR restraints: Bond =    0.000   Angle =     0.000   Torsion =     0.000
===============================================================================

 NSTEP =    23000   TIME(PS) =      46.000  TEMP(K) =   272.31  PRESS =     0.0
 Etot   =    -86148.0078  EKtot   =     18168.3592  EPtot      =   -104316.3669
 BOND   =       369.0534  ANGLE   =      1026.1964  DIHED      =      1781.1752
 1-4 NB =       496.6132  1-4 EEL =      5610.7054  VDWAALS    =     14793.6913
 EELEC  =   -128755.7045  EHBOND  =         0.0000  RESTRAINT  =       361.9026
 EAMBER (non-restraint)  =   -104678.2695
 Ewald error estimate:   0.1207E-05
 ------------------------------------------------------------------------------

 NMR restraints: Bond =    0.000   Angle =     0.000   Torsion =     0.000
===============================================================================

 NSTEP =    23500   TIME(PS) =      47.000  TEMP(K) =   276.52  PRESS =     0.0
 Etot   =    -84953.3285  EKtot   =     18449.6861  EPtot      =   -103403.0146
 BOND   =       410.8269  ANGLE   =       979.7747  DIHED      =      1787.9998
 1-4 NB =       490.8890  1-4 EEL =      5602.1848  VDWAALS    =     14282.3022
 EELEC  =   -127308.7012  EHBOND  =         0.0000  RESTRAINT  =       351.7092
 EAMBER (non-restraint)  =   -103754.7238
 Ewald error estimate:   0.1540E-05
 ------------------------------------------------------------------------------

 NMR restraints: Bond =    0.000   Angle =     0.000   Torsion =     0.000
===============================================================================

 NSTEP =    24000   TIME(PS) =      48.000  TEMP(K) =   287.23  PRESS =     0.0
 Etot   =    -83481.2483  EKtot   =     19164.2981  EPtot      =   -102645.5464
 BOND   =       411.1801  ANGLE   =       987.5483  DIHED      =      1783.8800
 1-4 NB =       501.9710  1-4 EEL =      5604.8954  VDWAALS    =     14085.7251
 EELEC  =   -126390.3847  EHBOND  =         0.0000  RESTRAINT  =       369.6385
 EAMBER (non-restraint)  =   -103015.1848
 Ewald error estimate:   0.5565E-04
 ------------------------------------------------------------------------------

 NMR restraints: Bond =    0.000   Angle =     0.000   Torsion =     0.000
===============================================================================

 NSTEP =    24500   TIME(PS) =      49.000  TEMP(K) =   288.70  PRESS =     0.0
 Etot   =    -82526.6112  EKtot   =     19262.1388  EPtot      =   -101788.7501
 BOND   =       392.8931  ANGLE   =       997.8243  DIHED      =      1791.6010
 1-4 NB =       484.1517  1-4 EEL =      5624.2572  VDWAALS    =     13879.4249
 EELEC  =   -125331.1323  EHBOND  =         0.0000  RESTRAINT  =       372.2302
 EAMBER (non-restraint)  =   -102160.9803
 Ewald error estimate:   0.3624E-04
 ------------------------------------------------------------------------------

 NMR restraints: Bond =    0.000   Angle =     0.000   Torsion =     0.000
===============================================================================

 NSTEP =    25000   TIME(PS) =      50.000  TEMP(K) =   296.75  PRESS =     0.0
 Etot   =    -81167.0985  EKtot   =     19798.8239  EPtot      =   -100965.9224
 BOND   =       403.2377  ANGLE   =      1042.1400  DIHED      =      1816.9254
 1-4 NB =       473.6500  1-4 EEL =      5620.7196  VDWAALS    =     13708.4343
 EELEC  =   -124441.3834  EHBOND  =         0.0000  RESTRAINT  =       410.3539
 EAMBER (non-restraint)  =   -101376.2763
 Ewald error estimate:   0.2070E-04
 ------------------------------------------------------------------------------

 NMR restraints: Bond =    0.000   Angle =     0.000   Torsion =     0.000
===============================================================================

      A V E R A G E S   O V E R   25000 S T E P S


 NSTEP =    25000   TIME(PS) =      50.000  TEMP(K) =   148.70  PRESS =     0.0
 Etot   =   -107792.2627  EKtot   =      9921.0017  EPtot      =   -117713.2644
 BOND   =       243.7796  ANGLE   =       653.2076  DIHED      =      1709.1529
 1-4 NB =       459.7854  1-4 EEL =      5610.2816  VDWAALS    =     19329.4582
 EELEC  =   -145975.0929  EHBOND  =         0.0000  RESTRAINT  =       256.1632
 EAMBER (non-restraint)  =   -117969.4275
 Ewald error estimate:   0.1800E-03
 ------------------------------------------------------------------------------

 NMR restraints: Bond =    0.000   Angle =     0.000   Torsion =     0.000
===============================================================================

      R M S  F L U C T U A T I O N S


 NSTEP =    25000   TIME(PS) =      50.000  TEMP(K) =    83.38  PRESS =     0.0
 Etot   =     13146.4482  EKtot   =      5563.0781  EPtot      =      7667.1083
 BOND   =        99.7455  ANGLE   =       217.8231  DIHED      =        51.8175
 1-4 NB =        15.3812  1-4 EEL =        15.1347  VDWAALS    =      2595.3401
 EELEC  =      9799.8442  EHBOND  =         0.0000  RESTRAINT  =        66.8665
 EAMBER (non-restraint)  =      7600.2417
 Ewald error estimate:   0.9815E-04
 ------------------------------------------------------------------------------


 NMR restraints on final step:


--------------------------------------------------------------------------------
   5.  TIMINGS
--------------------------------------------------------------------------------

|                Build the list           265.54 (99.37% of List )
|                Other                      1.68 ( 0.63% of List )
|             List time                267.22 ( 5.93% of Nonbo)
|                   Short_ene time          3474.10 (99.20% of Direc)
|                   Other                     28.11 ( 0.80% of Direc)
|                Direct Ewald time       3502.21 (82.69% of Ewald)
|                Adjust Ewald time         37.54 ( 0.89% of Ewald)
|                   Fill Bspline coeffs       30.54 ( 4.43% of Recip)
|                   Fill charge grid          89.53 (13.00% of Recip)
|                   Scalar sum               108.23 (15.71% of Recip)
|                   Grad sum                 198.13 (28.76% of Recip)
|                   FFT time                 262.35 (38.09% of Recip)
|                   Other                      0.08 ( 0.01% of Recip)
|                Recip Ewald time         688.85 (16.26% of Ewald)
|                Force Adjust               1.16 ( 0.03% of Ewald)
|                Virial junk                1.80 ( 0.04% of Ewald)
|                Other                      3.67 ( 0.09% of Ewald)
|             Ewald time              4235.28 (94.06% of Nonbo)
|          Nonbond force           4502.53 (99.52% of Force)
|          Bond/Angle/Dihedral       20.46 ( 0.45% of Force)
|          Other                      1.04 ( 0.02% of Force)
|       Force time              4524.03 (96.62% of Runmd)
|       Shake time                26.42 ( 0.56% of Runmd)
|       Verlet update time       130.08 ( 2.78% of Runmd)
|       Other                      1.72 ( 0.04% of Runmd)
|    Runmd Time              4682.24 (100.0% of Total)
| Total time              4682.41 (100.0% of ALL  )

| Number of list builds   :       1577

| Highest rstack allocated:    1808591
| Highest istack allocated:      33025

| Final Performance Info:
| -----------------------------------------------------
| Average timings for all steps:
|     Elapsed(s) =    4682.24 Per Step(ms) =     187.29
|         ns/day =       0.92   seconds/ns =   93644.85
| -----------------------------------------------------

|           Job began  at 17:11:09.031  on 08/25/2023
|           Setup done at 17:11:09.198  on 08/25/2023
|           Run   done at 18:29:11.441  on 08/25/2023
|     wallclock() was called 1103255 times
