
          -------------------------------------------------------
          Amber 16 SANDER                              2016
          -------------------------------------------------------

| Run on 08/25/2023 at 09:36:28

|   Executable path: sander
| Working directory: /blue/kgraim/zfg2013/Amber
|          Hostname: c1109a-s11.ufhpc

  [-O]verwriting output

File Assignments:
|  MDIN: heat.in                                                               
| MDOUT: heat.out                                                              
|INPCRD: min.rst                                                               
|  PARM: complex_solvated.prmtop                                               
|RESTRT: heat.rst                                                              
|  REFC: min.rst                                                               
| MDVEL: mdvel                                                                 
| MDFRC: mdfrc                                                                 
|  MDEN: mden                                                                  
| MDCRD: heat.mdcrd                                                            
|MDINFO: mdinfo                                                                
|  MTMD: mtmd                                                                  
|INPDIP: inpdip                                                                
|RSTDIP: rstdip                                                                
|INPTRA: inptraj                                                               

 
 Here is the input file:
 
heat the protein complex                                                       
&cntrl                                                                         
  imin=0,irest=0,ntx=1,                                                        
  nstlim=25000,dt=0.002,                                                       
  ntc=2,ntf=2,                                                                 
  cut=8.0,                                                                     
  ntpr=500, ntwx=500,                                                          
  ntt=3, gamma_ln=2.0,                                                         
  tempi=0.0, temp0=300.0, ig=-1,                                               
  ntr=1, restraintmask=':1-242',                                               
  restraint_wt=2.0,                                                            
  nmropt=1                                                                     
 /                                                                             
 &wt TYPE='TEMP0', istep1=0, istep2=25000,                                     
  value1=0.1, value2=300.0, /                                                  
 &wt TYPE='END' /                                                              

--------------------------------------------------------------------------------
   1.  RESOURCE   USE: 
--------------------------------------------------------------------------------

| Flags:                                                                        
 getting box info from netcdf restart file
| NetCDF restart box info found
|Largest sphere to fit in unit cell has radius =    32.372
| New format PARM file being parsed.
| Version =    1.000 Date = 08/25/23 Time = 09:22:55
 NATOM  =   33025 NTYPES =      16 NBONH =   31925 MBONA  =    1141
 NTHETH =    2323 MTHETA =    1561 NPHIH =    4820 MPHIA  =    4805
 NHPARM =       0 NPARM  =       0 NNB   =   52973 NRES   =   10441
 NBONA  =    1141 NTHETA =    1561 NPHIA =    4805 NUMBND =      65
 NUMANG =     148 NPTRA  =     185 NATYP =      33 NPHB   =       1
 IFBOX  =       1 NMXRS  =      24 IFCAP =       0 NEXTRA =       0
 NCOPY  =       0


|     Memory Use     Allocated
|     Real             2400284
|     Hollerith         109518
|     Integer          1231742
|     Max Pairs       11008333
|     nblistReal        396300
|     nblist Int       1735042
|       Total            76866 kbytes

| Note: 1-4 EEL scale factors are being read from the topology file.

| Note: 1-4 VDW scale factors are being read from the topology file.
| Duplicated    0 dihedrals
| Duplicated    0 dihedrals

     BOX TYPE: RECTILINEAR
Note: ig = -1. Setting random seed to   625093 based on wallclock time in microseconds.

--------------------------------------------------------------------------------
   2.  CONTROL  DATA  FOR  THE  RUN
--------------------------------------------------------------------------------

default_name                                                                    

General flags:
     imin    =       0, nmropt  =       1

Nature and format of input:
     ntx     =       1, irest   =       0, ntrx    =       1

Nature and format of output:
     ntxo    =       2, ntpr    =     500, ntrx    =       1, ntwr    =   25000
     iwrap   =       0, ntwx    =     500, ntwv    =       0, ntwe    =       0
     ioutfm  =       1, ntwprt  =       0, idecomp =       0, rbornstat=      0

Potential function:
     ntf     =       2, ntb     =       1, igb     =       0, nsnb    =      25
     ipol    =       0, gbsa    =       0, iesp    =       0
     dielc   =   1.00000, cut     =   8.00000, intdiel =   1.00000

Frozen or restrained atoms:
     ibelly  =       0, ntr     =       1
     restraint_wt =   2.00000

Molecular dynamics:
     nstlim  =     25000, nscm    =         0, nrespa  =         1
     t       =   0.00000, dt      =   0.00200, vlimit  =  20.00000

Langevin dynamics temperature regulation:
     ig      =  625093
     temp0   = 300.00000, tempi   =   0.00000, gamma_ln=   2.00000

SHAKE:
     ntc     =       2, jfastw  =       0
     tol     =   0.00001

NMR refinement options:
     iscale  =       0, noeskp  =       1, ipnlty  =       1, mxsub   =       1
     scalm   = 100.00000, pencut  =   0.10000, tausw   =   0.10000

Ewald parameters:
     verbose =       0, ew_type =       0, nbflag  =       1, use_pme =       1
     vdwmeth =       1, eedmeth =       1, netfrc  =       1
     Box X =   85.235   Box Y =   64.744   Box Z =   74.743
     Alpha =   90.000   Beta  =   90.000   Gamma =   90.000
     NFFT1 =   90       NFFT2 =   64       NFFT3 =   75
     Cutoff=    8.000   Tol   =0.100E-04
     Ewald Coefficient =  0.34864
     Interpolation order =    4
|  INFO: Old style inpcrd file read


    LOADING THE CONSTRAINED ATOMS AS GROUPS


   5.  REFERENCE ATOM COORDINATES

  defa
     Mask :1-242; matches  2428 atoms

--------------------------------------------------------------------------------
   3.  ATOMIC COORDINATES AND VELOCITIES
--------------------------------------------------------------------------------

default_name                                                                    
 begin time read from input coords =     0.000 ps



           Begin reading energy term weight changes/NMR restraints
 WEIGHT CHANGES:
 TEMP0         0  25000    0.100000  300.000000      0      0

 RESTRAINTS:
                          ** No restraint defined **

                  Done reading weight changes/NMR restraints


 Number of triangulated 3-point waters found:    10304

     Sum of charges from parm topology file =  -7.00000005
     Assuming uniform neutralizing plasma

--------------------------------------------------------------------------------
   4.  RESULTS
--------------------------------------------------------------------------------

|  # of SOLUTE  degrees of freedom (RNDFP):   67150.
|  # of SOLVENT degrees of freedom (RNDFS):       0.
|  NDFMIN =   67150.     NUM_NOSHAKE =      0     CORRECTED RNDFP =   67150.
|  TOTAL # of degrees of freedom (RNDF) =   67150.
 ---------------------------------------------------
 APPROXIMATING switch and d/dx switch using CUBIC SPLINE INTERPOLATION
 using   5000.0 points per unit in tabled values
 TESTING RELATIVE ERROR over r ranging from 0.0 to cutoff
| CHECK switch(x): max rel err =   0.2738E-14   at   2.422500
| CHECK d/dx switch(x): max rel err =   0.8314E-11   at   2.736960
 ---------------------------------------------------
| Local SIZE OF NONBOND LIST =    5689894
| TOTAL SIZE OF NONBOND LIST =    5689894

 NSTEP =        0   TIME(PS) =       0.000  TEMP(K) =     0.00  PRESS =     0.0
 Etot   =    -94431.4397  EKtot   =         0.0000  EPtot      =    -94431.4397
 BOND   =       102.5832  ANGLE   =       320.8953  DIHED      =      1672.7735
 1-4 NB =       482.0766  1-4 EEL =      5739.1053  VDWAALS    =      5529.2550
 EELEC  =   -108278.1285  EHBOND  =         0.0000  RESTRAINT  =         0.0000
 Ewald error estimate:   0.5647E-03
 ------------------------------------------------------------------------------

 NMR restraints: Bond =    0.000   Angle =     0.000   Torsion =     0.000
===============================================================================

 NSTEP =      500   TIME(PS) =       1.000  TEMP(K) =    46.47  PRESS =     0.0
 Etot   =   -117633.6853  EKtot   =      3100.5900  EPtot      =   -120734.2753
 BOND   =        79.2901  ANGLE   =       290.2911  DIHED      =      1650.5161
 1-4 NB =       446.0862  1-4 EEL =      5657.3958  VDWAALS    =     20982.0387
 EELEC  =   -150092.0413  EHBOND  =         0.0000  RESTRAINT  =       252.1480
 EAMBER (non-restraint)  =   -120986.4233
 Ewald error estimate:   0.1999E-03
 ------------------------------------------------------------------------------

 NMR restraints: Bond =    0.000   Angle =     0.000   Torsion =     0.000
===============================================================================

 NSTEP =     1000   TIME(PS) =       2.000  TEMP(K) =    18.63  PRESS =     0.0
 Etot   =   -122853.3874  EKtot   =      1243.1571  EPtot      =   -124096.5445
 BOND   =        77.5557  ANGLE   =       291.7881  DIHED      =      1641.7761
 1-4 NB =       448.6409  1-4 EEL =      5671.7750  VDWAALS    =     22996.7448
 EELEC  =   -155469.0678  EHBOND  =         0.0000  RESTRAINT  =       244.2427
 EAMBER (non-restraint)  =   -124340.7872
 Ewald error estimate:   0.4395E-03
 ------------------------------------------------------------------------------

 NMR restraints: Bond =    0.000   Angle =     0.000   Torsion =     0.000
===============================================================================

 NSTEP =     1500   TIME(PS) =       3.000  TEMP(K) =    17.51  PRESS =     0.0
 Etot   =   -123399.3818  EKtot   =      1167.9972  EPtot      =   -124567.3790
 BOND   =        82.7855  ANGLE   =       306.0040  DIHED      =      1638.4143
 1-4 NB =       451.9299  1-4 EEL =      5669.7941  VDWAALS    =     23537.4028
 EELEC  =   -156497.3627  EHBOND  =         0.0000  RESTRAINT  =       243.6531
 EAMBER (non-restraint)  =   -124811.0321
 Ewald error estimate:   0.3740E-03
 ------------------------------------------------------------------------------

 NMR restraints: Bond =    0.000   Angle =     0.000   Torsion =     0.000
===============================================================================

 NSTEP =     2000   TIME(PS) =       4.000  TEMP(K) =    22.14  PRESS =     0.0
 Etot   =   -123024.6985  EKtot   =      1477.3142  EPtot      =   -124502.0126
 BOND   =        91.0845  ANGLE   =       322.0915  DIHED      =      1647.1398
 1-4 NB =       455.0344  1-4 EEL =      5670.5727  VDWAALS    =     23527.1695
 EELEC  =   -156461.7536  EHBOND  =         0.0000  RESTRAINT  =       246.6485
 EAMBER (non-restraint)  =   -124748.6611
 Ewald error estimate:   0.4216E-03
 ------------------------------------------------------------------------------

 NMR restraints: Bond =    0.000   Angle =     0.000   Torsion =     0.000
===============================================================================

 NSTEP =     2500   TIME(PS) =       5.000  TEMP(K) =    27.66  PRESS =     0.0
 Etot   =   -122385.7545  EKtot   =      1845.2497  EPtot      =   -124231.0042
 BOND   =        99.0650  ANGLE   =       339.4289  DIHED      =      1652.3378
 1-4 NB =       452.7171  1-4 EEL =      5663.5012  VDWAALS    =     23423.3442
 EELEC  =   -156113.8892  EHBOND  =         0.0000  RESTRAINT  =       252.4908
 EAMBER (non-restraint)  =   -124483.4950
 Ewald error estimate:   0.4118E-03
 ------------------------------------------------------------------------------

 NMR restraints: Bond =    0.000   Angle =     0.000   Torsion =     0.000
===============================================================================

 NSTEP =     3000   TIME(PS) =       6.000  TEMP(K) =    33.84  PRESS =     0.0
 Etot   =   -121669.6443  EKtot   =      2257.7539  EPtot      =   -123927.3982
 BOND   =       104.7362  ANGLE   =       348.0690  DIHED      =      1655.7508
 1-4 NB =       454.6481  1-4 EEL =      5669.2304  VDWAALS    =     23289.4119
 EELEC  =   -155703.1987  EHBOND  =         0.0000  RESTRAINT  =       253.9541
 EAMBER (non-restraint)  =   -124181.3522
 Ewald error estimate:   0.3550E-03
 ------------------------------------------------------------------------------

 NMR restraints: Bond =    0.000   Angle =     0.000   Torsion =     0.000
===============================================================================

 NSTEP =     3500   TIME(PS) =       7.000  TEMP(K) =    39.18  PRESS =     0.0
 Etot   =   -120995.4686  EKtot   =      2613.8523  EPtot      =   -123609.3209
 BOND   =       112.4917  ANGLE   =       366.2052  DIHED      =      1657.9388
 1-4 NB =       454.9674  1-4 EEL =      5673.6955  VDWAALS    =     23050.8135
 EELEC  =   -155183.7690  EHBOND  =         0.0000  RESTRAINT  =       258.3358
 EAMBER (non-restraint)  =   -123867.6568
 Ewald error estimate:   0.3484E-03
 ------------------------------------------------------------------------------

 NMR restraints: Bond =    0.000   Angle =     0.000   Torsion =     0.000
===============================================================================

 NSTEP =     4000   TIME(PS) =       8.000  TEMP(K) =    45.48  PRESS =     0.0
 Etot   =   -120267.0068  EKtot   =      3034.6176  EPtot      =   -123301.6245
 BOND   =       114.1055  ANGLE   =       377.4123  DIHED      =      1655.2138
 1-4 NB =       456.6779  1-4 EEL =      5673.2108  VDWAALS    =     23025.9593
 EELEC  =   -154870.4043  EHBOND  =         0.0000  RESTRAINT  =       266.2002
 EAMBER (non-restraint)  =   -123567.8247
 Ewald error estimate:   0.3568E-03
 ------------------------------------------------------------------------------

 NMR restraints: Bond =    0.000   Angle =     0.000   Torsion =     0.000
===============================================================================

 NSTEP =     4500   TIME(PS) =       9.000  TEMP(K) =    51.61  PRESS =     0.0
 Etot   =   -119545.2644  EKtot   =      3443.5092  EPtot      =   -122988.7736
 BOND   =       117.2913  ANGLE   =       395.9850  DIHED      =      1662.5864
 1-4 NB =       458.3622  1-4 EEL =      5661.4428  VDWAALS    =     22765.7525
 EELEC  =   -154326.3117  EHBOND  =         0.0000  RESTRAINT  =       276.1180
 EAMBER (non-restraint)  =   -123264.8916
 Ewald error estimate:   0.3535E-03
 ------------------------------------------------------------------------------

 NMR restraints: Bond =    0.000   Angle =     0.000   Torsion =     0.000
===============================================================================

 NSTEP =     5000   TIME(PS) =      10.000  TEMP(K) =    57.56  PRESS =     0.0
 Etot   =   -118853.8035  EKtot   =      3840.1719  EPtot      =   -122693.9754
 BOND   =       134.7065  ANGLE   =       414.2919  DIHED      =      1666.7401
 1-4 NB =       457.3525  1-4 EEL =      5659.0563  VDWAALS    =     22732.3732
 EELEC  =   -154035.3480  EHBOND  =         0.0000  RESTRAINT  =       276.8522
 EAMBER (non-restraint)  =   -122970.8276
 Ewald error estimate:   0.3369E-03
 ------------------------------------------------------------------------------

 NMR restraints: Bond =    0.000   Angle =     0.000   Torsion =     0.000
===============================================================================

 NSTEP =     5500   TIME(PS) =      11.000  TEMP(K) =    63.36  PRESS =     0.0
 Etot   =   -118106.2080  EKtot   =      4227.4105  EPtot      =   -122333.6185
 BOND   =       141.1013  ANGLE   =       435.3576  DIHED      =      1672.9527
 1-4 NB =       454.0298  1-4 EEL =      5656.5637  VDWAALS    =     22320.6206
 EELEC  =   -153304.6176  EHBOND  =         0.0000  RESTRAINT  =       290.3734
 EAMBER (non-restraint)  =   -122623.9920
 Ewald error estimate:   0.3644E-03
 ------------------------------------------------------------------------------

 NMR restraints: Bond =    0.000   Angle =     0.000   Torsion =     0.000
===============================================================================

 NSTEP =     6000   TIME(PS) =      12.000  TEMP(K) =    69.45  PRESS =     0.0
 Etot   =   -117398.3651  EKtot   =      4633.9583  EPtot      =   -122032.3234
 BOND   =       141.8566  ANGLE   =       443.6534  DIHED      =      1675.3312
 1-4 NB =       461.4307  1-4 EEL =      5671.0352  VDWAALS    =     22409.0582
 EELEC  =   -153116.6774  EHBOND  =         0.0000  RESTRAINT  =       281.9888
 EAMBER (non-restraint)  =   -122314.3122
 Ewald error estimate:   0.3427E-03
 ------------------------------------------------------------------------------

 NMR restraints: Bond =    0.000   Angle =     0.000   Torsion =     0.000
===============================================================================

 NSTEP =     6500   TIME(PS) =      13.000  TEMP(K) =    76.04  PRESS =     0.0
 Etot   =   -116604.0034  EKtot   =      5073.5667  EPtot      =   -121677.5701
 BOND   =       145.2825  ANGLE   =       451.1841  DIHED      =      1673.0856
 1-4 NB =       462.6450  1-4 EEL =      5676.0800  VDWAALS    =     22131.6158
 EELEC  =   -152508.5086  EHBOND  =         0.0000  RESTRAINT  =       291.0455
 EAMBER (non-restraint)  =   -121968.6156
 Ewald error estimate:   0.3360E-03
 ------------------------------------------------------------------------------

 NMR restraints: Bond =    0.000   Angle =     0.000   Torsion =     0.000
===============================================================================

 NSTEP =     7000   TIME(PS) =      14.000  TEMP(K) =    81.82  PRESS =     0.0
 Etot   =   -115923.5162  EKtot   =      5458.8367  EPtot      =   -121382.3529
 BOND   =       155.4197  ANGLE   =       483.0479  DIHED      =      1683.7916
 1-4 NB =       468.6065  1-4 EEL =      5664.7266  VDWAALS    =     21961.0092
 EELEC  =   -152079.7377  EHBOND  =         0.0000  RESTRAINT  =       280.7832
 EAMBER (non-restraint)  =   -121663.1362
 Ewald error estimate:   0.3546E-03
 ------------------------------------------------------------------------------

 NMR restraints: Bond =    0.000   Angle =     0.000   Torsion =     0.000
===============================================================================

 NSTEP =     7500   TIME(PS) =      15.000  TEMP(K) =    86.91  PRESS =     0.0
 Etot   =   -115289.8333  EKtot   =      5798.4353  EPtot      =   -121088.2686
 BOND   =       167.6837  ANGLE   =       496.4965  DIHED      =      1695.7379
 1-4 NB =       456.9083  1-4 EEL =      5672.8935  VDWAALS    =     21958.6805
 EELEC  =   -151819.3587  EHBOND  =         0.0000  RESTRAINT  =       282.6897
 EAMBER (non-restraint)  =   -121370.9583
 Ewald error estimate:   0.2591E-03
 ------------------------------------------------------------------------------

 NMR restraints: Bond =    0.000   Angle =     0.000   Torsion =     0.000
===============================================================================

 NSTEP =     8000   TIME(PS) =      16.000  TEMP(K) =    93.32  PRESS =     0.0
 Etot   =   -114594.6318  EKtot   =      6226.1871  EPtot      =   -120820.8189
 BOND   =       173.6448  ANGLE   =       510.0829  DIHED      =      1695.5260
 1-4 NB =       465.7083  1-4 EEL =      5677.1105  VDWAALS    =     21791.3914
 EELEC  =   -151421.6791  EHBOND  =         0.0000  RESTRAINT  =       287.3962
 EAMBER (non-restraint)  =   -121108.2151
 Ewald error estimate:   0.3005E-03
 ------------------------------------------------------------------------------

 NMR restraints: Bond =    0.000   Angle =     0.000   Torsion =     0.000
===============================================================================

 NSTEP =     8500   TIME(PS) =      17.000  TEMP(K) =    98.75  PRESS =     0.0
 Etot   =   -113844.0926  EKtot   =      6588.7466  EPtot      =   -120432.8391
 BOND   =       174.4136  ANGLE   =       535.0792  DIHED      =      1679.6787
 1-4 NB =       471.9641  1-4 EEL =      5680.2113  VDWAALS    =     21559.7635
 EELEC  =   -150828.7680  EHBOND  =         0.0000  RESTRAINT  =       294.8185
 EAMBER (non-restraint)  =   -120727.6576
 Ewald error estimate:   0.2818E-03
 ------------------------------------------------------------------------------

 NMR restraints: Bond =    0.000   Angle =     0.000   Torsion =     0.000
===============================================================================

 NSTEP =     9000   TIME(PS) =      18.000  TEMP(K) =   105.27  PRESS =     0.0
 Etot   =   -113073.9592  EKtot   =      7023.4807  EPtot      =   -120097.4399
 BOND   =       182.5606  ANGLE   =       506.6127  DIHED      =      1701.8148
 1-4 NB =       462.3661  1-4 EEL =      5674.0603  VDWAALS    =     21552.3686
 EELEC  =   -150484.2027  EHBOND  =         0.0000  RESTRAINT  =       306.9797
 EAMBER (non-restraint)  =   -120404.4196
 Ewald error estimate:   0.2893E-03
 ------------------------------------------------------------------------------

 NMR restraints: Bond =    0.000   Angle =     0.000   Torsion =     0.000
===============================================================================

 NSTEP =     9500   TIME(PS) =      19.000  TEMP(K) =   112.32  PRESS =     0.0
 Etot   =   -112176.3978  EKtot   =      7494.2974  EPtot      =   -119670.6952
 BOND   =       191.1548  ANGLE   =       558.2550  DIHED      =      1693.0892
 1-4 NB =       466.2054  1-4 EEL =      5658.6866  VDWAALS    =     21320.8340
 EELEC  =   -149862.4666  EHBOND  =         0.0000  RESTRAINT  =       303.5464
 EAMBER (non-restraint)  =   -119974.2416
 Ewald error estimate:   0.2898E-03
 ------------------------------------------------------------------------------

 NMR restraints: Bond =    0.000   Angle =     0.000   Torsion =     0.000
===============================================================================

 NSTEP =    10000   TIME(PS) =      20.000  TEMP(K) =   117.28  PRESS =     0.0
 Etot   =   -111566.3008  EKtot   =      7825.0646  EPtot      =   -119391.3655
 BOND   =       204.6639  ANGLE   =       555.2384  DIHED      =      1699.0695
 1-4 NB =       472.1261  1-4 EEL =      5657.7703  VDWAALS    =     21144.3559
 EELEC  =   -149433.9493  EHBOND  =         0.0000  RESTRAINT  =       309.3598
 EAMBER (non-restraint)  =   -119700.7253
 Ewald error estimate:   0.2960E-03
 ------------------------------------------------------------------------------

 NMR restraints: Bond =    0.000   Angle =     0.000   Torsion =     0.000
===============================================================================

 NSTEP =    10500   TIME(PS) =      21.000  TEMP(K) =   123.55  PRESS =     0.0
 Etot   =   -110813.8702  EKtot   =      8243.0842  EPtot      =   -119056.9544
 BOND   =       202.0317  ANGLE   =       585.4697  DIHED      =      1709.5375
 1-4 NB =       468.9479  1-4 EEL =      5664.8041  VDWAALS    =     20951.3371
 EELEC  =   -148949.0681  EHBOND  =         0.0000  RESTRAINT  =       309.9857
 EAMBER (non-restraint)  =   -119366.9400
 Ewald error estimate:   0.2207E-03
 ------------------------------------------------------------------------------

 NMR restraints: Bond =    0.000   Angle =     0.000   Torsion =     0.000
===============================================================================

 NSTEP =    11000   TIME(PS) =      22.000  TEMP(K) =   129.14  PRESS =     0.0
 Etot   =   -110134.0625  EKtot   =      8616.5040  EPtot      =   -118750.5665
 BOND   =       208.6599  ANGLE   =       589.7219  DIHED      =      1714.8689
 1-4 NB =       464.3208  1-4 EEL =      5656.5003  VDWAALS    =     20588.4104
 EELEC  =   -148284.4087  EHBOND  =         0.0000  RESTRAINT  =       311.3600
 EAMBER (non-restraint)  =   -119061.9265
 Ewald error estimate:   0.2361E-03
 ------------------------------------------------------------------------------

 NMR restraints: Bond =    0.000   Angle =     0.000   Torsion =     0.000
===============================================================================

 NSTEP =    11500   TIME(PS) =      23.000  TEMP(K) =   135.66  PRESS =     0.0
 Etot   =   -109393.5343  EKtot   =      9051.1058  EPtot      =   -118444.6401
 BOND   =       225.5316  ANGLE   =       591.6544  DIHED      =      1719.3452
 1-4 NB =       484.3704  1-4 EEL =      5649.9383  VDWAALS    =     20684.0512
 EELEC  =   -148130.9365  EHBOND  =         0.0000  RESTRAINT  =       331.4054
 EAMBER (non-restraint)  =   -118776.0454
 Ewald error estimate:   0.2407E-03
 ------------------------------------------------------------------------------

 NMR restraints: Bond =    0.000   Angle =     0.000   Torsion =     0.000
===============================================================================

 NSTEP =    12000   TIME(PS) =      24.000  TEMP(K) =   139.62  PRESS =     0.0
 Etot   =   -108572.2085  EKtot   =      9315.5033  EPtot      =   -117887.7118
 BOND   =       227.1678  ANGLE   =       630.0413  DIHED      =      1721.2973
 1-4 NB =       457.0575  1-4 EEL =      5651.1690  VDWAALS    =     20480.8637
 EELEC  =   -147364.5704  EHBOND  =         0.0000  RESTRAINT  =       309.2621
 EAMBER (non-restraint)  =   -118196.9739
 Ewald error estimate:   0.3427E-03
 ------------------------------------------------------------------------------

 NMR restraints: Bond =    0.000   Angle =     0.000   Torsion =     0.000
===============================================================================

 NSTEP =    12500   TIME(PS) =      25.000  TEMP(K) =   147.33  PRESS =     0.0
 Etot   =   -107747.6070  EKtot   =      9829.8753  EPtot      =   -117577.4823
 BOND   =       242.3017  ANGLE   =       658.2470  DIHED      =      1734.7300
 1-4 NB =       461.5090  1-4 EEL =      5639.6580  VDWAALS    =     20126.3487
 EELEC  =   -146767.1105  EHBOND  =         0.0000  RESTRAINT  =       326.8337
 EAMBER (non-restraint)  =   -117904.3160
 Ewald error estimate:   0.3233E-03
 ------------------------------------------------------------------------------

 NMR restraints: Bond =    0.000   Angle =     0.000   Torsion =     0.000
===============================================================================

 NSTEP =    13000   TIME(PS) =      26.000  TEMP(K) =   152.68  PRESS =     0.0
 Etot   =   -106837.4558  EKtot   =     10186.9959  EPtot      =   -117024.4517
 BOND   =       252.0340  ANGLE   =       660.2831  DIHED      =      1716.6793
 1-4 NB =       479.0047  1-4 EEL =      5647.8519  VDWAALS    =     20015.9243
 EELEC  =   -146138.6763  EHBOND  =         0.0000  RESTRAINT  =       342.4473
 EAMBER (non-restraint)  =   -117366.8990
 Ewald error estimate:   0.2474E-03
 ------------------------------------------------------------------------------

 NMR restraints: Bond =    0.000   Angle =     0.000   Torsion =     0.000
===============================================================================

 NSTEP =    13500   TIME(PS) =      27.000  TEMP(K) =   159.32  PRESS =     0.0
 Etot   =   -106098.1611  EKtot   =     10629.7597  EPtot      =   -116727.9208
 BOND   =       243.2136  ANGLE   =       674.9894  DIHED      =      1736.5592
 1-4 NB =       478.4751  1-4 EEL =      5653.2385  VDWAALS    =     20032.8559
 EELEC  =   -145881.4429  EHBOND  =         0.0000  RESTRAINT  =       334.1905
 EAMBER (non-restraint)  =   -117062.1113
 Ewald error estimate:   0.2773E-03
 ------------------------------------------------------------------------------

 NMR restraints: Bond =    0.000   Angle =     0.000   Torsion =     0.000
===============================================================================

 NSTEP =    14000   TIME(PS) =      28.000  TEMP(K) =   164.17  PRESS =     0.0
 Etot   =   -105343.3273  EKtot   =     10953.5039  EPtot      =   -116296.8312
 BOND   =       271.7654  ANGLE   =       673.9994  DIHED      =      1734.1033
 1-4 NB =       479.8229  1-4 EEL =      5642.7810  VDWAALS    =     19411.9958
 EELEC  =   -144851.4898  EHBOND  =         0.0000  RESTRAINT  =       340.1907
 EAMBER (non-restraint)  =   -116637.0219
 Ewald error estimate:   0.1702E-03
 ------------------------------------------------------------------------------

 NMR restraints: Bond =    0.000   Angle =     0.000   Torsion =     0.000
===============================================================================

 NSTEP =    14500   TIME(PS) =      29.000  TEMP(K) =   171.80  PRESS =     0.0
 Etot   =   -104439.6155  EKtot   =     11462.2628  EPtot      =   -115901.8784
 BOND   =       250.5320  ANGLE   =       686.5069  DIHED      =      1739.8873
 1-4 NB =       480.9429  1-4 EEL =      5654.5060  VDWAALS    =     19387.0464
 EELEC  =   -144431.2795  EHBOND  =         0.0000  RESTRAINT  =       329.9796
 EAMBER (non-restraint)  =   -116231.8580
 Ewald error estimate:   0.1538E-03
 ------------------------------------------------------------------------------

 NMR restraints: Bond =    0.000   Angle =     0.000   Torsion =     0.000
===============================================================================

 NSTEP =    15000   TIME(PS) =      30.000  TEMP(K) =   176.97  PRESS =     0.0
 Etot   =   -103498.0319  EKtot   =     11807.6924  EPtot      =   -115305.7242
 BOND   =       278.0109  ANGLE   =       725.5532  DIHED      =      1747.4656
 1-4 NB =       471.5322  1-4 EEL =      5638.3555  VDWAALS    =     19065.3170
 EELEC  =   -143582.2353  EHBOND  =         0.0000  RESTRAINT  =       350.2765
 EAMBER (non-restraint)  =   -115656.0008
 Ewald error estimate:   0.2871E-03
 ------------------------------------------------------------------------------

 NMR restraints: Bond =    0.000   Angle =     0.000   Torsion =     0.000
===============================================================================

 NSTEP =    15500   TIME(PS) =      31.000  TEMP(K) =   183.13  PRESS =     0.0
 Etot   =   -102616.7908  EKtot   =     12218.6498  EPtot      =   -114835.4406
 BOND   =       285.7276  ANGLE   =       716.6195  DIHED      =      1742.8969
 1-4 NB =       476.0632  1-4 EEL =      5673.5208  VDWAALS    =     19095.6280
 EELEC  =   -143188.1573  EHBOND  =         0.0000  RESTRAINT  =       362.2606
 EAMBER (non-restraint)  =   -115197.7012
 Ewald error estimate:   0.1217E-03
 ------------------------------------------------------------------------------

 NMR restraints: Bond =    0.000   Angle =     0.000   Torsion =     0.000
===============================================================================

 NSTEP =    16000   TIME(PS) =      32.000  TEMP(K) =   188.58  PRESS =     0.0
 Etot   =   -101759.8699  EKtot   =     12581.7643  EPtot      =   -114341.6342
 BOND   =       290.9956  ANGLE   =       749.6542  DIHED      =      1753.3743
 1-4 NB =       480.5758  1-4 EEL =      5645.8203  VDWAALS    =     18892.5998
 EELEC  =   -142500.0190  EHBOND  =         0.0000  RESTRAINT  =       345.3648
 EAMBER (non-restraint)  =   -114686.9990
 Ewald error estimate:   0.1457E-03
 ------------------------------------------------------------------------------

 NMR restraints: Bond =    0.000   Angle =     0.000   Torsion =     0.000
===============================================================================

 NSTEP =    16500   TIME(PS) =      33.000  TEMP(K) =   193.35  PRESS =     0.0
 Etot   =   -100910.2966  EKtot   =     12900.3338  EPtot      =   -113810.6304
 BOND   =       315.7152  ANGLE   =       768.7327  DIHED      =      1745.1708
 1-4 NB =       480.6312  1-4 EEL =      5645.1899  VDWAALS    =     18660.9183
 EELEC  =   -141776.3642  EHBOND  =         0.0000  RESTRAINT  =       349.3757
 EAMBER (non-restraint)  =   -114160.0061
 Ewald error estimate:   0.1338E-03
 ------------------------------------------------------------------------------

 NMR restraints: Bond =    0.000   Angle =     0.000   Torsion =     0.000
===============================================================================

 NSTEP =    17000   TIME(PS) =      34.000  TEMP(K) =   201.54  PRESS =     0.0
 Etot   =    -99752.4543  EKtot   =     13446.5595  EPtot      =   -113199.0139
 BOND   =       298.0305  ANGLE   =       787.1034  DIHED      =      1765.6732
 1-4 NB =       478.0968  1-4 EEL =      5647.8108  VDWAALS    =     18571.8907
 EELEC  =   -141109.8271  EHBOND  =         0.0000  RESTRAINT  =       362.2079
 EAMBER (non-restraint)  =   -113561.2218
 Ewald error estimate:   0.1335E-03
 ------------------------------------------------------------------------------

 NMR restraints: Bond =    0.000   Angle =     0.000   Torsion =     0.000
===============================================================================

 NSTEP =    17500   TIME(PS) =      35.000  TEMP(K) =   206.39  PRESS =     0.0
 Etot   =    -98646.5947  EKtot   =     13770.1452  EPtot      =   -112416.7399
 BOND   =       305.1021  ANGLE   =       784.3988  DIHED      =      1746.9458
 1-4 NB =       479.2806  1-4 EEL =      5650.8741  VDWAALS    =     18204.6943
 EELEC  =   -139940.4461  EHBOND  =         0.0000  RESTRAINT  =       352.4105
 EAMBER (non-restraint)  =   -112769.1504
 Ewald error estimate:   0.1201E-03
 ------------------------------------------------------------------------------

 NMR restraints: Bond =    0.000   Angle =     0.000   Torsion =     0.000
===============================================================================

 NSTEP =    18000   TIME(PS) =      36.000  TEMP(K) =   211.29  PRESS =     0.0
 Etot   =    -97882.1027  EKtot   =     14097.0996  EPtot      =   -111979.2023
 BOND   =       313.1571  ANGLE   =       785.1440  DIHED      =      1767.2697
 1-4 NB =       482.4467  1-4 EEL =      5675.0336  VDWAALS    =     17889.4504
 EELEC  =   -139225.5582  EHBOND  =         0.0000  RESTRAINT  =       333.8544
 EAMBER (non-restraint)  =   -112313.0567
 Ewald error estimate:   0.1394E-03
 ------------------------------------------------------------------------------

 NMR restraints: Bond =    0.000   Angle =     0.000   Torsion =     0.000
===============================================================================

 NSTEP =    18500   TIME(PS) =      37.000  TEMP(K) =   218.04  PRESS =     0.0
 Etot   =    -96512.9652  EKtot   =     14547.6944  EPtot      =   -111060.6596
 BOND   =       317.1790  ANGLE   =       818.8136  DIHED      =      1756.1634
 1-4 NB =       498.2312  1-4 EEL =      5646.4849  VDWAALS    =     17359.0681
 EELEC  =   -137810.7995  EHBOND  =         0.0000  RESTRAINT  =       354.1997
 EAMBER (non-restraint)  =   -111414.8594
 Ewald error estimate:   0.1319E-03
 ------------------------------------------------------------------------------

 NMR restraints: Bond =    0.000   Angle =     0.000   Torsion =     0.000
===============================================================================

 NSTEP =    19000   TIME(PS) =      38.000  TEMP(K) =   224.58  PRESS =     0.0
 Etot   =    -95014.9202  EKtot   =     14983.8415  EPtot      =   -109998.7617
 BOND   =       327.7918  ANGLE   =       859.3617  DIHED      =      1761.6528
 1-4 NB =       486.1891  1-4 EEL =      5624.0522  VDWAALS    =     17012.0095
 EELEC  =   -136438.0250  EHBOND  =         0.0000  RESTRAINT  =       368.2062
 EAMBER (non-restraint)  =   -110366.9679
 Ewald error estimate:   0.7246E-05
 ------------------------------------------------------------------------------

 NMR restraints: Bond =    0.000   Angle =     0.000   Torsion =     0.000
===============================================================================

 NSTEP =    19500   TIME(PS) =      39.000  TEMP(K) =   230.12  PRESS =     0.0
 Etot   =    -94260.3684  EKtot   =     15353.4248  EPtot      =   -109613.7932
 BOND   =       331.2514  ANGLE   =       832.4375  DIHED      =      1791.3435
 1-4 NB =       491.7058  1-4 EEL =      5650.5610  VDWAALS    =     16623.0028
 EELEC  =   -135695.9876  EHBOND  =         0.0000  RESTRAINT  =       361.8923
 EAMBER (non-restraint)  =   -109975.6855
 Ewald error estimate:   0.4124E-06
 ------------------------------------------------------------------------------

 NMR restraints: Bond =    0.000   Angle =     0.000   Torsion =     0.000
===============================================================================

 NSTEP =    20000   TIME(PS) =      40.000  TEMP(K) =   234.60  PRESS =     0.0
 Etot   =    -92994.4139  EKtot   =     15652.8237  EPtot      =   -108647.2376
 BOND   =       356.0377  ANGLE   =       886.8260  DIHED      =      1784.2212
 1-4 NB =       485.5404  1-4 EEL =      5657.3685  VDWAALS    =     16452.4117
 EELEC  =   -134636.5125  EHBOND  =         0.0000  RESTRAINT  =       366.8695
 EAMBER (non-restraint)  =   -109014.1071
 Ewald error estimate:   0.1157E-03
 ------------------------------------------------------------------------------

 NMR restraints: Bond =    0.000   Angle =     0.000   Torsion =     0.000
===============================================================================

 NSTEP =    20500   TIME(PS) =      41.000  TEMP(K) =   242.24  PRESS =     0.0
 Etot   =    -91624.1025  EKtot   =     16162.1085  EPtot      =   -107786.2110
 BOND   =       344.3901  ANGLE   =       890.7849  DIHED      =      1795.1560
 1-4 NB =       486.9702  1-4 EEL =      5596.6269  VDWAALS    =     16249.6452
 EELEC  =   -133549.1111  EHBOND  =         0.0000  RESTRAINT  =       399.3268
 EAMBER (non-restraint)  =   -108185.5378
 Ewald error estimate:   0.3403E-04
 ------------------------------------------------------------------------------

 NMR restraints: Bond =    0.000   Angle =     0.000   Torsion =     0.000
===============================================================================

 NSTEP =    21000   TIME(PS) =      42.000  TEMP(K) =   244.89  PRESS =     0.0
 Etot   =    -90582.7423  EKtot   =     16338.8317  EPtot      =   -106921.5740
 BOND   =       362.4684  ANGLE   =       875.3906  DIHED      =      1790.3178
 1-4 NB =       478.7558  1-4 EEL =      5653.8838  VDWAALS    =     15700.0239
 EELEC  =   -132151.3706  EHBOND  =         0.0000  RESTRAINT  =       368.9561
 EAMBER (non-restraint)  =   -107290.5301
 Ewald error estimate:   0.3412E-04
 ------------------------------------------------------------------------------

 NMR restraints: Bond =    0.000   Angle =     0.000   Torsion =     0.000
===============================================================================

 NSTEP =    21500   TIME(PS) =      43.000  TEMP(K) =   254.41  PRESS =     0.0
 Etot   =    -89222.1721  EKtot   =     16974.1850  EPtot      =   -106196.3571
 BOND   =       364.2897  ANGLE   =       910.0738  DIHED      =      1798.5752
 1-4 NB =       500.2627  1-4 EEL =      5646.8052  VDWAALS    =     15737.0767
 EELEC  =   -131548.5153  EHBOND  =         0.0000  RESTRAINT  =       395.0749
 EAMBER (non-restraint)  =   -106591.4320
 Ewald error estimate:   0.5727E-05
 ------------------------------------------------------------------------------

 NMR restraints: Bond =    0.000   Angle =     0.000   Torsion =     0.000
===============================================================================

 NSTEP =    22000   TIME(PS) =      44.000  TEMP(K) =   259.17  PRESS =     0.0
 Etot   =    -88040.4736  EKtot   =     17291.6128  EPtot      =   -105332.0864
 BOND   =       366.4598  ANGLE   =       883.5150  DIHED      =      1794.3732
 1-4 NB =       484.3035  1-4 EEL =      5648.6701  VDWAALS    =     15342.3995
 EELEC  =   -130246.3274  EHBOND  =         0.0000  RESTRAINT  =       394.5198
 EAMBER (non-restraint)  =   -105726.6062
 Ewald error estimate:   0.6351E-05
 ------------------------------------------------------------------------------

 NMR restraints: Bond =    0.000   Angle =     0.000   Torsion =     0.000
===============================================================================

 NSTEP =    22500   TIME(PS) =      45.000  TEMP(K) =   266.85  PRESS =     0.0
 Etot   =    -86576.9748  EKtot   =     17804.3934  EPtot      =   -104381.3682
 BOND   =       361.0917  ANGLE   =       975.0342  DIHED      =      1804.3240
 1-4 NB =       498.8584  1-4 EEL =      5651.7643  VDWAALS    =     14965.5953
 EELEC  =   -129042.8327  EHBOND  =         0.0000  RESTRAINT  =       404.7966
 EAMBER (non-restraint)  =   -104786.1648
 Ewald error estimate:   0.6246E-04
 ------------------------------------------------------------------------------

 NMR restraints: Bond =    0.000   Angle =     0.000   Torsion =     0.000
===============================================================================

 NSTEP =    23000   TIME(PS) =      46.000  TEMP(K) =   272.82  PRESS =     0.0
 Etot   =    -85325.3985  EKtot   =     18202.4210  EPtot      =   -103527.8195
 BOND   =       390.7448  ANGLE   =       934.1880  DIHED      =      1819.1981
 1-4 NB =       492.5347  1-4 EEL =      5619.1260  VDWAALS    =     14705.1174
 EELEC  =   -127885.3102  EHBOND  =         0.0000  RESTRAINT  =       396.5816
 EAMBER (non-restraint)  =   -103924.4011
 Ewald error estimate:   0.7991E-05
 ------------------------------------------------------------------------------

 NMR restraints: Bond =    0.000   Angle =     0.000   Torsion =     0.000
===============================================================================

 NSTEP =    23500   TIME(PS) =      47.000  TEMP(K) =   277.75  PRESS =     0.0
 Etot   =    -84190.3826  EKtot   =     18531.3293  EPtot      =   -102721.7119
 BOND   =       416.3252  ANGLE   =       973.7472  DIHED      =      1830.5444
 1-4 NB =       491.9660  1-4 EEL =      5608.0298  VDWAALS    =     14081.2652
 EELEC  =   -126539.7968  EHBOND  =         0.0000  RESTRAINT  =       416.2071
 EAMBER (non-restraint)  =   -103137.9190
 Ewald error estimate:   0.3437E-04
 ------------------------------------------------------------------------------

 NMR restraints: Bond =    0.000   Angle =     0.000   Torsion =     0.000
===============================================================================

 NSTEP =    24000   TIME(PS) =      48.000  TEMP(K) =   282.49  PRESS =     0.0
 Etot   =    -83059.6789  EKtot   =     18848.0288  EPtot      =   -101907.7077
 BOND   =       395.5484  ANGLE   =       979.0552  DIHED      =      1805.4790
 1-4 NB =       495.6961  1-4 EEL =      5592.6046  VDWAALS    =     13868.9067
 EELEC  =   -125459.7304  EHBOND  =         0.0000  RESTRAINT  =       414.7328
 EAMBER (non-restraint)  =   -102322.4405
 Ewald error estimate:   0.6506E-04
 ------------------------------------------------------------------------------

 NMR restraints: Bond =    0.000   Angle =     0.000   Torsion =     0.000
===============================================================================

 NSTEP =    24500   TIME(PS) =      49.000  TEMP(K) =   285.86  PRESS =     0.0
 Etot   =    -81865.5032  EKtot   =     19072.6631  EPtot      =   -100938.1663
 BOND   =       406.5319  ANGLE   =      1019.9326  DIHED      =      1807.0816
 1-4 NB =       488.3788  1-4 EEL =      5642.6924  VDWAALS    =     13735.8300
 EELEC  =   -124444.0510  EHBOND  =         0.0000  RESTRAINT  =       405.4373
 EAMBER (non-restraint)  =   -101343.6036
 Ewald error estimate:   0.1477E-05
 ------------------------------------------------------------------------------

 NMR restraints: Bond =    0.000   Angle =     0.000   Torsion =     0.000
===============================================================================

 NSTEP =    25000   TIME(PS) =      50.000  TEMP(K) =   294.46  PRESS =     0.0
 Etot   =    -80542.1743  EKtot   =     19646.2480  EPtot      =   -100188.4222
 BOND   =       424.8413  ANGLE   =      1007.1730  DIHED      =      1808.5575
 1-4 NB =       505.2615  1-4 EEL =      5656.2228  VDWAALS    =     13571.0311
 EELEC  =   -123584.1507  EHBOND  =         0.0000  RESTRAINT  =       422.6412
 EAMBER (non-restraint)  =   -100611.0634
 Ewald error estimate:   0.2655E-04
 ------------------------------------------------------------------------------

 NMR restraints: Bond =    0.000   Angle =     0.000   Torsion =     0.000
===============================================================================

      A V E R A G E S   O V E R   25000 S T E P S


 NSTEP =    25000   TIME(PS) =      50.000  TEMP(K) =   148.94  PRESS =     0.0
 Etot   =   -105678.9184  EKtot   =      9936.9996  EPtot      =   -115615.9180
 BOND   =       238.5131  ANGLE   =       641.4205  DIHED      =      1724.9998
 1-4 NB =       473.0657  1-4 EEL =      5653.9933  VDWAALS    =     19527.0139
 EELEC  =   -144200.1667  EHBOND  =         0.0000  RESTRAINT  =       325.2424
 EAMBER (non-restraint)  =   -115941.1604
 Ewald error estimate:   0.2195E-03
 ------------------------------------------------------------------------------

 NMR restraints: Bond =    0.000   Angle =     0.000   Torsion =     0.000
===============================================================================

      R M S  F L U C T U A T I O N S


 NSTEP =    25000   TIME(PS) =      50.000  TEMP(K) =    82.75  PRESS =     0.0
 Etot   =     12404.2259  EKtot   =      5521.3602  EPtot      =      6996.3063
 BOND   =        99.9150  ANGLE   =       217.4223  DIHED      =        53.5828
 1-4 NB =        15.5870  1-4 EEL =        17.3469  VDWAALS    =      2973.1140
 EELEC  =      9559.6313  EHBOND  =         0.0000  RESTRAINT  =        52.3409
 EAMBER (non-restraint)  =      6943.9654
 Ewald error estimate:   0.1230E-03
 ------------------------------------------------------------------------------


 NMR restraints on final step:


--------------------------------------------------------------------------------
   5.  TIMINGS
--------------------------------------------------------------------------------

|                Build the list           258.48 (99.31% of List )
|                Other                      1.80 ( 0.69% of List )
|             List time                260.28 ( 6.10% of Nonbo)
|                   Short_ene time          3265.27 (99.12% of Direc)
|                   Other                     29.10 ( 0.88% of Direc)
|                Direct Ewald time       3294.37 (82.24% of Ewald)
|                Adjust Ewald time         37.51 ( 0.94% of Ewald)
|                   Fill Bspline coeffs       30.61 ( 4.59% of Recip)
|                   Fill charge grid          85.20 (12.77% of Recip)
|                   Scalar sum               107.02 (16.04% of Recip)
|                   Grad sum                 187.58 (28.12% of Recip)
|                   FFT time                 256.62 (38.47% of Recip)
|                   Other                      0.07 ( 0.01% of Recip)
|                Recip Ewald time         667.10 (16.65% of Ewald)
|                Force Adjust               1.14 ( 0.03% of Ewald)
|                Virial junk                1.80 ( 0.04% of Ewald)
|                Other                      3.66 ( 0.09% of Ewald)
|             Ewald time              4005.63 (93.90% of Nonbo)
|          Nonbond force           4265.93 (99.50% of Force)
|          Bond/Angle/Dihedral       20.40 ( 0.48% of Force)
|          Other                      1.01 ( 0.02% of Force)
|       Force time              4287.34 (96.52% of Runmd)
|       Shake time                26.21 ( 0.59% of Runmd)
|       Verlet update time       126.70 ( 2.85% of Runmd)
|       Other                      1.86 ( 0.04% of Runmd)
|    Runmd Time              4442.11 (100.0% of Total)
| Total time              4442.28 (100.0% of ALL  )

| Number of list builds   :       1618

| Highest rstack allocated:    1808591
| Highest istack allocated:      33025

| Final Performance Info:
| -----------------------------------------------------
| Average timings for all steps:
|     Elapsed(s) =    4442.11 Per Step(ms) =     177.68
|         ns/day =       0.97   seconds/ns =   88842.29
| -----------------------------------------------------

|           Job began  at 09:36:28.482  on 08/25/2023
|           Setup done at 09:36:28.649  on 08/25/2023
|           Run   done at 10:50:30.763  on 08/25/2023
|     wallclock() was called 1103337 times
